#-----------------------------------------------------------
# Vivado v2021.1 (64-bit)
# SW Build 3247384 on Thu Jun 10 19:36:33 MDT 2021
# IP Build 3246043 on Fri Jun 11 00:30:35 MDT 2021
# Start of session at: Fri Mar 20 09:55:43 2026
# Process ID: 38620
# Current directory: D:/A_Rada_V1.1/A_Rada_V1.1
# Command line: vivado.exe -gui_launcher_event rodinguilauncherevent3424 D:\A_Rada_V1.1\A_Rada_V1.1\A_Rada_V1.1.xpr
# Log file: D:/A_Rada_V1.1/A_Rada_V1.1/vivado.log
# Journal file: D:/A_Rada_V1.1/A_Rada_V1.1\vivado.jou
#-----------------------------------------------------------
start_gui
open_project D:/A_Rada_V1.1/A_Rada_V1.1/A_Rada_V1.1.xpr
INFO: [Project 1-313] Project file moved from 'D:/A_Rada_V1.1' since last save.
INFO: [filemgmt 56-1] IP Repository Path: Directory not found as 'D:/A_Rada_V1.1/A_Radar/A_Radar/ip_repo/ps_pl_axi4_1.0'; using path 'D:/A_Radar/A_Radar/ip_repo/ps_pl_axi4_1.0' instead.
Scanning sources...
Finished scanning sources
INFO: [IP_Flow 19-234] Refreshing IP repositories
INFO: [IP_Flow 19-1700] Loaded user IP repository 'd:/A_Radar/A_Radar/ip_repo/ps_pl_axi4_1.0'.
INFO: [IP_Flow 19-2313] Loaded Vivado IP repository 'D:/Xilinx/Vivado/2021.1/data/ip'.
update_compile_order -fileset sources_1
update_module_reference system_TOP_0_10
INFO: [IP_Flow 19-5107] Inferred bus interface 'm_axis' of definition 'xilinx.com:interface:axis:1.0' (from Xilinx Repository).
INFO: [IP_Flow 19-5107] Inferred bus interface 'AD_RESET' of definition 'xilinx.com:signal:reset:1.0' (from Xilinx Repository).
INFO: [IP_Flow 19-5107] Inferred bus interface 'ps_clk' of definition 'xilinx.com:signal:clock:1.0' (from Xilinx Repository).
WARNING: [IP_Flow 19-3158] Bus Interface 'm_axis': FREQ_HZ bus parameter missing from AXI interface when interface is not associated to a clock.
WARNING: [IP_Flow 19-5661] Bus Interface 'ps_clk' does not have any bus interfaces associated with it.
INFO: [IP_Flow 19-234] Refreshing IP repositories
INFO: [IP_Flow 19-1700] Loaded user IP repository 'd:/A_Radar/A_Radar/ip_repo/ps_pl_axi4_1.0'.
Reading block design file <D:/A_Rada_V1.1/A_Rada_V1.1/A_Rada_V1.1.srcs/sources_1/bd/system/system.bd>...
Adding component instance block -- xilinx.com:ip:processing_system7:5.5 - processing_system7_0
Adding component instance block -- xilinx.com:ip:xlconcat:2.1 - xlconcat_0
Adding component instance block -- xilinx.com:ip:axi_dma:7.1 - axi_dma_0
Adding component instance block -- xilinx.com:ip:proc_sys_reset:5.0 - rst_ps7_0_100M
Adding component instance block -- xilinx.com:user:ps_pl_axi4:1.0 - ps_pl_axi4_0
Adding component instance block -- xilinx.com:ip:axi_interconnect:2.1 - ps7_0_axi_periph
Adding component instance block -- xilinx.com:ip:axi_crossbar:2.1 - xbar
Adding component instance block -- xilinx.com:ip:axi_protocol_converter:2.1 - auto_pc
Adding component instance block -- xilinx.com:ip:axi_interconnect:2.1 - axi_mem_intercon
Adding component instance block -- xilinx.com:ip:axi_protocol_converter:2.1 - auto_pc
Adding component instance block -- xilinx.com:ip:axis_data_fifo:2.0 - axis_data_fifo_0
Adding component instance block -- xilinx.com:module_ref:TOP:1.0 - TOP_0
Excluding slave segment /processing_system7_0/S_AXI_HP0/HP0_DDR_LOWOCM from address space /processing_system7_0/Data.
Excluding slave segment /processing_system7_0/S_AXI_HP0/HP0_DDR_LOWOCM from address space /processing_system7_0/Data.
Excluding slave segment /axi_dma_0/S_AXI_LITE/Reg from address space /axi_dma_0/Data_S2MM.
Excluding slave segment /ps_pl_axi4_0/S00_AXI/S00_AXI_reg from address space /axi_dma_0/Data_S2MM.
Successfully read diagram <system> from block design file <D:/A_Rada_V1.1/A_Rada_V1.1/A_Rada_V1.1.srcs/sources_1/bd/system/system.bd>
Upgrading 'D:/A_Rada_V1.1/A_Rada_V1.1/A_Rada_V1.1.srcs/sources_1/bd/system/system.bd'
INFO: [IP_Flow 19-1972] Upgraded system_TOP_0_10 from TOP_v1_0 1.0 to TOP_v1_0 1.0
WARNING: [IP_Flow 19-4700] Upgrade has removed port 'clk1_dir'
WARNING: [IP_Flow 19-4700] Upgrade has removed port 'clk2_dir'
WARNING: [IP_Flow 19-4700] Upgrade has removed port 'clk_out'
WARNING: [IP_Flow 19-4698] Upgrade has added port 'clk_dir'
WARNING: [IP_Flow 19-3298] Detected external port differences while upgrading 'system_TOP_0_10'. These changes may impact your design.
CRITICAL WARNING: [BD 41-1167] The pin 'clk_out' is not found on the upgraded version of the cell '/TOP_0'. Its connection to the net 'TOP_0_clk_out' has been removed.
CRITICAL WARNING: [BD 41-1167] The pin 'clk2_dir' is not found on the upgraded version of the cell '/TOP_0'. Its connection to the net 'TOP_0_clk2_dir' has been removed.
CRITICAL WARNING: [BD 41-1167] The pin 'clk1_dir' is not found on the upgraded version of the cell '/TOP_0'. Its connection to the net 'TOP_0_clk1_dir' has been removed.
CRITICAL WARNING: [Coretcl 2-1280] The upgrade of 'system_TOP_0_10' has identified issues that may require user intervention. Please verify that the instance is correctly configured, and review any upgrade messages.
WARNING: [BD 41-597] NET <TOP_0_clk1_dir> has no source
WARNING: [BD 41-597] NET <TOP_0_clk2_dir> has no source
WARNING: [BD 41-597] NET <TOP_0_clk_out> has no source
Wrote  : <D:\A_Rada_V1.1\A_Rada_V1.1\A_Rada_V1.1.srcs\sources_1\bd\system\system.bd> 
Wrote  : <D:/A_Rada_V1.1/A_Rada_V1.1/A_Rada_V1.1.srcs/sources_1/bd/system/ui/bd_c954508f.ui> 
upgrade_ip: Time (s): cpu = 00:00:06 ; elapsed = 00:00:06 . Memory (MB): peak = 1619.160 ; gain = 0.000
update_module_reference: Time (s): cpu = 00:00:06 ; elapsed = 00:00:06 . Memory (MB): peak = 1619.160 ; gain = 0.000
delete_bd_objs [get_bd_nets TOP_0_clk1_dir] [get_bd_ports clk1_dir_0]
delete_bd_objs [get_bd_nets TOP_0_clk_out] [get_bd_ports clk_out_0]
delete_bd_objs [get_bd_nets TOP_0_clk2_dir] [get_bd_ports clk2_dir_0]
startgroup
make_bd_pins_external  [get_bd_pins TOP_0/clk_dir]
endgroup
save_bd_design
Wrote  : <D:\A_Rada_V1.1\A_Rada_V1.1\A_Rada_V1.1.srcs\sources_1\bd\system\system.bd> 
Wrote  : <D:/A_Rada_V1.1/A_Rada_V1.1/A_Rada_V1.1.srcs/sources_1/bd/system/ui/bd_c954508f.ui> 
generate_target all [get_files  D:/A_Rada_V1.1/A_Rada_V1.1/A_Rada_V1.1.srcs/sources_1/bd/system/system.bd]
WARNING: [BD 41-2670] Found an incomplete address path from address space '/axi_dma_0/Data_S2MM' to slave segment '/ps_pl_axi4_0/S00_AXI/S00_AXI_reg'. Please either complete or remove this path to resolve.
WARNING: [BD 41-702] Propagation TCL tries to overwrite USER strength parameter C_M_AXI_S2MM_DATA_WIDTH(64) on '/axi_dma_0' with propagated value(32). Command ignored
WARNING: [BD 41-702] Propagation TCL tries to overwrite USER strength parameter C_M_AXI_S2MM_DATA_WIDTH(64) on '/axi_dma_0' with propagated value(32). Command ignored
WARNING: [BD 41-702] Propagation TCL tries to overwrite USER strength parameter C_M_AXI_S2MM_DATA_WIDTH(64) on '/axi_dma_0' with propagated value(32). Command ignored
WARNING: [BD 41-702] Propagation TCL tries to overwrite USER strength parameter C_M_AXI_S2MM_DATA_WIDTH(64) on '/axi_dma_0' with propagated value(32). Command ignored
WARNING: [BD 41-702] Propagation TCL tries to overwrite USER strength parameter C_M_AXI_S2MM_DATA_WIDTH(64) on '/axi_dma_0' with propagated value(32). Command ignored
WARNING: [BD 41-702] Propagation TCL tries to overwrite USER strength parameter C_M_AXI_S2MM_DATA_WIDTH(64) on '/axi_dma_0' with propagated value(32). Command ignored
WARNING: [BD 41-702] Propagation TCL tries to overwrite USER strength parameter C_M_AXI_S2MM_DATA_WIDTH(64) on '/axi_dma_0' with propagated value(32). Command ignored
Wrote  : <D:\A_Rada_V1.1\A_Rada_V1.1\A_Rada_V1.1.srcs\sources_1\bd\system\system.bd> 
Wrote  : <D:/A_Rada_V1.1/A_Rada_V1.1/A_Rada_V1.1.srcs/sources_1/bd/system/ui/bd_c954508f.ui> 
VHDL Output written to : d:/A_Rada_V1.1/A_Rada_V1.1/A_Rada_V1.1.gen/sources_1/bd/system/synth/system.vhd
VHDL Output written to : d:/A_Rada_V1.1/A_Rada_V1.1/A_Rada_V1.1.gen/sources_1/bd/system/sim/system.vhd
VHDL Output written to : d:/A_Rada_V1.1/A_Rada_V1.1/A_Rada_V1.1.gen/sources_1/bd/system/hdl/system_wrapper.vhd
INFO: [IP_Flow 19-5611] Unable to find an associated reset port for the interface 'M_AXI_GP0'. A default connection has been created.
INFO: [IP_Flow 19-5611] Unable to find an associated reset port for the interface 'S_AXI_HP0'. A default connection has been created.
INFO: [BD 41-1029] Generation completed for the IP Integrator block processing_system7_0 .
INFO: [BD 41-1029] Generation completed for the IP Integrator block axi_dma_0 .
INFO: [BD 41-1029] Generation completed for the IP Integrator block rst_ps7_0_100M .
INFO: [BD 41-1029] Generation completed for the IP Integrator block ps7_0_axi_periph/xbar .
INFO: [BD 41-1029] Generation completed for the IP Integrator block axis_data_fifo_0 .
INFO: [BD 41-1029] Generation completed for the IP Integrator block TOP_0 .
WARNING: [IP_Flow 19-4994] Overwriting existing constraint file 'd:/A_Rada_V1.1/A_Rada_V1.1/A_Rada_V1.1.gen/sources_1/bd/system/ip/system_auto_pc_0/system_auto_pc_0_ooc.xdc'
INFO: [BD 41-1029] Generation completed for the IP Integrator block ps7_0_axi_periph/s00_couplers/auto_pc .
WARNING: [IP_Flow 19-4994] Overwriting existing constraint file 'd:/A_Rada_V1.1/A_Rada_V1.1/A_Rada_V1.1.gen/sources_1/bd/system/ip/system_auto_pc_1/system_auto_pc_1_ooc.xdc'
INFO: [BD 41-1029] Generation completed for the IP Integrator block axi_mem_intercon/s00_couplers/auto_pc .
Exporting to file d:/A_Rada_V1.1/A_Rada_V1.1/A_Rada_V1.1.gen/sources_1/bd/system/hw_handoff/system.hwh
Generated Block Design Tcl file d:/A_Rada_V1.1/A_Rada_V1.1/A_Rada_V1.1.gen/sources_1/bd/system/hw_handoff/system_bd.tcl
Generated Hardware Definition File d:/A_Rada_V1.1/A_Rada_V1.1/A_Rada_V1.1.gen/sources_1/bd/system/synth/system.hwdef
generate_target: Time (s): cpu = 00:00:21 ; elapsed = 00:00:26 . Memory (MB): peak = 1717.215 ; gain = 98.055
catch { config_ip_cache -export [get_ips -all system_processing_system7_0_0] }
catch { config_ip_cache -export [get_ips -all system_axi_dma_0_0] }
catch { config_ip_cache -export [get_ips -all system_rst_ps7_0_100M_0] }
catch { config_ip_cache -export [get_ips -all system_xbar_1] }
catch { config_ip_cache -export [get_ips -all system_axis_data_fifo_0_0] }
catch { config_ip_cache -export [get_ips -all system_TOP_0_10] }
catch { config_ip_cache -export [get_ips -all system_auto_pc_0] }
catch { config_ip_cache -export [get_ips -all system_auto_pc_1] }
export_ip_user_files -of_objects [get_files D:/A_Rada_V1.1/A_Rada_V1.1/A_Rada_V1.1.srcs/sources_1/bd/system/system.bd] -no_script -sync -force -quiet
create_ip_run [get_files -of_objects [get_fileset sources_1] D:/A_Rada_V1.1/A_Rada_V1.1/A_Rada_V1.1.srcs/sources_1/bd/system/system.bd]
launch_runs system_axi_dma_0_0_synth_1 system_xbar_1_synth_1 system_processing_system7_0_0_synth_1 system_rst_ps7_0_100M_0_synth_1 system_axis_data_fifo_0_0_synth_1 system_TOP_0_10_synth_1 system_auto_pc_0_synth_1 system_auto_pc_1_synth_1 -jobs 12
[Fri Mar 20 10:02:23 2026] Launched system_axi_dma_0_0_synth_1, system_xbar_1_synth_1, system_processing_system7_0_0_synth_1, system_rst_ps7_0_100M_0_synth_1, system_axis_data_fifo_0_0_synth_1, system_TOP_0_10_synth_1, system_auto_pc_0_synth_1, system_auto_pc_1_synth_1...
Run output will be captured here:
system_axi_dma_0_0_synth_1: D:/A_Rada_V1.1/A_Rada_V1.1/A_Rada_V1.1.runs/system_axi_dma_0_0_synth_1/runme.log
system_xbar_1_synth_1: D:/A_Rada_V1.1/A_Rada_V1.1/A_Rada_V1.1.runs/system_xbar_1_synth_1/runme.log
system_processing_system7_0_0_synth_1: D:/A_Rada_V1.1/A_Rada_V1.1/A_Rada_V1.1.runs/system_processing_system7_0_0_synth_1/runme.log
system_rst_ps7_0_100M_0_synth_1: D:/A_Rada_V1.1/A_Rada_V1.1/A_Rada_V1.1.runs/system_rst_ps7_0_100M_0_synth_1/runme.log
system_axis_data_fifo_0_0_synth_1: D:/A_Rada_V1.1/A_Rada_V1.1/A_Rada_V1.1.runs/system_axis_data_fifo_0_0_synth_1/runme.log
system_TOP_0_10_synth_1: D:/A_Rada_V1.1/A_Rada_V1.1/A_Rada_V1.1.runs/system_TOP_0_10_synth_1/runme.log
system_auto_pc_0_synth_1: D:/A_Rada_V1.1/A_Rada_V1.1/A_Rada_V1.1.runs/system_auto_pc_0_synth_1/runme.log
system_auto_pc_1_synth_1: D:/A_Rada_V1.1/A_Rada_V1.1/A_Rada_V1.1.runs/system_auto_pc_1_synth_1/runme.log
export_simulation -of_objects [get_files D:/A_Rada_V1.1/A_Rada_V1.1/A_Rada_V1.1.srcs/sources_1/bd/system/system.bd] -directory D:/A_Rada_V1.1/A_Rada_V1.1/A_Rada_V1.1.ip_user_files/sim_scripts -ip_user_files_dir D:/A_Rada_V1.1/A_Rada_V1.1/A_Rada_V1.1.ip_user_files -ipstatic_source_dir D:/A_Rada_V1.1/A_Rada_V1.1/A_Rada_V1.1.ip_user_files/ipstatic -lib_map_path [list {modelsim=D:/A_Rada_V1.1/A_Rada_V1.1/A_Rada_V1.1.cache/compile_simlib/modelsim} {questa=D:/A_Rada_V1.1/A_Rada_V1.1/A_Rada_V1.1.cache/compile_simlib/questa} {riviera=D:/A_Rada_V1.1/A_Rada_V1.1/A_Rada_V1.1.cache/compile_simlib/riviera} {activehdl=D:/A_Rada_V1.1/A_Rada_V1.1/A_Rada_V1.1.cache/compile_simlib/activehdl}] -use_ip_compiled_libs -force -quiet
make_wrapper -files [get_files D:/A_Rada_V1.1/A_Rada_V1.1/A_Rada_V1.1.srcs/sources_1/bd/system/system.bd] -top
reset_run synth_1
reset_run system_TOP_0_10_synth_1
launch_runs impl_1 -to_step write_bitstream -jobs 12
[Fri Mar 20 10:03:24 2026] Launched system_TOP_0_10_synth_1, synth_1...
Run output will be captured here:
system_TOP_0_10_synth_1: D:/A_Rada_V1.1/A_Rada_V1.1/A_Rada_V1.1.runs/system_TOP_0_10_synth_1/runme.log
synth_1: D:/A_Rada_V1.1/A_Rada_V1.1/A_Rada_V1.1.runs/synth_1/runme.log
[Fri Mar 20 10:03:24 2026] Launched impl_1...
Run output will be captured here: D:/A_Rada_V1.1/A_Rada_V1.1/A_Rada_V1.1.runs/impl_1/runme.log
update_module_reference system_TOP_0_10
INFO: [IP_Flow 19-5107] Inferred bus interface 'm_axis' of definition 'xilinx.com:interface:axis:1.0' (from Xilinx Repository).
INFO: [IP_Flow 19-5107] Inferred bus interface 'AD_RESET' of definition 'xilinx.com:signal:reset:1.0' (from Xilinx Repository).
INFO: [IP_Flow 19-5107] Inferred bus interface 'ps_clk' of definition 'xilinx.com:signal:clock:1.0' (from Xilinx Repository).
WARNING: [IP_Flow 19-3158] Bus Interface 'm_axis': FREQ_HZ bus parameter missing from AXI interface when interface is not associated to a clock.
WARNING: [IP_Flow 19-5661] Bus Interface 'ps_clk' does not have any bus interfaces associated with it.
INFO: [IP_Flow 19-234] Refreshing IP repositories
INFO: [IP_Flow 19-1700] Loaded user IP repository 'd:/A_Radar/A_Radar/ip_repo/ps_pl_axi4_1.0'.
Upgrading 'D:/A_Rada_V1.1/A_Rada_V1.1/A_Rada_V1.1.srcs/sources_1/bd/system/system.bd'
INFO: [IP_Flow 19-1972] Upgraded system_TOP_0_10 from TOP_v1_0 1.0 to TOP_v1_0 1.0
Wrote  : <D:\A_Rada_V1.1\A_Rada_V1.1\A_Rada_V1.1.srcs\sources_1\bd\system\system.bd> 
update_module_reference: Time (s): cpu = 00:00:01 ; elapsed = 00:00:07 . Memory (MB): peak = 1757.316 ; gain = 16.117
generate_target all [get_files  D:/A_Rada_V1.1/A_Rada_V1.1/A_Rada_V1.1.srcs/sources_1/bd/system/system.bd]
WARNING: [BD 41-2670] Found an incomplete address path from address space '/axi_dma_0/Data_S2MM' to slave segment '/ps_pl_axi4_0/S00_AXI/S00_AXI_reg'. Please either complete or remove this path to resolve.
WARNING: [BD 41-702] Propagation TCL tries to overwrite USER strength parameter C_M_AXI_S2MM_DATA_WIDTH(64) on '/axi_dma_0' with propagated value(32). Command ignored
WARNING: [BD 41-702] Propagation TCL tries to overwrite USER strength parameter C_M_AXI_S2MM_DATA_WIDTH(64) on '/axi_dma_0' with propagated value(32). Command ignored
WARNING: [BD 41-702] Propagation TCL tries to overwrite USER strength parameter C_M_AXI_S2MM_DATA_WIDTH(64) on '/axi_dma_0' with propagated value(32). Command ignored
WARNING: [BD 41-702] Propagation TCL tries to overwrite USER strength parameter C_M_AXI_S2MM_DATA_WIDTH(64) on '/axi_dma_0' with propagated value(32). Command ignored
WARNING: [BD 41-702] Propagation TCL tries to overwrite USER strength parameter C_M_AXI_S2MM_DATA_WIDTH(64) on '/axi_dma_0' with propagated value(32). Command ignored
WARNING: [BD 41-702] Propagation TCL tries to overwrite USER strength parameter C_M_AXI_S2MM_DATA_WIDTH(64) on '/axi_dma_0' with propagated value(32). Command ignored
WARNING: [BD 41-702] Propagation TCL tries to overwrite USER strength parameter C_M_AXI_S2MM_DATA_WIDTH(64) on '/axi_dma_0' with propagated value(32). Command ignored
Wrote  : <D:\A_Rada_V1.1\A_Rada_V1.1\A_Rada_V1.1.srcs\sources_1\bd\system\system.bd> 
VHDL Output written to : d:/A_Rada_V1.1/A_Rada_V1.1/A_Rada_V1.1.gen/sources_1/bd/system/synth/system.vhd
VHDL Output written to : d:/A_Rada_V1.1/A_Rada_V1.1/A_Rada_V1.1.gen/sources_1/bd/system/sim/system.vhd
VHDL Output written to : d:/A_Rada_V1.1/A_Rada_V1.1/A_Rada_V1.1.gen/sources_1/bd/system/hdl/system_wrapper.vhd
INFO: [BD 41-1029] Generation completed for the IP Integrator block TOP_0 .
WARNING: [IP_Flow 19-4994] Overwriting existing constraint file 'd:/A_Rada_V1.1/A_Rada_V1.1/A_Rada_V1.1.gen/sources_1/bd/system/ip/system_auto_pc_0/system_auto_pc_0_ooc.xdc'
INFO: [BD 41-1029] Generation completed for the IP Integrator block ps7_0_axi_periph/s00_couplers/auto_pc .
WARNING: [IP_Flow 19-4994] Overwriting existing constraint file 'd:/A_Rada_V1.1/A_Rada_V1.1/A_Rada_V1.1.gen/sources_1/bd/system/ip/system_auto_pc_1/system_auto_pc_1_ooc.xdc'
INFO: [BD 41-1029] Generation completed for the IP Integrator block axi_mem_intercon/s00_couplers/auto_pc .
Exporting to file d:/A_Rada_V1.1/A_Rada_V1.1/A_Rada_V1.1.gen/sources_1/bd/system/hw_handoff/system.hwh
Generated Block Design Tcl file d:/A_Rada_V1.1/A_Rada_V1.1/A_Rada_V1.1.gen/sources_1/bd/system/hw_handoff/system_bd.tcl
Generated Hardware Definition File d:/A_Rada_V1.1/A_Rada_V1.1/A_Rada_V1.1.gen/sources_1/bd/system/synth/system.hwdef
generate_target: Time (s): cpu = 00:00:07 ; elapsed = 00:00:06 . Memory (MB): peak = 1775.617 ; gain = 18.301
catch { config_ip_cache -export [get_ips -all system_TOP_0_10] }
catch { config_ip_cache -export [get_ips -all system_auto_pc_0] }
INFO: [IP_Flow 19-4993] Using cached IP synthesis design for IP system_auto_pc_0, cache-ID = 78a48089bf3229a9; cache size = 41.232 MB.
catch { config_ip_cache -export [get_ips -all system_auto_pc_1] }
INFO: [IP_Flow 19-4993] Using cached IP synthesis design for IP system_auto_pc_1, cache-ID = 405be77f7273a522; cache size = 41.232 MB.
export_ip_user_files -of_objects [get_files D:/A_Rada_V1.1/A_Rada_V1.1/A_Rada_V1.1.srcs/sources_1/bd/system/system.bd] -no_script -sync -force -quiet
create_ip_run [get_files -of_objects [get_fileset sources_1] D:/A_Rada_V1.1/A_Rada_V1.1/A_Rada_V1.1.srcs/sources_1/bd/system/system.bd]
launch_runs system_TOP_0_10_synth_1 -jobs 12
[Fri Mar 20 10:05:54 2026] Launched system_TOP_0_10_synth_1...
Run output will be captured here: D:/A_Rada_V1.1/A_Rada_V1.1/A_Rada_V1.1.runs/system_TOP_0_10_synth_1/runme.log
export_simulation -of_objects [get_files D:/A_Rada_V1.1/A_Rada_V1.1/A_Rada_V1.1.srcs/sources_1/bd/system/system.bd] -directory D:/A_Rada_V1.1/A_Rada_V1.1/A_Rada_V1.1.ip_user_files/sim_scripts -ip_user_files_dir D:/A_Rada_V1.1/A_Rada_V1.1/A_Rada_V1.1.ip_user_files -ipstatic_source_dir D:/A_Rada_V1.1/A_Rada_V1.1/A_Rada_V1.1.ip_user_files/ipstatic -lib_map_path [list {modelsim=D:/A_Rada_V1.1/A_Rada_V1.1/A_Rada_V1.1.cache/compile_simlib/modelsim} {questa=D:/A_Rada_V1.1/A_Rada_V1.1/A_Rada_V1.1.cache/compile_simlib/questa} {riviera=D:/A_Rada_V1.1/A_Rada_V1.1/A_Rada_V1.1.cache/compile_simlib/riviera} {activehdl=D:/A_Rada_V1.1/A_Rada_V1.1/A_Rada_V1.1.cache/compile_simlib/activehdl}] -use_ip_compiled_libs -force -quiet
make_wrapper -files [get_files D:/A_Rada_V1.1/A_Rada_V1.1/A_Rada_V1.1.srcs/sources_1/bd/system/system.bd] -top
make_wrapper -files [get_files D:/A_Rada_V1.1/A_Rada_V1.1/A_Rada_V1.1.srcs/sources_1/bd/system/system.bd] -top
reset_run synth_1
launch_runs impl_1 -to_step write_bitstream -jobs 12
[Fri Mar 20 10:07:39 2026] Launched synth_1...
Run output will be captured here: D:/A_Rada_V1.1/A_Rada_V1.1/A_Rada_V1.1.runs/synth_1/runme.log
[Fri Mar 20 10:07:39 2026] Launched impl_1...
Run output will be captured here: D:/A_Rada_V1.1/A_Rada_V1.1/A_Rada_V1.1.runs/impl_1/runme.log
generate_target all [get_files  D:/A_Rada_V1.1/A_Rada_V1.1/A_Rada_V1.1.srcs/sources_1/bd/system/system.bd]
INFO: [BD 41-1637] Generated targets are already up-to-date for block design 'system' - hence not re-generating.
export_ip_user_files -of_objects [get_files D:/A_Rada_V1.1/A_Rada_V1.1/A_Rada_V1.1.srcs/sources_1/bd/system/system.bd] -no_script -sync -force -quiet
create_ip_run [get_files -of_objects [get_fileset sources_1] D:/A_Rada_V1.1/A_Rada_V1.1/A_Rada_V1.1.srcs/sources_1/bd/system/system.bd]
export_simulation -of_objects [get_files D:/A_Rada_V1.1/A_Rada_V1.1/A_Rada_V1.1.srcs/sources_1/bd/system/system.bd] -directory D:/A_Rada_V1.1/A_Rada_V1.1/A_Rada_V1.1.ip_user_files/sim_scripts -ip_user_files_dir D:/A_Rada_V1.1/A_Rada_V1.1/A_Rada_V1.1.ip_user_files -ipstatic_source_dir D:/A_Rada_V1.1/A_Rada_V1.1/A_Rada_V1.1.ip_user_files/ipstatic -lib_map_path [list {modelsim=D:/A_Rada_V1.1/A_Rada_V1.1/A_Rada_V1.1.cache/compile_simlib/modelsim} {questa=D:/A_Rada_V1.1/A_Rada_V1.1/A_Rada_V1.1.cache/compile_simlib/questa} {riviera=D:/A_Rada_V1.1/A_Rada_V1.1/A_Rada_V1.1.cache/compile_simlib/riviera} {activehdl=D:/A_Rada_V1.1/A_Rada_V1.1/A_Rada_V1.1.cache/compile_simlib/activehdl}] -use_ip_compiled_libs -force -quiet
make_wrapper -files [get_files D:/A_Rada_V1.1/A_Rada_V1.1/A_Rada_V1.1.srcs/sources_1/bd/system/system.bd] -top
reset_run synth_1
launch_runs impl_1 -to_step write_bitstream -jobs 12
[Fri Mar 20 10:12:12 2026] Launched synth_1...
Run output will be captured here: D:/A_Rada_V1.1/A_Rada_V1.1/A_Rada_V1.1.runs/synth_1/runme.log
[Fri Mar 20 10:12:12 2026] Launched impl_1...
Run output will be captured here: D:/A_Rada_V1.1/A_Rada_V1.1/A_Rada_V1.1.runs/impl_1/runme.log
exit
INFO: [Common 17-206] Exiting Vivado at Fri Mar 20 10:15:55 2026...
