#-----------------------------------------------------------
# Vivado v2021.1 (64-bit)
# SW Build 3247384 on Thu Jun 10 19:36:33 MDT 2021
# IP Build 3246043 on Fri Jun 11 00:30:35 MDT 2021
# Start of session at: Fri Mar 20 10:28:43 2026
# Process ID: 19560
# Current directory: D:/A_Rada_V1.1/A_Rada_V1.1
# Command line: vivado.exe -gui_launcher_event rodinguilauncherevent41596 D:\A_Rada_V1.1\A_Rada_V1.1\A_Rada_V1.1.xpr
# Log file: D:/A_Rada_V1.1/A_Rada_V1.1/vivado.log
# Journal file: D:/A_Rada_V1.1/A_Rada_V1.1\vivado.jou
#-----------------------------------------------------------
start_gui
open_project D:/A_Rada_V1.1/A_Rada_V1.1/A_Rada_V1.1.xpr
Scanning sources...
Finished scanning sources
INFO: [IP_Flow 19-234] Refreshing IP repositories
INFO: [IP_Flow 19-1700] Loaded user IP repository 'd:/A_Radar/A_Radar/ip_repo/ps_pl_axi4_1.0'.
INFO: [IP_Flow 19-2313] Loaded Vivado IP repository 'D:/Xilinx/Vivado/2021.1/data/ip'.
open_bd_design {D:/A_Rada_V1.1/A_Rada_V1.1/A_Rada_V1.1.srcs/sources_1/bd/system/system.bd}
Reading block design file <D:/A_Rada_V1.1/A_Rada_V1.1/A_Rada_V1.1.srcs/sources_1/bd/system/system.bd>...
Adding component instance block -- xilinx.com:ip:processing_system7:5.5 - processing_system7_0
Adding component instance block -- xilinx.com:ip:xlconcat:2.1 - xlconcat_0
Adding component instance block -- xilinx.com:ip:axi_dma:7.1 - axi_dma_0
Adding component instance block -- xilinx.com:ip:proc_sys_reset:5.0 - rst_ps7_0_100M
Adding component instance block -- xilinx.com:user:ps_pl_axi4:1.0 - ps_pl_axi4_0
Adding component instance block -- xilinx.com:ip:axi_interconnect:2.1 - ps7_0_axi_periph
Adding component instance block -- xilinx.com:ip:axi_crossbar:2.1 - xbar
Adding component instance block -- xilinx.com:ip:axi_protocol_converter:2.1 - auto_pc
Adding component instance block -- xilinx.com:ip:axi_interconnect:2.1 - axi_mem_intercon
Adding component instance block -- xilinx.com:ip:axi_protocol_converter:2.1 - auto_pc
Adding component instance block -- xilinx.com:ip:axis_data_fifo:2.0 - axis_data_fifo_0
Adding component instance block -- xilinx.com:module_ref:TOP:1.0 - TOP_0
Excluding slave segment /processing_system7_0/S_AXI_HP0/HP0_DDR_LOWOCM from address space /processing_system7_0/Data.
Excluding slave segment /processing_system7_0/S_AXI_HP0/HP0_DDR_LOWOCM from address space /processing_system7_0/Data.
Excluding slave segment /axi_dma_0/S_AXI_LITE/Reg from address space /axi_dma_0/Data_S2MM.
Excluding slave segment /ps_pl_axi4_0/S00_AXI/S00_AXI_reg from address space /axi_dma_0/Data_S2MM.
Successfully read diagram <system> from block design file <D:/A_Rada_V1.1/A_Rada_V1.1/A_Rada_V1.1.srcs/sources_1/bd/system/system.bd>
validate_bd_design -force
WARNING: [BD 41-2670] Found an incomplete address path from address space '/axi_dma_0/Data_S2MM' to slave segment '/ps_pl_axi4_0/S00_AXI/S00_AXI_reg'. Please either complete or remove this path to resolve.
WARNING: [BD 41-702] Propagation TCL tries to overwrite USER strength parameter C_M_AXI_S2MM_DATA_WIDTH(64) on '/axi_dma_0' with propagated value(32). Command ignored
update_compile_order -fileset sources_1
generate_target all [get_files  D:/A_Rada_V1.1/A_Rada_V1.1/A_Rada_V1.1.srcs/sources_1/bd/system/system.bd]
INFO: [BD 41-1662] The design 'system.bd' is already validated. Therefore parameter propagation will not be re-run.
Wrote  : <D:\A_Rada_V1.1\A_Rada_V1.1\A_Rada_V1.1.srcs\sources_1\bd\system\system.bd> 
Wrote  : <D:/A_Rada_V1.1/A_Rada_V1.1/A_Rada_V1.1.srcs/sources_1/bd/system/ui/bd_c954508f.ui> 
VHDL Output written to : d:/A_Rada_V1.1/A_Rada_V1.1/A_Rada_V1.1.gen/sources_1/bd/system/synth/system.vhd
VHDL Output written to : d:/A_Rada_V1.1/A_Rada_V1.1/A_Rada_V1.1.gen/sources_1/bd/system/sim/system.vhd
VHDL Output written to : d:/A_Rada_V1.1/A_Rada_V1.1/A_Rada_V1.1.gen/sources_1/bd/system/hdl/system_wrapper.vhd
WARNING: [IP_Flow 19-4994] Overwriting existing constraint file 'd:/A_Rada_V1.1/A_Rada_V1.1/A_Rada_V1.1.gen/sources_1/bd/system/ip/system_auto_pc_0/system_auto_pc_0_ooc.xdc'
INFO: [BD 41-1029] Generation completed for the IP Integrator block ps7_0_axi_periph/s00_couplers/auto_pc .
WARNING: [IP_Flow 19-4994] Overwriting existing constraint file 'd:/A_Rada_V1.1/A_Rada_V1.1/A_Rada_V1.1.gen/sources_1/bd/system/ip/system_auto_pc_1/system_auto_pc_1_ooc.xdc'
INFO: [BD 41-1029] Generation completed for the IP Integrator block axi_mem_intercon/s00_couplers/auto_pc .
Exporting to file d:/A_Rada_V1.1/A_Rada_V1.1/A_Rada_V1.1.gen/sources_1/bd/system/hw_handoff/system.hwh
Generated Block Design Tcl file d:/A_Rada_V1.1/A_Rada_V1.1/A_Rada_V1.1.gen/sources_1/bd/system/hw_handoff/system_bd.tcl
Generated Hardware Definition File d:/A_Rada_V1.1/A_Rada_V1.1/A_Rada_V1.1.gen/sources_1/bd/system/synth/system.hwdef
catch { config_ip_cache -export [get_ips -all system_auto_pc_0] }
INFO: [IP_Flow 19-4993] Using cached IP synthesis design for IP system_auto_pc_0, cache-ID = 78a48089bf3229a9; cache size = 48.986 MB.
catch { config_ip_cache -export [get_ips -all system_auto_pc_1] }
INFO: [IP_Flow 19-4993] Using cached IP synthesis design for IP system_auto_pc_1, cache-ID = 405be77f7273a522; cache size = 48.986 MB.
export_ip_user_files -of_objects [get_files D:/A_Rada_V1.1/A_Rada_V1.1/A_Rada_V1.1.srcs/sources_1/bd/system/system.bd] -no_script -sync -force -quiet
create_ip_run [get_files -of_objects [get_fileset sources_1] D:/A_Rada_V1.1/A_Rada_V1.1/A_Rada_V1.1.srcs/sources_1/bd/system/system.bd]
export_simulation -of_objects [get_files D:/A_Rada_V1.1/A_Rada_V1.1/A_Rada_V1.1.srcs/sources_1/bd/system/system.bd] -directory D:/A_Rada_V1.1/A_Rada_V1.1/A_Rada_V1.1.ip_user_files/sim_scripts -ip_user_files_dir D:/A_Rada_V1.1/A_Rada_V1.1/A_Rada_V1.1.ip_user_files -ipstatic_source_dir D:/A_Rada_V1.1/A_Rada_V1.1/A_Rada_V1.1.ip_user_files/ipstatic -lib_map_path [list {modelsim=D:/A_Rada_V1.1/A_Rada_V1.1/A_Rada_V1.1.cache/compile_simlib/modelsim} {questa=D:/A_Rada_V1.1/A_Rada_V1.1/A_Rada_V1.1.cache/compile_simlib/questa} {riviera=D:/A_Rada_V1.1/A_Rada_V1.1/A_Rada_V1.1.cache/compile_simlib/riviera} {activehdl=D:/A_Rada_V1.1/A_Rada_V1.1/A_Rada_V1.1.cache/compile_simlib/activehdl}] -use_ip_compiled_libs -force -quiet
make_wrapper -files [get_files D:/A_Rada_V1.1/A_Rada_V1.1/A_Rada_V1.1.srcs/sources_1/bd/system/system.bd] -top
reset_run synth_1
launch_runs impl_1 -to_step write_bitstream -jobs 12
[Fri Mar 20 10:29:39 2026] Launched synth_1...
Run output will be captured here: D:/A_Rada_V1.1/A_Rada_V1.1/A_Rada_V1.1.runs/synth_1/runme.log
[Fri Mar 20 10:29:39 2026] Launched impl_1...
Run output will be captured here: D:/A_Rada_V1.1/A_Rada_V1.1/A_Rada_V1.1.runs/impl_1/runme.log
write_hw_platform -fixed -include_bit -force -file D:/A_Rada_V1.1/A_Rada_V1.1/vitis/system_wrapper.xsa
INFO: [Vivado 12-4895] Creating Hardware Platform: D:/A_Rada_V1.1/A_Rada_V1.1/vitis/system_wrapper.xsa ...
INFO: [Hsi 55-2053] elapsed time for repository (D:/Xilinx/Vivado/2021.1/data/embeddedsw) loading 1 seconds
INFO: [Vivado 12-12464] The Hardware Platform can be used for Hardware
INFO: [Vivado 12-4896] Successfully created Hardware Platform: D:/A_Rada_V1.1/A_Rada_V1.1/vitis/system_wrapper.xsa
exit
INFO: [Common 17-206] Exiting Vivado at Fri Mar 20 10:32:54 2026...
