#-----------------------------------------------------------
# Vivado v2021.1 (64-bit)
# SW Build 3247384 on Thu Jun 10 19:36:33 MDT 2021
# IP Build 3246043 on Fri Jun 11 00:30:35 MDT 2021
# Start of session at: Thu Mar 19 09:22:58 2026
# Process ID: 56204
# Current directory: D:/HSC/HSC
# Command line: vivado.exe -gui_launcher_event rodinguilauncherevent23068 D:\HSC\HSC\HSC.xpr
# Log file: D:/HSC/HSC/vivado.log
# Journal file: D:/HSC/HSC\vivado.jou
#-----------------------------------------------------------
start_gui
open_project D:/HSC/HSC/HSC.xpr
INFO: [Project 1-313] Project file moved from 'D:/ASUS-PC/Desktop/temporary/HSC' since last save.
Scanning sources...
Finished scanning sources
INFO: [IP_Flow 19-234] Refreshing IP repositories
INFO: [IP_Flow 19-1700] Loaded user IP repository 'd:/HSC/HSC/ip_repo/ps_pl_axi4_1.0'.
INFO: [IP_Flow 19-2313] Loaded Vivado IP repository 'D:/Xilinx/Vivado/2021.1/data/ip'.
open_project: Time (s): cpu = 00:00:14 ; elapsed = 00:00:06 . Memory (MB): peak = 1627.730 ; gain = 0.000
update_compile_order -fileset sources_1
update_module_reference system_TOP_0_1
INFO: [IP_Flow 19-5107] Inferred bus interface 'm_axis' of definition 'xilinx.com:interface:axis:1.0' (from Xilinx Repository).
INFO: [IP_Flow 19-5107] Inferred bus interface 'AD_RESET' of definition 'xilinx.com:signal:reset:1.0' (from Xilinx Repository).
INFO: [IP_Flow 19-5107] Inferred bus interface 'ps_clk' of definition 'xilinx.com:signal:clock:1.0' (from Xilinx Repository).
WARNING: [IP_Flow 19-3158] Bus Interface 'm_axis': FREQ_HZ bus parameter missing from AXI interface when interface is not associated to a clock.
WARNING: [IP_Flow 19-5661] Bus Interface 'ps_clk' does not have any bus interfaces associated with it.
INFO: [IP_Flow 19-234] Refreshing IP repositories
INFO: [IP_Flow 19-1700] Loaded user IP repository 'd:/HSC/HSC/ip_repo/ps_pl_axi4_1.0'.
Reading block design file <D:/HSC/HSC/HSC.srcs/sources_1/bd/system/system.bd>...
Adding component instance block -- xilinx.com:ip:processing_system7:5.5 - processing_system7_0
Adding component instance block -- xilinx.com:ip:xlconcat:2.1 - xlconcat_0
Adding component instance block -- xilinx.com:ip:axi_dma:7.1 - axi_dma_0
Adding component instance block -- xilinx.com:ip:proc_sys_reset:5.0 - rst_ps7_0_100M
Adding component instance block -- xilinx.com:user:ps_pl_axi4:1.0 - ps_pl_axi4_0
Adding component instance block -- xilinx.com:ip:axi_interconnect:2.1 - ps7_0_axi_periph
Adding component instance block -- xilinx.com:ip:axi_crossbar:2.1 - xbar
Adding component instance block -- xilinx.com:ip:axi_protocol_converter:2.1 - auto_pc
Adding component instance block -- xilinx.com:ip:axi_interconnect:2.1 - axi_mem_intercon
Adding component instance block -- xilinx.com:ip:axi_protocol_converter:2.1 - auto_pc
Adding component instance block -- xilinx.com:ip:axis_data_fifo:2.0 - axis_data_fifo_0
Adding component instance block -- xilinx.com:module_ref:TOP:1.0 - TOP_0
Excluding slave segment /processing_system7_0/S_AXI_HP0/HP0_DDR_LOWOCM from address space /processing_system7_0/Data.
Excluding slave segment /processing_system7_0/S_AXI_HP0/HP0_DDR_LOWOCM from address space /processing_system7_0/Data.
Excluding slave segment /axi_dma_0/S_AXI_LITE/Reg from address space /axi_dma_0/Data_S2MM.
Excluding slave segment /ps_pl_axi4_0/S00_AXI/S00_AXI_reg from address space /axi_dma_0/Data_S2MM.
Successfully read diagram <system> from block design file <D:/HSC/HSC/HSC.srcs/sources_1/bd/system/system.bd>
Upgrading 'D:/HSC/HSC/HSC.srcs/sources_1/bd/system/system.bd'
INFO: [IP_Flow 19-1972] Upgraded system_TOP_0_1 from TOP_v1_0 1.0 to TOP_v1_0 1.0
Wrote  : <D:\HSC\HSC\HSC.srcs\sources_1\bd\system\system.bd> 
Wrote  : <D:/HSC/HSC/HSC.srcs/sources_1/bd/system/ui/bd_c954508f.ui> 
upgrade_ip: Time (s): cpu = 00:00:06 ; elapsed = 00:00:06 . Memory (MB): peak = 1627.730 ; gain = 0.000
update_module_reference: Time (s): cpu = 00:00:06 ; elapsed = 00:00:06 . Memory (MB): peak = 1627.730 ; gain = 0.000
generate_target all [get_files  D:/HSC/HSC/HSC.srcs/sources_1/bd/system/system.bd]
WARNING: [BD 41-2670] Found an incomplete address path from address space '/axi_dma_0/Data_S2MM' to slave segment '/ps_pl_axi4_0/S00_AXI/S00_AXI_reg'. Please either complete or remove this path to resolve.
WARNING: [BD 41-702] Propagation TCL tries to overwrite USER strength parameter C_M_AXI_S2MM_DATA_WIDTH(64) on '/axi_dma_0' with propagated value(32). Command ignored
WARNING: [BD 41-702] Propagation TCL tries to overwrite USER strength parameter C_M_AXI_S2MM_DATA_WIDTH(64) on '/axi_dma_0' with propagated value(32). Command ignored
WARNING: [BD 41-702] Propagation TCL tries to overwrite USER strength parameter C_M_AXI_S2MM_DATA_WIDTH(64) on '/axi_dma_0' with propagated value(32). Command ignored
WARNING: [BD 41-702] Propagation TCL tries to overwrite USER strength parameter C_M_AXI_S2MM_DATA_WIDTH(64) on '/axi_dma_0' with propagated value(32). Command ignored
WARNING: [BD 41-702] Propagation TCL tries to overwrite USER strength parameter C_M_AXI_S2MM_DATA_WIDTH(64) on '/axi_dma_0' with propagated value(32). Command ignored
WARNING: [BD 41-702] Propagation TCL tries to overwrite USER strength parameter C_M_AXI_S2MM_DATA_WIDTH(64) on '/axi_dma_0' with propagated value(32). Command ignored
WARNING: [BD 41-702] Propagation TCL tries to overwrite USER strength parameter C_M_AXI_S2MM_DATA_WIDTH(64) on '/axi_dma_0' with propagated value(32). Command ignored
Wrote  : <D:\HSC\HSC\HSC.srcs\sources_1\bd\system\system.bd> 
Wrote  : <D:/HSC/HSC/HSC.srcs/sources_1/bd/system/ui/bd_c954508f.ui> 
VHDL Output written to : d:/HSC/HSC/HSC.gen/sources_1/bd/system/synth/system.vhd
VHDL Output written to : d:/HSC/HSC/HSC.gen/sources_1/bd/system/sim/system.vhd
VHDL Output written to : d:/HSC/HSC/HSC.gen/sources_1/bd/system/hdl/system_wrapper.vhd
INFO: [BD 41-1029] Generation completed for the IP Integrator block TOP_0 .
WARNING: [IP_Flow 19-4994] Overwriting existing constraint file 'd:/HSC/HSC/HSC.gen/sources_1/bd/system/ip/system_auto_pc_0/system_auto_pc_0_ooc.xdc'
INFO: [BD 41-1029] Generation completed for the IP Integrator block ps7_0_axi_periph/s00_couplers/auto_pc .
WARNING: [IP_Flow 19-4994] Overwriting existing constraint file 'd:/HSC/HSC/HSC.gen/sources_1/bd/system/ip/system_auto_pc_1/system_auto_pc_1_ooc.xdc'
INFO: [BD 41-1029] Generation completed for the IP Integrator block axi_mem_intercon/s00_couplers/auto_pc .
Exporting to file d:/HSC/HSC/HSC.gen/sources_1/bd/system/hw_handoff/system.hwh
Generated Block Design Tcl file d:/HSC/HSC/HSC.gen/sources_1/bd/system/hw_handoff/system_bd.tcl
Generated Hardware Definition File d:/HSC/HSC/HSC.gen/sources_1/bd/system/synth/system.hwdef
generate_target: Time (s): cpu = 00:00:08 ; elapsed = 00:00:13 . Memory (MB): peak = 1627.730 ; gain = 0.000
catch { config_ip_cache -export [get_ips -all system_auto_pc_0] }
INFO: [IP_Flow 19-4993] Using cached IP synthesis design for IP system_auto_pc_0, cache-ID = 45f42ed80a18c646; cache size = 48.042 MB.
catch { config_ip_cache -export [get_ips -all system_auto_pc_1] }
INFO: [IP_Flow 19-4993] Using cached IP synthesis design for IP system_auto_pc_1, cache-ID = a15f75f95121eebb; cache size = 48.042 MB.
export_ip_user_files -of_objects [get_files D:/HSC/HSC/HSC.srcs/sources_1/bd/system/system.bd] -no_script -sync -force -quiet
create_ip_run [get_files -of_objects [get_fileset sources_1] D:/HSC/HSC/HSC.srcs/sources_1/bd/system/system.bd]
launch_runs system_TOP_0_1_synth_1 -jobs 12
[Thu Mar 19 09:26:43 2026] Launched system_TOP_0_1_synth_1...
Run output will be captured here: D:/HSC/HSC/HSC.runs/system_TOP_0_1_synth_1/runme.log
export_simulation -of_objects [get_files D:/HSC/HSC/HSC.srcs/sources_1/bd/system/system.bd] -directory D:/HSC/HSC/HSC.ip_user_files/sim_scripts -ip_user_files_dir D:/HSC/HSC/HSC.ip_user_files -ipstatic_source_dir D:/HSC/HSC/HSC.ip_user_files/ipstatic -lib_map_path [list {modelsim=D:/HSC/HSC/HSC.cache/compile_simlib/modelsim} {questa=D:/HSC/HSC/HSC.cache/compile_simlib/questa} {riviera=D:/HSC/HSC/HSC.cache/compile_simlib/riviera} {activehdl=D:/HSC/HSC/HSC.cache/compile_simlib/activehdl}] -use_ip_compiled_libs -force -quiet
make_wrapper -files [get_files D:/HSC/HSC/HSC.srcs/sources_1/bd/system/system.bd] -top
reset_run synth_1
launch_runs impl_1 -to_step write_bitstream -jobs 12
[Thu Mar 19 09:28:19 2026] Launched synth_1...
Run output will be captured here: D:/HSC/HSC/HSC.runs/synth_1/runme.log
[Thu Mar 19 09:28:19 2026] Launched impl_1...
Run output will be captured here: D:/HSC/HSC/HSC.runs/impl_1/runme.log
exit
INFO: [Common 17-206] Exiting Vivado at Thu Mar 19 09:31:37 2026...
