#-----------------------------------------------------------
# Vivado v2021.1.1 (64-bit)
# SW Build 3286242 on Wed Jul 28 13:10:47 MDT 2021
# IP Build 3279568 on Wed Jul 28 16:48:48 MDT 2021
# Start of session at: Thu Mar 19 14:06:38 2026
# Process ID: 135572
# Current directory: D:/ASUS-PC/Desktop/temporary/HSC
# Command line: vivado.exe -gui_launcher_event rodinguilauncherevent85508 D:\ASUS-PC\Desktop\temporary\HSC\HSC.xpr
# Log file: D:/ASUS-PC/Desktop/temporary/HSC/vivado.log
# Journal file: D:/ASUS-PC/Desktop/temporary/HSC\vivado.jou
#-----------------------------------------------------------
start_gui
open_project D:/ASUS-PC/Desktop/temporary/HSC/HSC.xpr
INFO: [Project 1-313] Project file moved from 'D:/HSC/HSC' since last save.
Scanning sources...
Finished scanning sources
INFO: [IP_Flow 19-234] Refreshing IP repositories
INFO: [IP_Flow 19-1700] Loaded user IP repository 'd:/ASUS-PC/Desktop/temporary/HSC/ip_repo/ps_pl_axi4_1.0'.
INFO: [IP_Flow 19-2313] Loaded Vivado IP repository 'E:/Xilinx2021/Vivado/2021.1/data/ip'.
open_project: Time (s): cpu = 00:00:10 ; elapsed = 00:00:05 . Memory (MB): peak = 1283.586 ; gain = 0.000
update_compile_order -fileset sources_1
save_project_as 2243 D:/ASUS-PC/Desktop/temporary/2243 -exclude_run_results -force
INFO: [IP_Flow 19-5107] Inferred bus interface 'm_axis' of definition 'xilinx.com:interface:axis:1.0' (from Xilinx Repository).
INFO: [IP_Flow 19-5107] Inferred bus interface 'AD_RESET' of definition 'xilinx.com:signal:reset:1.0' (from Xilinx Repository).
INFO: [IP_Flow 19-5107] Inferred bus interface 'ps_clk' of definition 'xilinx.com:signal:clock:1.0' (from Xilinx Repository).
WARNING: [IP_Flow 19-3158] Bus Interface 'm_axis': FREQ_HZ bus parameter missing from AXI interface when interface is not associated to a clock.
WARNING: [IP_Flow 19-5661] Bus Interface 'ps_clk' does not have any bus interfaces associated with it.
INFO: [IP_Flow 19-234] Refreshing IP repositories
INFO: [IP_Flow 19-1700] Loaded user IP repository 'd:/ASUS-PC/Desktop/temporary/HSC/ip_repo/ps_pl_axi4_1.0'.
INFO: [Coretcl 2-133] re-setting run 'synth_1'...
WARNING: [Coretcl 2-98] Problems encountered while resetting run:
1. Failed to delete one or more files in run directory D:/ASUS-PC/Desktop/temporary/2243/2243.runs/synth_1

INFO: [Coretcl 2-133] re-setting run 'system_axi_dma_0_0_synth_1'...
WARNING: [Coretcl 2-98] Problems encountered while resetting run:
1. Failed to delete one or more files in run directory D:/ASUS-PC/Desktop/temporary/2243/2243.runs/system_axi_dma_0_0_synth_1

INFO: [Coretcl 2-133] re-setting run 'system_ps_pl_axi4_0_0_synth_1'...
WARNING: [Coretcl 2-98] Problems encountered while resetting run:
1. Failed to delete one or more files in run directory D:/ASUS-PC/Desktop/temporary/2243/2243.runs/system_ps_pl_axi4_0_0_synth_1

INFO: [Coretcl 2-133] re-setting run 'system_xbar_1_synth_1'...
WARNING: [Coretcl 2-98] Problems encountered while resetting run:
1. Failed to delete one or more files in run directory D:/ASUS-PC/Desktop/temporary/2243/2243.runs/system_xbar_1_synth_1

INFO: [Coretcl 2-133] re-setting run 'synth_1_copy_1'...
INFO: [Coretcl 2-133] re-setting run 'system_processing_system7_0_0_synth_1'...
WARNING: [Coretcl 2-98] Problems encountered while resetting run:
1. Failed to delete one or more files in run directory D:/ASUS-PC/Desktop/temporary/2243/2243.runs/system_processing_system7_0_0_synth_1

INFO: [Coretcl 2-133] re-setting run 'system_rst_ps7_0_100M_0_synth_1'...
WARNING: [Coretcl 2-98] Problems encountered while resetting run:
1. Failed to delete one or more files in run directory D:/ASUS-PC/Desktop/temporary/2243/2243.runs/system_rst_ps7_0_100M_0_synth_1

INFO: [Coretcl 2-133] re-setting run 'system_axis_data_fifo_0_0_synth_1'...
WARNING: [Coretcl 2-98] Problems encountered while resetting run:
1. Failed to delete one or more files in run directory D:/ASUS-PC/Desktop/temporary/2243/2243.runs/system_axis_data_fifo_0_0_synth_1

INFO: [Coretcl 2-133] re-setting run 'system_TOP_0_1_synth_1'...
WARNING: [Coretcl 2-98] Problems encountered while resetting run:
1. Failed to delete one or more files in run directory D:/ASUS-PC/Desktop/temporary/2243/2243.runs/system_TOP_0_1_synth_1

INFO: [Coretcl 2-133] re-setting run 'impl_1'...
INFO: [Coretcl 2-133] re-setting run 'system_axi_dma_0_0_impl_1'...
INFO: [Coretcl 2-133] re-setting run 'system_ps_pl_axi4_0_0_impl_1'...
INFO: [Coretcl 2-133] re-setting run 'system_xbar_1_impl_1'...
INFO: [Coretcl 2-133] re-setting run 'system_processing_system7_0_0_impl_1'...
INFO: [Coretcl 2-133] re-setting run 'system_rst_ps7_0_100M_0_impl_1'...
INFO: [Coretcl 2-133] re-setting run 'system_axis_data_fifo_0_0_impl_1'...
INFO: [Coretcl 2-133] re-setting run 'system_TOP_0_1_impl_1'...
open_bd_design {D:/ASUS-PC/Desktop/temporary/2243/2243.srcs/sources_1/bd/system/system.bd}
Reading block design file <D:/ASUS-PC/Desktop/temporary/2243/2243.srcs/sources_1/bd/system/system.bd>...
Adding component instance block -- xilinx.com:ip:processing_system7:5.5 - processing_system7_0
Adding component instance block -- xilinx.com:ip:xlconcat:2.1 - xlconcat_0
Adding component instance block -- xilinx.com:ip:axi_dma:7.1 - axi_dma_0
Adding component instance block -- xilinx.com:ip:proc_sys_reset:5.0 - rst_ps7_0_100M
Adding component instance block -- xilinx.com:user:ps_pl_axi4:1.0 - ps_pl_axi4_0
Adding component instance block -- xilinx.com:ip:axi_interconnect:2.1 - ps7_0_axi_periph
Adding component instance block -- xilinx.com:ip:axi_crossbar:2.1 - xbar
Adding component instance block -- xilinx.com:ip:axi_protocol_converter:2.1 - auto_pc
Adding component instance block -- xilinx.com:ip:axi_interconnect:2.1 - axi_mem_intercon
Adding component instance block -- xilinx.com:ip:axi_protocol_converter:2.1 - auto_pc
Adding component instance block -- xilinx.com:ip:axis_data_fifo:2.0 - axis_data_fifo_0
Adding component instance block -- xilinx.com:module_ref:TOP:1.0 - TOP_0
Excluding slave segment /processing_system7_0/S_AXI_HP0/HP0_DDR_LOWOCM from address space /processing_system7_0/Data.
Excluding slave segment /processing_system7_0/S_AXI_HP0/HP0_DDR_LOWOCM from address space /processing_system7_0/Data.
Excluding slave segment /axi_dma_0/S_AXI_LITE/Reg from address space /axi_dma_0/Data_S2MM.
Excluding slave segment /ps_pl_axi4_0/S00_AXI/S00_AXI_reg from address space /axi_dma_0/Data_S2MM.
Successfully read diagram <system> from block design file <D:/ASUS-PC/Desktop/temporary/2243/2243.srcs/sources_1/bd/system/system.bd>
generate_target all [get_files  D:/ASUS-PC/Desktop/temporary/2243/2243.srcs/sources_1/bd/system/system.bd]
INFO: [BD 41-1637] Generated targets are already up-to-date for block design 'system' - hence not re-generating.
export_ip_user_files -of_objects [get_files D:/ASUS-PC/Desktop/temporary/2243/2243.srcs/sources_1/bd/system/system.bd] -no_script -sync -force -quiet
create_ip_run [get_files -of_objects [get_fileset sources_1] D:/ASUS-PC/Desktop/temporary/2243/2243.srcs/sources_1/bd/system/system.bd]
launch_runs system_axi_dma_0_0_synth_1 system_ps_pl_axi4_0_0_synth_1 system_xbar_1_synth_1 system_processing_system7_0_0_synth_1 system_rst_ps7_0_100M_0_synth_1 system_axis_data_fifo_0_0_synth_1 system_TOP_0_1_synth_1 -jobs 28
[Thu Mar 19 14:07:51 2026] Launched system_axi_dma_0_0_synth_1, system_ps_pl_axi4_0_0_synth_1, system_xbar_1_synth_1, system_processing_system7_0_0_synth_1, system_rst_ps7_0_100M_0_synth_1, system_axis_data_fifo_0_0_synth_1, system_TOP_0_1_synth_1...
Run output will be captured here:
system_axi_dma_0_0_synth_1: D:/ASUS-PC/Desktop/temporary/2243/2243.runs/system_axi_dma_0_0_synth_1/runme.log
system_ps_pl_axi4_0_0_synth_1: D:/ASUS-PC/Desktop/temporary/2243/2243.runs/system_ps_pl_axi4_0_0_synth_1/runme.log
system_xbar_1_synth_1: D:/ASUS-PC/Desktop/temporary/2243/2243.runs/system_xbar_1_synth_1/runme.log
system_processing_system7_0_0_synth_1: D:/ASUS-PC/Desktop/temporary/2243/2243.runs/system_processing_system7_0_0_synth_1/runme.log
system_rst_ps7_0_100M_0_synth_1: D:/ASUS-PC/Desktop/temporary/2243/2243.runs/system_rst_ps7_0_100M_0_synth_1/runme.log
system_axis_data_fifo_0_0_synth_1: D:/ASUS-PC/Desktop/temporary/2243/2243.runs/system_axis_data_fifo_0_0_synth_1/runme.log
system_TOP_0_1_synth_1: D:/ASUS-PC/Desktop/temporary/2243/2243.runs/system_TOP_0_1_synth_1/runme.log
export_simulation -of_objects [get_files D:/ASUS-PC/Desktop/temporary/2243/2243.srcs/sources_1/bd/system/system.bd] -directory D:/ASUS-PC/Desktop/temporary/2243/2243.ip_user_files/sim_scripts -ip_user_files_dir D:/ASUS-PC/Desktop/temporary/2243/2243.ip_user_files -ipstatic_source_dir D:/ASUS-PC/Desktop/temporary/2243/2243.ip_user_files/ipstatic -lib_map_path [list {modelsim=D:/ASUS-PC/Desktop/temporary/2243/2243.cache/compile_simlib/modelsim} {questa=D:/ASUS-PC/Desktop/temporary/2243/2243.cache/compile_simlib/questa} {riviera=D:/ASUS-PC/Desktop/temporary/2243/2243.cache/compile_simlib/riviera} {activehdl=D:/ASUS-PC/Desktop/temporary/2243/2243.cache/compile_simlib/activehdl}] -use_ip_compiled_libs -force -quiet
make_wrapper -files [get_files D:/ASUS-PC/Desktop/temporary/2243/2243.srcs/sources_1/bd/system/system.bd] -top
add_files -norecurse D:/ASUS-PC/Desktop/temporary/2243/2243.gen/sources_1/bd/system/hdl/system_wrapper.vhd
update_compile_order -fileset sources_1
launch_runs impl_1 -to_step write_bitstream -jobs 28
[Thu Mar 19 14:09:15 2026] Launched synth_1...
Run output will be captured here: D:/ASUS-PC/Desktop/temporary/2243/2243.runs/synth_1/runme.log
[Thu Mar 19 14:09:15 2026] Launched impl_1...
Run output will be captured here: D:/ASUS-PC/Desktop/temporary/2243/2243.runs/impl_1/runme.log
write_hw_platform -fixed -include_bit -force -file D:/ASUS-PC/Desktop/temporary/2243/vitis/system_wrapper.xsa
INFO: [Vivado 12-4895] Creating Hardware Platform: D:/ASUS-PC/Desktop/temporary/2243/vitis/system_wrapper.xsa ...
INFO: [Hsi 55-2053] elapsed time for repository (E:/Xilinx2021/Vivado/2021.1/data/embeddedsw) loading 0 seconds
INFO: [Vivado 12-12464] The Hardware Platform can be used for Hardware
INFO: [Vivado 12-4896] Successfully created Hardware Platform: D:/ASUS-PC/Desktop/temporary/2243/vitis/system_wrapper.xsa
exit
INFO: [Common 17-206] Exiting Vivado at Thu Mar 19 14:13:26 2026...
