#-----------------------------------------------------------
# Vivado v2021.1.1 (64-bit)
# SW Build 3286242 on Wed Jul 28 13:10:47 MDT 2021
# IP Build 3279568 on Wed Jul 28 16:48:48 MDT 2021
# Start of session at: Tue Mar  3 09:55:11 2026
# Process ID: 61436
# Current directory: D:/ASUS-PC/Desktop/temporary/MPR_OV_1.3
# Command line: vivado.exe -gui_launcher_event rodinguilauncherevent21252 D:\ASUS-PC\Desktop\temporary\MPR_OV_1.3\MPR_OV_1.3.xpr
# Log file: D:/ASUS-PC/Desktop/temporary/MPR_OV_1.3/vivado.log
# Journal file: D:/ASUS-PC/Desktop/temporary/MPR_OV_1.3\vivado.jou
#-----------------------------------------------------------
start_gui
open_project D:/ASUS-PC/Desktop/temporary/MPR_OV_1.3/MPR_OV_1.3.xpr
Scanning sources...
Finished scanning sources
INFO: [IP_Flow 19-234] Refreshing IP repositories
INFO: [IP_Flow 19-1700] Loaded user IP repository 'd:/ASUS-PC/Desktop/temporary/test/MPR_OV_1.1/ip_repo'.
INFO: [IP_Flow 19-2313] Loaded Vivado IP repository 'E:/Xilinx2021/Vivado/2021.1/data/ip'.
open_bd_design {D:/ASUS-PC/Desktop/temporary/MPR_OV_1.3/MPR_OV_1.3.srcs/sources_1/bd/system/system.bd}
Reading block design file <D:/ASUS-PC/Desktop/temporary/MPR_OV_1.3/MPR_OV_1.3.srcs/sources_1/bd/system/system.bd>...
Adding component instance block -- alientek.com:user:ov5640_capture_data:1.0 - ov5640_capture_data_0
Adding component instance block -- xilinx.com:ip:processing_system7:5.5 - processing_system7_0
Adding component instance block -- www.alientek.com:user:rgb2lcd:1.0 - rgb2lcd_0
Adding component instance block -- xilinx.com:ip:proc_sys_reset:5.0 - rst_ps7_0_100M
Adding component instance block -- xilinx.com:ip:v_vid_in_axi4s:4.0 - v_vid_in_axi4s_0
Adding component instance block -- xilinx.com:ip:axi_gpio:2.0 - axi_gpio_0
Adding component instance block -- xilinx.com:ip:axi_interconnect:2.1 - axi_mem_intercon
Adding component instance block -- xilinx.com:ip:axi_crossbar:2.1 - xbar
Adding component instance block -- xilinx.com:ip:axi_protocol_converter:2.1 - auto_pc
Adding component instance block -- xilinx.com:ip:axi_vdma:6.3 - axi_vdma_0
Adding component instance block -- xilinx.com:ip:clk_wiz:6.0 - clk_wiz_0
Adding component instance block -- xilinx.com:ip:axi_interconnect:2.1 - ps7_0_axi_periph
Adding component instance block -- xilinx.com:ip:axi_crossbar:2.1 - xbar
Adding component instance block -- xilinx.com:ip:axi_protocol_converter:2.1 - auto_pc
Adding component instance block -- xilinx.com:ip:v_axi4s_vid_out:4.0 - v_axi4s_vid_out_0
Adding component instance block -- xilinx.com:ip:v_tc:6.2 - v_tc_0
Successfully read diagram <system> from block design file <D:/ASUS-PC/Desktop/temporary/MPR_OV_1.3/MPR_OV_1.3.srcs/sources_1/bd/system/system.bd>
update_compile_order -fileset sources_1
WARNING: [IP_Flow 19-474] Invalid Parameter 'Component_Name'
WARNING: [IP_Flow 19-474] Invalid Parameter 'Component_Name'
startgroup
set_property -dict [list CONFIG.PCW_QSPI_GRP_SINGLE_SS_ENABLE {1} CONFIG.PCW_SD0_PERIPHERAL_ENABLE {0} CONFIG.PCW_SD1_PERIPHERAL_ENABLE {1} CONFIG.PCW_SD1_SD1_IO {MIO 46 .. 51}] [get_bd_cells processing_system7_0]
endgroup
validate_bd_design
INFO: [xilinx.com:ip:clk_wiz:6.0-1] /clk_wiz_0 clk_wiz propagate
generate_target all [get_files  D:/ASUS-PC/Desktop/temporary/MPR_OV_1.3/MPR_OV_1.3.srcs/sources_1/bd/system/system.bd]
INFO: [BD 41-1662] The design 'system.bd' is already validated. Therefore parameter propagation will not be re-run.
Wrote  : <D:\ASUS-PC\Desktop\temporary\MPR_OV_1.3\MPR_OV_1.3.srcs\sources_1\bd\system\system.bd> 
Wrote  : <D:/ASUS-PC/Desktop/temporary/MPR_OV_1.3/MPR_OV_1.3.srcs/sources_1/bd/system/ui/bd_c954508f.ui> 
WARNING: [BD 41-2384] Width mismatch when connecting pin: '/axi_mem_intercon/m00_couplers/auto_pc/m_axi_rid'(1) to pin: '/axi_mem_intercon/m00_couplers/M_AXI_rid'(6) - Only lower order bits will be connected.
WARNING: [BD 41-2384] Width mismatch when connecting pin: '/axi_mem_intercon/m00_couplers/auto_pc/m_axi_bid'(1) to pin: '/axi_mem_intercon/m00_couplers/M_AXI_bid'(6) - Only lower order bits will be connected.
WARNING: [BD 41-2384] Width mismatch when connecting pin: '/processing_system7_0/S_AXI_HP0_AWID'(6) to pin: '/axi_mem_intercon/M00_AXI_awid'(1) - Only lower order bits will be connected.
WARNING: [BD 41-2384] Width mismatch when connecting pin: '/processing_system7_0/S_AXI_HP0_ARID'(6) to pin: '/axi_mem_intercon/M00_AXI_arid'(1) - Only lower order bits will be connected.
WARNING: [BD 41-2384] Width mismatch when connecting pin: '/processing_system7_0/S_AXI_HP0_WID'(6) to pin: '/axi_mem_intercon/M00_AXI_wid'(1) - Only lower order bits will be connected.
VHDL Output written to : d:/ASUS-PC/Desktop/temporary/MPR_OV_1.3/MPR_OV_1.3.gen/sources_1/bd/system/synth/system.v
WARNING: [BD 41-2384] Width mismatch when connecting pin: '/axi_mem_intercon/m00_couplers/auto_pc/m_axi_rid'(1) to pin: '/axi_mem_intercon/m00_couplers/M_AXI_rid'(6) - Only lower order bits will be connected.
WARNING: [BD 41-2384] Width mismatch when connecting pin: '/axi_mem_intercon/m00_couplers/auto_pc/m_axi_bid'(1) to pin: '/axi_mem_intercon/m00_couplers/M_AXI_bid'(6) - Only lower order bits will be connected.
WARNING: [BD 41-2384] Width mismatch when connecting pin: '/processing_system7_0/S_AXI_HP0_AWID'(6) to pin: '/axi_mem_intercon/M00_AXI_awid'(1) - Only lower order bits will be connected.
WARNING: [BD 41-2384] Width mismatch when connecting pin: '/processing_system7_0/S_AXI_HP0_ARID'(6) to pin: '/axi_mem_intercon/M00_AXI_arid'(1) - Only lower order bits will be connected.
WARNING: [BD 41-2384] Width mismatch when connecting pin: '/processing_system7_0/S_AXI_HP0_WID'(6) to pin: '/axi_mem_intercon/M00_AXI_wid'(1) - Only lower order bits will be connected.
VHDL Output written to : d:/ASUS-PC/Desktop/temporary/MPR_OV_1.3/MPR_OV_1.3.gen/sources_1/bd/system/sim/system.v
VHDL Output written to : d:/ASUS-PC/Desktop/temporary/MPR_OV_1.3/MPR_OV_1.3.gen/sources_1/bd/system/hdl/system_wrapper.v
INFO: [IP_Flow 19-5611] Unable to find an associated reset port for the interface 'M_AXI_GP0'. A default connection has been created.
INFO: [IP_Flow 19-5611] Unable to find an associated reset port for the interface 'S_AXI_HP0'. A default connection has been created.
INFO: [BD 41-1029] Generation completed for the IP Integrator block processing_system7_0 .
WARNING: [IP_Flow 19-4994] Overwriting existing constraint file 'd:/ASUS-PC/Desktop/temporary/MPR_OV_1.3/MPR_OV_1.3.gen/sources_1/bd/system/ip/system_auto_pc_0/system_auto_pc_0_ooc.xdc'
INFO: [BD 41-1029] Generation completed for the IP Integrator block axi_mem_intercon/m00_couplers/auto_pc .
WARNING: [IP_Flow 19-4994] Overwriting existing constraint file 'd:/ASUS-PC/Desktop/temporary/MPR_OV_1.3/MPR_OV_1.3.gen/sources_1/bd/system/ip/system_auto_pc_1/system_auto_pc_1_ooc.xdc'
INFO: [BD 41-1029] Generation completed for the IP Integrator block ps7_0_axi_periph/s00_couplers/auto_pc .
Exporting to file d:/ASUS-PC/Desktop/temporary/MPR_OV_1.3/MPR_OV_1.3.gen/sources_1/bd/system/hw_handoff/system.hwh
Generated Block Design Tcl file d:/ASUS-PC/Desktop/temporary/MPR_OV_1.3/MPR_OV_1.3.gen/sources_1/bd/system/hw_handoff/system_bd.tcl
Generated Hardware Definition File d:/ASUS-PC/Desktop/temporary/MPR_OV_1.3/MPR_OV_1.3.gen/sources_1/bd/system/synth/system.hwdef
generate_target: Time (s): cpu = 00:00:12 ; elapsed = 00:00:12 . Memory (MB): peak = 1763.145 ; gain = 168.266
catch { config_ip_cache -export [get_ips -all system_processing_system7_0_0] }
catch { config_ip_cache -export [get_ips -all system_auto_pc_0] }
catch { config_ip_cache -export [get_ips -all system_auto_pc_1] }
export_ip_user_files -of_objects [get_files D:/ASUS-PC/Desktop/temporary/MPR_OV_1.3/MPR_OV_1.3.srcs/sources_1/bd/system/system.bd] -no_script -sync -force -quiet
create_ip_run [get_files -of_objects [get_fileset sources_1] D:/ASUS-PC/Desktop/temporary/MPR_OV_1.3/MPR_OV_1.3.srcs/sources_1/bd/system/system.bd]
launch_runs system_processing_system7_0_0_synth_1 system_auto_pc_0_synth_1 system_auto_pc_1_synth_1 -jobs 28
[Tue Mar  3 09:59:25 2026] Launched system_processing_system7_0_0_synth_1, system_auto_pc_0_synth_1, system_auto_pc_1_synth_1...
Run output will be captured here:
system_processing_system7_0_0_synth_1: D:/ASUS-PC/Desktop/temporary/MPR_OV_1.3/MPR_OV_1.3.runs/system_processing_system7_0_0_synth_1/runme.log
system_auto_pc_0_synth_1: D:/ASUS-PC/Desktop/temporary/MPR_OV_1.3/MPR_OV_1.3.runs/system_auto_pc_0_synth_1/runme.log
system_auto_pc_1_synth_1: D:/ASUS-PC/Desktop/temporary/MPR_OV_1.3/MPR_OV_1.3.runs/system_auto_pc_1_synth_1/runme.log
export_simulation -of_objects [get_files D:/ASUS-PC/Desktop/temporary/MPR_OV_1.3/MPR_OV_1.3.srcs/sources_1/bd/system/system.bd] -directory D:/ASUS-PC/Desktop/temporary/MPR_OV_1.3/MPR_OV_1.3.ip_user_files/sim_scripts -ip_user_files_dir D:/ASUS-PC/Desktop/temporary/MPR_OV_1.3/MPR_OV_1.3.ip_user_files -ipstatic_source_dir D:/ASUS-PC/Desktop/temporary/MPR_OV_1.3/MPR_OV_1.3.ip_user_files/ipstatic -lib_map_path [list {modelsim=D:/ASUS-PC/Desktop/temporary/MPR_OV_1.3/MPR_OV_1.3.cache/compile_simlib/modelsim} {questa=D:/ASUS-PC/Desktop/temporary/MPR_OV_1.3/MPR_OV_1.3.cache/compile_simlib/questa} {riviera=D:/ASUS-PC/Desktop/temporary/MPR_OV_1.3/MPR_OV_1.3.cache/compile_simlib/riviera} {activehdl=D:/ASUS-PC/Desktop/temporary/MPR_OV_1.3/MPR_OV_1.3.cache/compile_simlib/activehdl}] -use_ip_compiled_libs -force -quiet
make_wrapper -files [get_files D:/ASUS-PC/Desktop/temporary/MPR_OV_1.3/MPR_OV_1.3.srcs/sources_1/bd/system/system.bd] -top
reset_run synth_1
WARNING: [Vivado 12-1017] Problems encountered:
1. Failed to delete one or more files in run directory D:/ASUS-PC/Desktop/temporary/MPR_OV_1.3/MPR_OV_1.3.runs/synth_1

launch_runs impl_1 -to_step write_bitstream -jobs 28
[Tue Mar  3 10:03:12 2026] Launched synth_1...
Run output will be captured here: D:/ASUS-PC/Desktop/temporary/MPR_OV_1.3/MPR_OV_1.3.runs/synth_1/runme.log
[Tue Mar  3 10:03:12 2026] Launched impl_1...
Run output will be captured here: D:/ASUS-PC/Desktop/temporary/MPR_OV_1.3/MPR_OV_1.3.runs/impl_1/runme.log
write_hw_platform -fixed -include_bit -force -file D:/ASUS-PC/Desktop/temporary/MPR_OV_1.3/vitis/system_wrapper.xsa
INFO: [Vivado 12-4895] Creating Hardware Platform: D:/ASUS-PC/Desktop/temporary/MPR_OV_1.3/vitis/system_wrapper.xsa ...
INFO: [Hsi 55-2053] elapsed time for repository (E:/Xilinx2021/Vivado/2021.1/data/embeddedsw) loading 0 seconds
INFO: [Vivado 12-12464] The Hardware Platform can be used for Hardware
INFO: [Vivado 12-4896] Successfully created Hardware Platform: D:/ASUS-PC/Desktop/temporary/MPR_OV_1.3/vitis/system_wrapper.xsa
exit
INFO: [Common 17-206] Exiting Vivado at Tue Mar  3 10:15:35 2026...
