16:10:32 INFO  : Platform repository initialization has completed.
16:10:32 INFO  : Launching XSCT server: xsct.bat -n  -interactive D:\A_Rada_V1.1\vitis\temp_xsdb_launch_script.tcl
16:10:32 INFO  : Registering command handlers for Vitis TCF services
16:10:33 INFO  : XSCT server has started successfully.
16:10:33 INFO  : Successfully done setting XSCT server connection channel  
16:10:33 INFO  : plnx-install-location is set to ''
16:10:33 INFO  : Successfully done query RDI_DATADIR 
16:10:33 INFO  : Successfully done setting workspace for the tool. 
16:11:20 INFO  : Result from executing command 'getProjects': system_wrapper
16:11:20 INFO  : Result from executing command 'getPlatforms': 
16:11:20 WARN  : An unexpected exception occurred in the module 'platform project logging'
16:11:20 INFO  : Platform 'system_wrapper' is added to custom repositories.
16:11:24 INFO  : Platform 'system_wrapper' is added to custom repositories.
16:13:59 INFO  : Result from executing command 'getProjects': system_wrapper
16:13:59 INFO  : Result from executing command 'getPlatforms': system_wrapper|D:/A_Rada_V1.1/vitis/system_wrapper/export/system_wrapper/system_wrapper.xpfm
16:14:06 INFO  : Checking for BSP changes to sync application flags for project 'A_Radar_V11'...
16:14:06 INFO  : Updating application flags with new BSP settings...
16:14:06 INFO  : Successfully updated application flags for project A_Radar_V11.
16:14:20 INFO  : Connected to target on host '127.0.0.1' and port '3121'.
16:14:20 INFO  : Jtag cable 'Digilent Zed 210248764166' is selected.
16:14:20 INFO  : 'jtag frequency' command is executed.
16:14:20 INFO  : Context for 'APU' is selected.
16:14:20 INFO  : System reset is completed.
16:14:23 INFO  : 'after 3000' command is executed.
16:14:23 INFO  : 'targets -set -filter {jtag_cable_name =~ "Digilent Zed 210248764166" && level==0 && jtag_device_ctx=="jsn-Zed-210248764166-23727093-0"}' command is executed.
16:14:26 INFO  : Device configured successfully with "D:/A_Rada_V1.1/vitis/A_Radar_V11/_ide/bitstream/system_wrapper.bit"
16:14:26 INFO  : Context for 'APU' is selected.
16:14:26 INFO  : Hardware design and registers information is loaded from 'D:/A_Rada_V1.1/vitis/system_wrapper/export/system_wrapper/hw/system_wrapper.xsa'.
16:14:26 INFO  : 'configparams force-mem-access 1' command is executed.
16:14:26 INFO  : Context for 'APU' is selected.
16:14:26 INFO  : Sourcing of 'D:/A_Rada_V1.1/vitis/A_Radar_V11/_ide/psinit/ps7_init.tcl' is done.
16:14:26 INFO  : 'ps7_init' command is executed.
16:14:26 INFO  : 'ps7_post_config' command is executed.
16:14:26 INFO  : Context for processor 'ps7_cortexa9_0' is selected.
16:14:27 INFO  : The application 'D:/A_Rada_V1.1/vitis/A_Radar_V11/Debug/A_Radar_V11.elf' is downloaded to processor 'ps7_cortexa9_0'.
16:14:27 INFO  : 'configparams force-mem-access 0' command is executed.
16:14:27 INFO  : ----------------XSDB Script----------------
connect -url tcp:127.0.0.1:3121
targets -set -nocase -filter {name =~"APU*"}
rst -system
after 3000
targets -set -filter {jtag_cable_name =~ "Digilent Zed 210248764166" && level==0 && jtag_device_ctx=="jsn-Zed-210248764166-23727093-0"}
fpga -file D:/A_Rada_V1.1/vitis/A_Radar_V11/_ide/bitstream/system_wrapper.bit
targets -set -nocase -filter {name =~"APU*"}
loadhw -hw D:/A_Rada_V1.1/vitis/system_wrapper/export/system_wrapper/hw/system_wrapper.xsa -mem-ranges [list {0x40000000 0xbfffffff}] -regs
configparams force-mem-access 1
targets -set -nocase -filter {name =~"APU*"}
source D:/A_Rada_V1.1/vitis/A_Radar_V11/_ide/psinit/ps7_init.tcl
ps7_init
ps7_post_config
targets -set -nocase -filter {name =~ "*A9*#0"}
dow D:/A_Rada_V1.1/vitis/A_Radar_V11/Debug/A_Radar_V11.elf
configparams force-mem-access 0
----------------End of Script----------------

16:14:27 INFO  : Context for processor 'ps7_cortexa9_0' is selected.
16:14:27 INFO  : 'con' command is executed.
16:14:27 INFO  : ----------------XSDB Script (After Launch)----------------
targets -set -nocase -filter {name =~ "*A9*#0"}
con
----------------End of Script----------------

16:14:27 INFO  : Launch script is exported to file 'D:\A_Rada_V1.1\vitis\A_Radar_V11_system\_ide\scripts\debugger_a_radar_v11-default.tcl'
16:51:32 INFO  : Disconnected from the channel tcfchan#3.
16:51:33 INFO  : Connected to target on host '127.0.0.1' and port '3121'.
16:51:33 INFO  : Jtag cable 'Digilent Zed 210248764166' is selected.
16:51:33 INFO  : 'jtag frequency' command is executed.
16:51:35 INFO  : Context for 'APU' is selected.
16:51:35 INFO  : System reset is completed.
16:51:38 INFO  : 'after 3000' command is executed.
16:51:38 INFO  : 'targets -set -filter {jtag_cable_name =~ "Digilent Zed 210248764166" && level==0 && jtag_device_ctx=="jsn-Zed-210248764166-23727093-0"}' command is executed.
16:51:40 INFO  : Device configured successfully with "D:/A_Rada_V1.1/vitis/A_Radar_V11/_ide/bitstream/system_wrapper.bit"
16:51:40 INFO  : Context for 'APU' is selected.
16:51:40 INFO  : Hardware design and registers information is loaded from 'D:/A_Rada_V1.1/vitis/system_wrapper/export/system_wrapper/hw/system_wrapper.xsa'.
16:51:40 INFO  : 'configparams force-mem-access 1' command is executed.
16:51:40 INFO  : Context for 'APU' is selected.
16:51:40 INFO  : Sourcing of 'D:/A_Rada_V1.1/vitis/A_Radar_V11/_ide/psinit/ps7_init.tcl' is done.
16:51:41 INFO  : 'ps7_init' command is executed.
16:51:41 INFO  : 'ps7_post_config' command is executed.
16:51:41 INFO  : Context for processor 'ps7_cortexa9_0' is selected.
16:51:41 INFO  : The application 'D:/A_Rada_V1.1/vitis/A_Radar_V11/Debug/A_Radar_V11.elf' is downloaded to processor 'ps7_cortexa9_0'.
16:51:41 INFO  : 'configparams force-mem-access 0' command is executed.
16:51:41 INFO  : ----------------XSDB Script----------------
connect -url tcp:127.0.0.1:3121
targets -set -nocase -filter {name =~"APU*"}
rst -system
after 3000
targets -set -filter {jtag_cable_name =~ "Digilent Zed 210248764166" && level==0 && jtag_device_ctx=="jsn-Zed-210248764166-23727093-0"}
fpga -file D:/A_Rada_V1.1/vitis/A_Radar_V11/_ide/bitstream/system_wrapper.bit
targets -set -nocase -filter {name =~"APU*"}
loadhw -hw D:/A_Rada_V1.1/vitis/system_wrapper/export/system_wrapper/hw/system_wrapper.xsa -mem-ranges [list {0x40000000 0xbfffffff}] -regs
configparams force-mem-access 1
targets -set -nocase -filter {name =~"APU*"}
source D:/A_Rada_V1.1/vitis/A_Radar_V11/_ide/psinit/ps7_init.tcl
ps7_init
ps7_post_config
targets -set -nocase -filter {name =~ "*A9*#0"}
dow D:/A_Rada_V1.1/vitis/A_Radar_V11/Debug/A_Radar_V11.elf
configparams force-mem-access 0
----------------End of Script----------------

16:51:41 INFO  : Context for processor 'ps7_cortexa9_0' is selected.
16:51:41 INFO  : 'con' command is executed.
16:51:41 INFO  : ----------------XSDB Script (After Launch)----------------
targets -set -nocase -filter {name =~ "*A9*#0"}
con
----------------End of Script----------------

16:51:41 INFO  : Launch script is exported to file 'D:\A_Rada_V1.1\vitis\A_Radar_V11_system\_ide\scripts\debugger_a_radar_v11-default.tcl'
16:54:04 INFO  : Disconnected from the channel tcfchan#4.
16:54:48 INFO  : Checking for BSP changes to sync application flags for project 'A_Radar_V11'...
16:54:55 INFO  : Connected to target on host '127.0.0.1' and port '3121'.
16:54:55 INFO  : Jtag cable 'Digilent Zed 210248764166' is selected.
16:54:55 INFO  : 'jtag frequency' command is executed.
16:54:55 INFO  : Context for 'APU' is selected.
16:54:55 INFO  : System reset is completed.
16:54:58 INFO  : 'after 3000' command is executed.
16:54:58 INFO  : 'targets -set -filter {jtag_cable_name =~ "Digilent Zed 210248764166" && level==0 && jtag_device_ctx=="jsn-Zed-210248764166-23727093-0"}' command is executed.
16:55:00 INFO  : Device configured successfully with "D:/A_Rada_V1.1/vitis/A_Radar_V11/_ide/bitstream/system_wrapper.bit"
16:55:00 INFO  : Context for 'APU' is selected.
16:55:00 INFO  : Hardware design and registers information is loaded from 'D:/A_Rada_V1.1/vitis/system_wrapper/export/system_wrapper/hw/system_wrapper.xsa'.
16:55:00 INFO  : 'configparams force-mem-access 1' command is executed.
16:55:00 INFO  : Context for 'APU' is selected.
16:55:00 INFO  : Sourcing of 'D:/A_Rada_V1.1/vitis/A_Radar_V11/_ide/psinit/ps7_init.tcl' is done.
16:55:01 INFO  : 'ps7_init' command is executed.
16:55:01 INFO  : 'ps7_post_config' command is executed.
16:55:01 INFO  : Context for processor 'ps7_cortexa9_0' is selected.
16:55:01 INFO  : The application 'D:/A_Rada_V1.1/vitis/A_Radar_V11/Debug/A_Radar_V11.elf' is downloaded to processor 'ps7_cortexa9_0'.
16:55:01 INFO  : 'configparams force-mem-access 0' command is executed.
16:55:01 INFO  : ----------------XSDB Script----------------
connect -url tcp:127.0.0.1:3121
targets -set -nocase -filter {name =~"APU*"}
rst -system
after 3000
targets -set -filter {jtag_cable_name =~ "Digilent Zed 210248764166" && level==0 && jtag_device_ctx=="jsn-Zed-210248764166-23727093-0"}
fpga -file D:/A_Rada_V1.1/vitis/A_Radar_V11/_ide/bitstream/system_wrapper.bit
targets -set -nocase -filter {name =~"APU*"}
loadhw -hw D:/A_Rada_V1.1/vitis/system_wrapper/export/system_wrapper/hw/system_wrapper.xsa -mem-ranges [list {0x40000000 0xbfffffff}] -regs
configparams force-mem-access 1
targets -set -nocase -filter {name =~"APU*"}
source D:/A_Rada_V1.1/vitis/A_Radar_V11/_ide/psinit/ps7_init.tcl
ps7_init
ps7_post_config
targets -set -nocase -filter {name =~ "*A9*#0"}
dow D:/A_Rada_V1.1/vitis/A_Radar_V11/Debug/A_Radar_V11.elf
configparams force-mem-access 0
----------------End of Script----------------

16:55:01 INFO  : Context for processor 'ps7_cortexa9_0' is selected.
16:55:01 INFO  : 'con' command is executed.
16:55:01 INFO  : ----------------XSDB Script (After Launch)----------------
targets -set -nocase -filter {name =~ "*A9*#0"}
con
----------------End of Script----------------

16:55:01 INFO  : Launch script is exported to file 'D:\A_Rada_V1.1\vitis\A_Radar_V11_system\_ide\scripts\debugger_a_radar_v11-default.tcl'
16:55:35 INFO  : Disconnected from the channel tcfchan#5.
16:55:39 INFO  : Connected to target on host '127.0.0.1' and port '3121'.
16:55:39 INFO  : Jtag cable 'Digilent Zed 210248764166' is selected.
16:55:40 INFO  : 'jtag frequency' command is executed.
16:55:40 INFO  : Context for 'APU' is selected.
16:55:40 INFO  : System reset is completed.
16:55:43 INFO  : 'after 3000' command is executed.
16:55:43 INFO  : 'targets -set -filter {jtag_cable_name =~ "Digilent Zed 210248764166" && level==0 && jtag_device_ctx=="jsn-Zed-210248764166-23727093-0"}' command is executed.
16:55:45 INFO  : Device configured successfully with "D:/A_Rada_V1.1/vitis/A_Radar_V11/_ide/bitstream/system_wrapper.bit"
16:55:45 INFO  : Context for 'APU' is selected.
16:55:45 INFO  : Hardware design and registers information is loaded from 'D:/A_Rada_V1.1/vitis/system_wrapper/export/system_wrapper/hw/system_wrapper.xsa'.
16:55:45 INFO  : 'configparams force-mem-access 1' command is executed.
16:55:45 INFO  : Context for 'APU' is selected.
16:55:45 INFO  : Sourcing of 'D:/A_Rada_V1.1/vitis/A_Radar_V11/_ide/psinit/ps7_init.tcl' is done.
16:55:45 INFO  : 'ps7_init' command is executed.
16:55:45 INFO  : 'ps7_post_config' command is executed.
16:55:45 INFO  : Context for processor 'ps7_cortexa9_0' is selected.
16:55:46 INFO  : The application 'D:/A_Rada_V1.1/vitis/A_Radar_V11/Debug/A_Radar_V11.elf' is downloaded to processor 'ps7_cortexa9_0'.
16:55:46 INFO  : 'configparams force-mem-access 0' command is executed.
16:55:46 INFO  : ----------------XSDB Script----------------
connect -url tcp:127.0.0.1:3121
targets -set -nocase -filter {name =~"APU*"}
rst -system
after 3000
targets -set -filter {jtag_cable_name =~ "Digilent Zed 210248764166" && level==0 && jtag_device_ctx=="jsn-Zed-210248764166-23727093-0"}
fpga -file D:/A_Rada_V1.1/vitis/A_Radar_V11/_ide/bitstream/system_wrapper.bit
targets -set -nocase -filter {name =~"APU*"}
loadhw -hw D:/A_Rada_V1.1/vitis/system_wrapper/export/system_wrapper/hw/system_wrapper.xsa -mem-ranges [list {0x40000000 0xbfffffff}] -regs
configparams force-mem-access 1
targets -set -nocase -filter {name =~"APU*"}
source D:/A_Rada_V1.1/vitis/A_Radar_V11/_ide/psinit/ps7_init.tcl
ps7_init
ps7_post_config
targets -set -nocase -filter {name =~ "*A9*#0"}
dow D:/A_Rada_V1.1/vitis/A_Radar_V11/Debug/A_Radar_V11.elf
configparams force-mem-access 0
----------------End of Script----------------

16:55:46 INFO  : Context for processor 'ps7_cortexa9_0' is selected.
16:55:46 INFO  : 'con' command is executed.
16:55:46 INFO  : ----------------XSDB Script (After Launch)----------------
targets -set -nocase -filter {name =~ "*A9*#0"}
con
----------------End of Script----------------

16:55:46 INFO  : Launch script is exported to file 'D:\A_Rada_V1.1\vitis\A_Radar_V11_system\_ide\scripts\debugger_a_radar_v11-default.tcl'
16:56:34 INFO  : Disconnected from the channel tcfchan#6.
16:56:40 INFO  : Connected to target on host '127.0.0.1' and port '3121'.
16:56:40 INFO  : Jtag cable 'Digilent Zed 210248764166' is selected.
16:56:40 INFO  : 'jtag frequency' command is executed.
16:56:40 INFO  : Context for 'APU' is selected.
16:56:40 INFO  : System reset is completed.
16:56:43 INFO  : 'after 3000' command is executed.
16:56:43 INFO  : 'targets -set -filter {jtag_cable_name =~ "Digilent Zed 210248764166" && level==0 && jtag_device_ctx=="jsn-Zed-210248764166-23727093-0"}' command is executed.
16:56:45 INFO  : Device configured successfully with "D:/A_Rada_V1.1/vitis/A_Radar_V11/_ide/bitstream/system_wrapper.bit"
16:56:45 INFO  : Context for 'APU' is selected.
16:56:45 INFO  : Hardware design and registers information is loaded from 'D:/A_Rada_V1.1/vitis/system_wrapper/export/system_wrapper/hw/system_wrapper.xsa'.
16:56:45 INFO  : 'configparams force-mem-access 1' command is executed.
16:56:45 INFO  : Context for 'APU' is selected.
16:56:45 INFO  : Sourcing of 'D:/A_Rada_V1.1/vitis/A_Radar_V11/_ide/psinit/ps7_init.tcl' is done.
16:56:46 INFO  : 'ps7_init' command is executed.
16:56:46 INFO  : 'ps7_post_config' command is executed.
16:56:46 INFO  : Context for processor 'ps7_cortexa9_0' is selected.
16:56:46 INFO  : The application 'D:/A_Rada_V1.1/vitis/A_Radar_V11/Debug/A_Radar_V11.elf' is downloaded to processor 'ps7_cortexa9_0'.
16:56:46 INFO  : 'configparams force-mem-access 0' command is executed.
16:56:46 INFO  : ----------------XSDB Script----------------
connect -url tcp:127.0.0.1:3121
targets -set -nocase -filter {name =~"APU*"}
rst -system
after 3000
targets -set -filter {jtag_cable_name =~ "Digilent Zed 210248764166" && level==0 && jtag_device_ctx=="jsn-Zed-210248764166-23727093-0"}
fpga -file D:/A_Rada_V1.1/vitis/A_Radar_V11/_ide/bitstream/system_wrapper.bit
targets -set -nocase -filter {name =~"APU*"}
loadhw -hw D:/A_Rada_V1.1/vitis/system_wrapper/export/system_wrapper/hw/system_wrapper.xsa -mem-ranges [list {0x40000000 0xbfffffff}] -regs
configparams force-mem-access 1
targets -set -nocase -filter {name =~"APU*"}
source D:/A_Rada_V1.1/vitis/A_Radar_V11/_ide/psinit/ps7_init.tcl
ps7_init
ps7_post_config
targets -set -nocase -filter {name =~ "*A9*#0"}
dow D:/A_Rada_V1.1/vitis/A_Radar_V11/Debug/A_Radar_V11.elf
configparams force-mem-access 0
----------------End of Script----------------

16:56:46 INFO  : Context for processor 'ps7_cortexa9_0' is selected.
16:56:46 INFO  : 'con' command is executed.
16:56:46 INFO  : ----------------XSDB Script (After Launch)----------------
targets -set -nocase -filter {name =~ "*A9*#0"}
con
----------------End of Script----------------

16:56:46 INFO  : Launch script is exported to file 'D:\A_Rada_V1.1\vitis\A_Radar_V11_system\_ide\scripts\debugger_a_radar_v11-default.tcl'
17:08:18 INFO  : Disconnected from the channel tcfchan#7.
17:08:23 INFO  : Checking for BSP changes to sync application flags for project 'A_Radar_V11'...
17:08:27 INFO  : Connected to target on host '127.0.0.1' and port '3121'.
17:08:27 INFO  : Jtag cable 'Digilent Zed 210248764166' is selected.
17:08:27 INFO  : 'jtag frequency' command is executed.
17:08:27 INFO  : Context for 'APU' is selected.
17:08:27 INFO  : System reset is completed.
17:08:30 INFO  : 'after 3000' command is executed.
17:08:30 INFO  : 'targets -set -filter {jtag_cable_name =~ "Digilent Zed 210248764166" && level==0 && jtag_device_ctx=="jsn-Zed-210248764166-23727093-0"}' command is executed.
17:08:33 INFO  : Device configured successfully with "D:/A_Rada_V1.1/vitis/A_Radar_V11/_ide/bitstream/system_wrapper.bit"
17:08:33 INFO  : Context for 'APU' is selected.
17:08:33 INFO  : Hardware design and registers information is loaded from 'D:/A_Rada_V1.1/vitis/system_wrapper/export/system_wrapper/hw/system_wrapper.xsa'.
17:08:33 INFO  : 'configparams force-mem-access 1' command is executed.
17:08:33 INFO  : Context for 'APU' is selected.
17:08:33 INFO  : Sourcing of 'D:/A_Rada_V1.1/vitis/A_Radar_V11/_ide/psinit/ps7_init.tcl' is done.
17:08:33 INFO  : 'ps7_init' command is executed.
17:08:33 INFO  : 'ps7_post_config' command is executed.
17:08:33 INFO  : Context for processor 'ps7_cortexa9_0' is selected.
17:08:33 INFO  : The application 'D:/A_Rada_V1.1/vitis/A_Radar_V11/Debug/A_Radar_V11.elf' is downloaded to processor 'ps7_cortexa9_0'.
17:08:33 INFO  : 'configparams force-mem-access 0' command is executed.
17:08:33 INFO  : ----------------XSDB Script----------------
connect -url tcp:127.0.0.1:3121
targets -set -nocase -filter {name =~"APU*"}
rst -system
after 3000
targets -set -filter {jtag_cable_name =~ "Digilent Zed 210248764166" && level==0 && jtag_device_ctx=="jsn-Zed-210248764166-23727093-0"}
fpga -file D:/A_Rada_V1.1/vitis/A_Radar_V11/_ide/bitstream/system_wrapper.bit
targets -set -nocase -filter {name =~"APU*"}
loadhw -hw D:/A_Rada_V1.1/vitis/system_wrapper/export/system_wrapper/hw/system_wrapper.xsa -mem-ranges [list {0x40000000 0xbfffffff}] -regs
configparams force-mem-access 1
targets -set -nocase -filter {name =~"APU*"}
source D:/A_Rada_V1.1/vitis/A_Radar_V11/_ide/psinit/ps7_init.tcl
ps7_init
ps7_post_config
targets -set -nocase -filter {name =~ "*A9*#0"}
dow D:/A_Rada_V1.1/vitis/A_Radar_V11/Debug/A_Radar_V11.elf
configparams force-mem-access 0
----------------End of Script----------------

17:08:34 INFO  : Context for processor 'ps7_cortexa9_0' is selected.
17:08:34 INFO  : 'con' command is executed.
17:08:34 INFO  : ----------------XSDB Script (After Launch)----------------
targets -set -nocase -filter {name =~ "*A9*#0"}
con
----------------End of Script----------------

17:08:34 INFO  : Launch script is exported to file 'D:\A_Rada_V1.1\vitis\A_Radar_V11_system\_ide\scripts\debugger_a_radar_v11-default.tcl'
17:11:14 INFO  : Disconnected from the channel tcfchan#8.
17:11:41 INFO  : Checking for BSP changes to sync application flags for project 'A_Radar_V11'...
17:11:51 INFO  : Connected to target on host '127.0.0.1' and port '3121'.
17:11:52 INFO  : Jtag cable 'Digilent Zed 210248764166' is selected.
17:11:52 INFO  : 'jtag frequency' command is executed.
17:11:52 INFO  : Context for 'APU' is selected.
17:11:52 INFO  : System reset is completed.
17:11:55 INFO  : 'after 3000' command is executed.
17:11:55 INFO  : 'targets -set -filter {jtag_cable_name =~ "Digilent Zed 210248764166" && level==0 && jtag_device_ctx=="jsn-Zed-210248764166-23727093-0"}' command is executed.
17:11:57 INFO  : Device configured successfully with "D:/A_Rada_V1.1/vitis/A_Radar_V11/_ide/bitstream/system_wrapper.bit"
17:11:57 INFO  : Context for 'APU' is selected.
17:11:57 INFO  : Hardware design and registers information is loaded from 'D:/A_Rada_V1.1/vitis/system_wrapper/export/system_wrapper/hw/system_wrapper.xsa'.
17:11:57 INFO  : 'configparams force-mem-access 1' command is executed.
17:11:57 INFO  : Context for 'APU' is selected.
17:11:57 INFO  : Sourcing of 'D:/A_Rada_V1.1/vitis/A_Radar_V11/_ide/psinit/ps7_init.tcl' is done.
17:11:57 INFO  : 'ps7_init' command is executed.
17:11:57 INFO  : 'ps7_post_config' command is executed.
17:11:57 INFO  : Context for processor 'ps7_cortexa9_0' is selected.
17:11:58 INFO  : The application 'D:/A_Rada_V1.1/vitis/A_Radar_V11/Debug/A_Radar_V11.elf' is downloaded to processor 'ps7_cortexa9_0'.
17:11:58 INFO  : 'configparams force-mem-access 0' command is executed.
17:11:58 INFO  : ----------------XSDB Script----------------
connect -url tcp:127.0.0.1:3121
targets -set -nocase -filter {name =~"APU*"}
rst -system
after 3000
targets -set -filter {jtag_cable_name =~ "Digilent Zed 210248764166" && level==0 && jtag_device_ctx=="jsn-Zed-210248764166-23727093-0"}
fpga -file D:/A_Rada_V1.1/vitis/A_Radar_V11/_ide/bitstream/system_wrapper.bit
targets -set -nocase -filter {name =~"APU*"}
loadhw -hw D:/A_Rada_V1.1/vitis/system_wrapper/export/system_wrapper/hw/system_wrapper.xsa -mem-ranges [list {0x40000000 0xbfffffff}] -regs
configparams force-mem-access 1
targets -set -nocase -filter {name =~"APU*"}
source D:/A_Rada_V1.1/vitis/A_Radar_V11/_ide/psinit/ps7_init.tcl
ps7_init
ps7_post_config
targets -set -nocase -filter {name =~ "*A9*#0"}
dow D:/A_Rada_V1.1/vitis/A_Radar_V11/Debug/A_Radar_V11.elf
configparams force-mem-access 0
----------------End of Script----------------

17:11:58 INFO  : Context for processor 'ps7_cortexa9_0' is selected.
17:11:58 INFO  : 'con' command is executed.
17:11:58 INFO  : ----------------XSDB Script (After Launch)----------------
targets -set -nocase -filter {name =~ "*A9*#0"}
con
----------------End of Script----------------

17:11:58 INFO  : Launch script is exported to file 'D:\A_Rada_V1.1\vitis\A_Radar_V11_system\_ide\scripts\debugger_a_radar_v11-default.tcl'
17:18:59 INFO  : Disconnected from the channel tcfchan#10.
17:19:02 INFO  : Checking for BSP changes to sync application flags for project 'A_Radar_V11'...
17:19:16 INFO  : Generated template bif file for A_Radar_V11_system
17:19:25 INFO  : Invoking Bootgen: bootgen -image A_Radar_V11_system.bif -arch zynq -o D:\A_Rada_V1.1\vitis\A_Radar_V11_system\Debug\sd_card\BOOT.BIN -w on
17:19:25 INFO  : Overwriting existing bif file D:/A_Rada_V1.1/vitis/A_Radar_V11_system/_ide/bootimage/A_Radar_V11_system.bif
17:19:26 INFO  : Bootgen command execution is done.
17:29:37 INFO  : Checking for BSP changes to sync application flags for project 'A_Radar_V11'...
17:29:39 INFO  : Checking for BSP changes to sync application flags for project 'A_Radar_V11'...
17:30:16 INFO  : Invoking Bootgen: bootgen -image A_Radar_V11_system.bif -arch zynq -o D:\A_Rada_V1.1\vitis\A_Radar_V11_system\Debug\sd_card\BOOT.BIN -w on
17:30:16 INFO  : Overwriting existing bif file D:/A_Rada_V1.1/vitis/A_Radar_V11_system/_ide/bootimage/A_Radar_V11_system.bif
17:30:17 INFO  : Bootgen command execution is done.
11:32:36 INFO  : Launching XSCT server: xsct.bat -n  -interactive D:\A_Rada_V1.1\vitis\temp_xsdb_launch_script.tcl
11:32:38 INFO  : Registering command handlers for Vitis TCF services
11:32:38 INFO  : Platform repository initialization has completed.
11:32:39 INFO  : XSCT server has started successfully.
11:32:39 INFO  : Successfully done setting XSCT server connection channel  
11:32:42 INFO  : plnx-install-location is set to ''
11:32:42 INFO  : Successfully done setting workspace for the tool. 
11:32:43 INFO  : Successfully done query RDI_DATADIR 
11:32:47 INFO  : Connected to target on host '127.0.0.1' and port '3121'.
11:32:47 INFO  : Jtag cable 'Digilent Zed 210248764166' is selected.
11:32:47 INFO  : 'jtag frequency' command is executed.
11:32:47 INFO  : Context for 'APU' is selected.
11:32:47 INFO  : System reset is completed.
11:32:50 INFO  : 'after 3000' command is executed.
11:32:50 INFO  : 'targets -set -filter {jtag_cable_name =~ "Digilent Zed 210248764166" && level==0 && jtag_device_ctx=="jsn-Zed-210248764166-23727093-0"}' command is executed.
11:32:52 INFO  : Device configured successfully with "D:/A_Rada_V1.1/vitis/A_Radar_V11/_ide/bitstream/system_wrapper.bit"
11:32:53 INFO  : Context for 'APU' is selected.
11:32:53 INFO  : Hardware design and registers information is loaded from 'D:/A_Rada_V1.1/vitis/system_wrapper/export/system_wrapper/hw/system_wrapper.xsa'.
11:32:53 INFO  : 'configparams force-mem-access 1' command is executed.
11:32:53 INFO  : Context for 'APU' is selected.
11:32:53 INFO  : Sourcing of 'D:/A_Rada_V1.1/vitis/A_Radar_V11/_ide/psinit/ps7_init.tcl' is done.
11:32:53 INFO  : 'ps7_init' command is executed.
11:32:53 INFO  : 'ps7_post_config' command is executed.
11:32:53 INFO  : Context for processor 'ps7_cortexa9_0' is selected.
11:32:53 INFO  : The application 'D:/A_Rada_V1.1/vitis/A_Radar_V11/Debug/A_Radar_V11.elf' is downloaded to processor 'ps7_cortexa9_0'.
11:32:53 INFO  : 'configparams force-mem-access 0' command is executed.
11:32:53 INFO  : ----------------XSDB Script----------------
connect -url tcp:127.0.0.1:3121
targets -set -nocase -filter {name =~"APU*"}
rst -system
after 3000
targets -set -filter {jtag_cable_name =~ "Digilent Zed 210248764166" && level==0 && jtag_device_ctx=="jsn-Zed-210248764166-23727093-0"}
fpga -file D:/A_Rada_V1.1/vitis/A_Radar_V11/_ide/bitstream/system_wrapper.bit
targets -set -nocase -filter {name =~"APU*"}
loadhw -hw D:/A_Rada_V1.1/vitis/system_wrapper/export/system_wrapper/hw/system_wrapper.xsa -mem-ranges [list {0x40000000 0xbfffffff}] -regs
configparams force-mem-access 1
targets -set -nocase -filter {name =~"APU*"}
source D:/A_Rada_V1.1/vitis/A_Radar_V11/_ide/psinit/ps7_init.tcl
ps7_init
ps7_post_config
targets -set -nocase -filter {name =~ "*A9*#0"}
dow D:/A_Rada_V1.1/vitis/A_Radar_V11/Debug/A_Radar_V11.elf
configparams force-mem-access 0
----------------End of Script----------------

11:32:54 INFO  : Context for processor 'ps7_cortexa9_0' is selected.
11:32:54 INFO  : 'con' command is executed.
11:32:54 INFO  : ----------------XSDB Script (After Launch)----------------
targets -set -nocase -filter {name =~ "*A9*#0"}
con
----------------End of Script----------------

11:32:54 INFO  : Launch script is exported to file 'D:\A_Rada_V1.1\vitis\A_Radar_V11_system\_ide\scripts\debugger_a_radar_v11-default.tcl'
11:34:51 INFO  : Disconnected from the channel tcfchan#1.
11:34:55 INFO  : Connected to target on host '127.0.0.1' and port '3121'.
11:34:56 INFO  : Jtag cable 'Digilent Zed 210248764166' is selected.
11:34:56 INFO  : 'jtag frequency' command is executed.
11:34:56 INFO  : Context for 'APU' is selected.
11:34:56 INFO  : System reset is completed.
11:34:59 INFO  : 'after 3000' command is executed.
11:34:59 INFO  : 'targets -set -filter {jtag_cable_name =~ "Digilent Zed 210248764166" && level==0 && jtag_device_ctx=="jsn-Zed-210248764166-23727093-0"}' command is executed.
11:35:01 INFO  : Device configured successfully with "D:/A_Rada_V1.1/vitis/A_Radar_V11/_ide/bitstream/system_wrapper.bit"
11:35:01 INFO  : Context for 'APU' is selected.
11:35:02 INFO  : Hardware design and registers information is loaded from 'D:/A_Rada_V1.1/vitis/system_wrapper/export/system_wrapper/hw/system_wrapper.xsa'.
11:35:02 INFO  : 'configparams force-mem-access 1' command is executed.
11:35:02 INFO  : Context for 'APU' is selected.
11:35:02 INFO  : Sourcing of 'D:/A_Rada_V1.1/vitis/A_Radar_V11/_ide/psinit/ps7_init.tcl' is done.
11:35:02 INFO  : 'ps7_init' command is executed.
11:35:02 INFO  : 'ps7_post_config' command is executed.
11:35:02 INFO  : Context for processor 'ps7_cortexa9_0' is selected.
11:35:03 INFO  : The application 'D:/A_Rada_V1.1/vitis/A_Radar_V11/Debug/A_Radar_V11.elf' is downloaded to processor 'ps7_cortexa9_0'.
11:35:03 INFO  : 'configparams force-mem-access 0' command is executed.
11:35:03 INFO  : ----------------XSDB Script----------------
connect -url tcp:127.0.0.1:3121
targets -set -nocase -filter {name =~"APU*"}
rst -system
after 3000
targets -set -filter {jtag_cable_name =~ "Digilent Zed 210248764166" && level==0 && jtag_device_ctx=="jsn-Zed-210248764166-23727093-0"}
fpga -file D:/A_Rada_V1.1/vitis/A_Radar_V11/_ide/bitstream/system_wrapper.bit
targets -set -nocase -filter {name =~"APU*"}
loadhw -hw D:/A_Rada_V1.1/vitis/system_wrapper/export/system_wrapper/hw/system_wrapper.xsa -mem-ranges [list {0x40000000 0xbfffffff}] -regs
configparams force-mem-access 1
targets -set -nocase -filter {name =~"APU*"}
source D:/A_Rada_V1.1/vitis/A_Radar_V11/_ide/psinit/ps7_init.tcl
ps7_init
ps7_post_config
targets -set -nocase -filter {name =~ "*A9*#0"}
dow D:/A_Rada_V1.1/vitis/A_Radar_V11/Debug/A_Radar_V11.elf
configparams force-mem-access 0
----------------End of Script----------------

11:35:03 INFO  : Context for processor 'ps7_cortexa9_0' is selected.
11:35:03 INFO  : 'con' command is executed.
11:35:03 INFO  : ----------------XSDB Script (After Launch)----------------
targets -set -nocase -filter {name =~ "*A9*#0"}
con
----------------End of Script----------------

11:35:03 INFO  : Launch script is exported to file 'D:\A_Rada_V1.1\vitis\A_Radar_V11_system\_ide\scripts\debugger_a_radar_v11-default.tcl'
11:40:22 INFO  : Disconnected from the channel tcfchan#2.
11:40:26 INFO  : Connected to target on host '127.0.0.1' and port '3121'.
11:40:26 INFO  : Jtag cable 'Digilent Zed 210248764166' is selected.
11:40:26 INFO  : 'jtag frequency' command is executed.
11:40:26 INFO  : Context for 'APU' is selected.
11:40:26 INFO  : System reset is completed.
11:40:29 INFO  : 'after 3000' command is executed.
11:40:30 INFO  : 'targets -set -filter {jtag_cable_name =~ "Digilent Zed 210248764166" && level==0 && jtag_device_ctx=="jsn-Zed-210248764166-23727093-0"}' command is executed.
11:40:32 INFO  : Device configured successfully with "D:/A_Rada_V1.1/vitis/A_Radar_V11/_ide/bitstream/system_wrapper.bit"
11:40:32 INFO  : Context for 'APU' is selected.
11:40:34 INFO  : Hardware design and registers information is loaded from 'D:/A_Rada_V1.1/vitis/system_wrapper/export/system_wrapper/hw/system_wrapper.xsa'.
11:40:34 INFO  : 'configparams force-mem-access 1' command is executed.
11:40:34 INFO  : Context for 'APU' is selected.
11:40:34 INFO  : Sourcing of 'D:/A_Rada_V1.1/vitis/A_Radar_V11/_ide/psinit/ps7_init.tcl' is done.
11:40:34 INFO  : 'ps7_init' command is executed.
11:40:34 INFO  : 'ps7_post_config' command is executed.
11:40:34 INFO  : Context for processor 'ps7_cortexa9_0' is selected.
11:40:35 INFO  : The application 'D:/A_Rada_V1.1/vitis/A_Radar_V11/Debug/A_Radar_V11.elf' is downloaded to processor 'ps7_cortexa9_0'.
11:40:35 INFO  : 'configparams force-mem-access 0' command is executed.
11:40:35 INFO  : ----------------XSDB Script----------------
connect -url tcp:127.0.0.1:3121
targets -set -nocase -filter {name =~"APU*"}
rst -system
after 3000
targets -set -filter {jtag_cable_name =~ "Digilent Zed 210248764166" && level==0 && jtag_device_ctx=="jsn-Zed-210248764166-23727093-0"}
fpga -file D:/A_Rada_V1.1/vitis/A_Radar_V11/_ide/bitstream/system_wrapper.bit
targets -set -nocase -filter {name =~"APU*"}
loadhw -hw D:/A_Rada_V1.1/vitis/system_wrapper/export/system_wrapper/hw/system_wrapper.xsa -mem-ranges [list {0x40000000 0xbfffffff}] -regs
configparams force-mem-access 1
targets -set -nocase -filter {name =~"APU*"}
source D:/A_Rada_V1.1/vitis/A_Radar_V11/_ide/psinit/ps7_init.tcl
ps7_init
ps7_post_config
targets -set -nocase -filter {name =~ "*A9*#0"}
dow D:/A_Rada_V1.1/vitis/A_Radar_V11/Debug/A_Radar_V11.elf
configparams force-mem-access 0
----------------End of Script----------------

11:40:35 INFO  : Context for processor 'ps7_cortexa9_0' is selected.
11:40:35 INFO  : 'con' command is executed.
11:40:35 INFO  : ----------------XSDB Script (After Launch)----------------
targets -set -nocase -filter {name =~ "*A9*#0"}
con
----------------End of Script----------------

11:40:35 INFO  : Launch script is exported to file 'D:\A_Rada_V1.1\vitis\A_Radar_V11_system\_ide\scripts\debugger_a_radar_v11-default.tcl'
11:43:43 INFO  : Disconnected from the channel tcfchan#3.
11:43:47 INFO  : Connected to target on host '127.0.0.1' and port '3121'.
11:43:48 INFO  : Jtag cable 'Digilent Zed 210248764166' is selected.
11:43:48 INFO  : 'jtag frequency' command is executed.
11:43:48 INFO  : Context for 'APU' is selected.
11:43:48 INFO  : System reset is completed.
11:43:51 INFO  : 'after 3000' command is executed.
11:43:51 INFO  : 'targets -set -filter {jtag_cable_name =~ "Digilent Zed 210248764166" && level==0 && jtag_device_ctx=="jsn-Zed-210248764166-23727093-0"}' command is executed.
11:43:53 INFO  : Device configured successfully with "D:/A_Rada_V1.1/vitis/A_Radar_V11/_ide/bitstream/system_wrapper.bit"
11:43:53 INFO  : Context for 'APU' is selected.
11:43:54 INFO  : Hardware design and registers information is loaded from 'D:/A_Rada_V1.1/vitis/system_wrapper/export/system_wrapper/hw/system_wrapper.xsa'.
11:43:54 INFO  : 'configparams force-mem-access 1' command is executed.
11:43:54 INFO  : Context for 'APU' is selected.
11:43:54 INFO  : Sourcing of 'D:/A_Rada_V1.1/vitis/A_Radar_V11/_ide/psinit/ps7_init.tcl' is done.
11:43:54 INFO  : 'ps7_init' command is executed.
11:43:54 INFO  : 'ps7_post_config' command is executed.
11:43:54 INFO  : Context for processor 'ps7_cortexa9_0' is selected.
11:43:55 INFO  : The application 'D:/A_Rada_V1.1/vitis/A_Radar_V11/Debug/A_Radar_V11.elf' is downloaded to processor 'ps7_cortexa9_0'.
11:43:55 INFO  : 'configparams force-mem-access 0' command is executed.
11:43:55 INFO  : ----------------XSDB Script----------------
connect -url tcp:127.0.0.1:3121
targets -set -nocase -filter {name =~"APU*"}
rst -system
after 3000
targets -set -filter {jtag_cable_name =~ "Digilent Zed 210248764166" && level==0 && jtag_device_ctx=="jsn-Zed-210248764166-23727093-0"}
fpga -file D:/A_Rada_V1.1/vitis/A_Radar_V11/_ide/bitstream/system_wrapper.bit
targets -set -nocase -filter {name =~"APU*"}
loadhw -hw D:/A_Rada_V1.1/vitis/system_wrapper/export/system_wrapper/hw/system_wrapper.xsa -mem-ranges [list {0x40000000 0xbfffffff}] -regs
configparams force-mem-access 1
targets -set -nocase -filter {name =~"APU*"}
source D:/A_Rada_V1.1/vitis/A_Radar_V11/_ide/psinit/ps7_init.tcl
ps7_init
ps7_post_config
targets -set -nocase -filter {name =~ "*A9*#0"}
dow D:/A_Rada_V1.1/vitis/A_Radar_V11/Debug/A_Radar_V11.elf
configparams force-mem-access 0
----------------End of Script----------------

11:43:55 INFO  : Context for processor 'ps7_cortexa9_0' is selected.
11:43:55 INFO  : 'con' command is executed.
11:43:55 INFO  : ----------------XSDB Script (After Launch)----------------
targets -set -nocase -filter {name =~ "*A9*#0"}
con
----------------End of Script----------------

11:43:55 INFO  : Launch script is exported to file 'D:\A_Rada_V1.1\vitis\A_Radar_V11_system\_ide\scripts\debugger_a_radar_v11-default.tcl'
14:19:28 INFO  : Disconnected from the channel tcfchan#4.
14:19:47 INFO  : Launching XSCT server: xsct.bat -n  -interactive D:\A_Rada_V1.1\vitis\temp_xsdb_launch_script.tcl
14:19:49 INFO  : XSCT server has started successfully.
14:19:49 INFO  : plnx-install-location is set to ''
14:19:49 INFO  : Successfully done setting XSCT server connection channel  
14:19:49 INFO  : Successfully done setting workspace for the tool. 
14:19:50 INFO  : Platform repository initialization has completed.
14:19:50 INFO  : Successfully done query RDI_DATADIR 
14:19:50 INFO  : Registering command handlers for Vitis TCF services
14:20:39 INFO  : Hardware specification for platform project 'system_wrapper' is updated.
14:23:51 INFO  : Result from executing command 'removePlatformRepo': 
14:24:16 INFO  : Result from executing command 'getProjects': system_wrapper
14:24:16 INFO  : Result from executing command 'getPlatforms': 
14:24:31 INFO  : Checking for BSP changes to sync application flags for project 'A_Radar_V11'...
14:24:34 INFO  : The hardware specification used by project 'A_Radar_V11' is out of sync with the platform. Resource files extracted from the hardware specification will be updated.
14:24:34 INFO  : The file 'D:\A_Rada_V1.1\vitis\A_Radar_V11\_ide\bitstream\system_wrapper.bit' stored in project is removed.
14:24:34 INFO  : The updated bitstream files are copied from platform to folder 'D:\A_Rada_V1.1\vitis\A_Radar_V11\_ide\bitstream' in project 'A_Radar_V11'.
14:24:34 INFO  : The file 'D:\A_Rada_V1.1\vitis\A_Radar_V11\_ide\psinit\ps7_init.tcl' stored in project is removed.
14:24:36 INFO  : The updated ps init files are copied from platform to folder 'D:\A_Rada_V1.1\vitis\A_Radar_V11\_ide\psinit' in project 'A_Radar_V11'.
14:24:58 INFO  : Connected to target on host '127.0.0.1' and port '3121'.
14:24:58 INFO  : Jtag cable 'Digilent Zed 210248764166' is selected.
14:24:58 INFO  : 'jtag frequency' command is executed.
14:24:58 INFO  : Context for 'APU' is selected.
14:24:58 INFO  : System reset is completed.
14:25:01 INFO  : 'after 3000' command is executed.
14:25:01 INFO  : 'targets -set -filter {jtag_cable_name =~ "Digilent Zed 210248764166" && level==0 && jtag_device_ctx=="jsn-Zed-210248764166-23727093-0"}' command is executed.
14:25:03 INFO  : Device configured successfully with "D:/A_Rada_V1.1/vitis/A_Radar_V11/_ide/bitstream/system_wrapper.bit"
14:25:03 INFO  : Context for 'APU' is selected.
14:25:03 INFO  : Hardware design and registers information is loaded from 'D:/A_Rada_V1.1/vitis/system_wrapper/export/system_wrapper/hw/system_wrapper.xsa'.
14:25:03 INFO  : 'configparams force-mem-access 1' command is executed.
14:25:03 INFO  : Context for 'APU' is selected.
14:25:03 INFO  : Sourcing of 'D:/A_Rada_V1.1/vitis/A_Radar_V11/_ide/psinit/ps7_init.tcl' is done.
14:25:04 INFO  : 'ps7_init' command is executed.
14:25:04 INFO  : 'ps7_post_config' command is executed.
14:25:04 INFO  : Context for processor 'ps7_cortexa9_0' is selected.
14:25:04 INFO  : The application 'D:/A_Rada_V1.1/vitis/A_Radar_V11/Debug/A_Radar_V11.elf' is downloaded to processor 'ps7_cortexa9_0'.
14:25:04 INFO  : 'configparams force-mem-access 0' command is executed.
14:25:04 INFO  : ----------------XSDB Script----------------
connect -url tcp:127.0.0.1:3121
targets -set -nocase -filter {name =~"APU*"}
rst -system
after 3000
targets -set -filter {jtag_cable_name =~ "Digilent Zed 210248764166" && level==0 && jtag_device_ctx=="jsn-Zed-210248764166-23727093-0"}
fpga -file D:/A_Rada_V1.1/vitis/A_Radar_V11/_ide/bitstream/system_wrapper.bit
targets -set -nocase -filter {name =~"APU*"}
loadhw -hw D:/A_Rada_V1.1/vitis/system_wrapper/export/system_wrapper/hw/system_wrapper.xsa -mem-ranges [list {0x40000000 0xbfffffff}] -regs
configparams force-mem-access 1
targets -set -nocase -filter {name =~"APU*"}
source D:/A_Rada_V1.1/vitis/A_Radar_V11/_ide/psinit/ps7_init.tcl
ps7_init
ps7_post_config
targets -set -nocase -filter {name =~ "*A9*#0"}
dow D:/A_Rada_V1.1/vitis/A_Radar_V11/Debug/A_Radar_V11.elf
configparams force-mem-access 0
----------------End of Script----------------

14:25:04 INFO  : Context for processor 'ps7_cortexa9_0' is selected.
14:25:04 INFO  : 'con' command is executed.
14:25:04 INFO  : ----------------XSDB Script (After Launch)----------------
targets -set -nocase -filter {name =~ "*A9*#0"}
con
----------------End of Script----------------

14:25:04 INFO  : Launch script is exported to file 'D:\A_Rada_V1.1\vitis\A_Radar_V11_system\_ide\scripts\debugger_a_radar_v11-default.tcl'
14:27:05 INFO  : Disconnected from the channel tcfchan#4.
14:27:08 INFO  : Connected to target on host '127.0.0.1' and port '3121'.
14:27:08 INFO  : Jtag cable 'Digilent Zed 210248764166' is selected.
14:27:08 INFO  : 'jtag frequency' command is executed.
14:27:08 INFO  : Context for 'APU' is selected.
14:27:08 INFO  : System reset is completed.
14:27:11 INFO  : 'after 3000' command is executed.
14:27:11 INFO  : 'targets -set -filter {jtag_cable_name =~ "Digilent Zed 210248764166" && level==0 && jtag_device_ctx=="jsn-Zed-210248764166-23727093-0"}' command is executed.
14:27:13 INFO  : Device configured successfully with "D:/A_Rada_V1.1/vitis/A_Radar_V11/_ide/bitstream/system_wrapper.bit"
14:27:13 INFO  : Context for 'APU' is selected.
14:27:13 INFO  : Hardware design and registers information is loaded from 'D:/A_Rada_V1.1/vitis/system_wrapper/export/system_wrapper/hw/system_wrapper.xsa'.
14:27:13 INFO  : 'configparams force-mem-access 1' command is executed.
14:27:14 INFO  : Context for 'APU' is selected.
14:27:14 INFO  : Sourcing of 'D:/A_Rada_V1.1/vitis/A_Radar_V11/_ide/psinit/ps7_init.tcl' is done.
14:27:14 INFO  : 'ps7_init' command is executed.
14:27:14 INFO  : 'ps7_post_config' command is executed.
14:27:14 INFO  : Context for processor 'ps7_cortexa9_0' is selected.
14:27:14 INFO  : The application 'D:/A_Rada_V1.1/vitis/A_Radar_V11/Debug/A_Radar_V11.elf' is downloaded to processor 'ps7_cortexa9_0'.
14:27:14 INFO  : 'configparams force-mem-access 0' command is executed.
14:27:14 INFO  : ----------------XSDB Script----------------
connect -url tcp:127.0.0.1:3121
targets -set -nocase -filter {name =~"APU*"}
rst -system
after 3000
targets -set -filter {jtag_cable_name =~ "Digilent Zed 210248764166" && level==0 && jtag_device_ctx=="jsn-Zed-210248764166-23727093-0"}
fpga -file D:/A_Rada_V1.1/vitis/A_Radar_V11/_ide/bitstream/system_wrapper.bit
targets -set -nocase -filter {name =~"APU*"}
loadhw -hw D:/A_Rada_V1.1/vitis/system_wrapper/export/system_wrapper/hw/system_wrapper.xsa -mem-ranges [list {0x40000000 0xbfffffff}] -regs
configparams force-mem-access 1
targets -set -nocase -filter {name =~"APU*"}
source D:/A_Rada_V1.1/vitis/A_Radar_V11/_ide/psinit/ps7_init.tcl
ps7_init
ps7_post_config
targets -set -nocase -filter {name =~ "*A9*#0"}
dow D:/A_Rada_V1.1/vitis/A_Radar_V11/Debug/A_Radar_V11.elf
configparams force-mem-access 0
----------------End of Script----------------

14:27:14 INFO  : Context for processor 'ps7_cortexa9_0' is selected.
14:27:14 INFO  : 'con' command is executed.
14:27:14 INFO  : ----------------XSDB Script (After Launch)----------------
targets -set -nocase -filter {name =~ "*A9*#0"}
con
----------------End of Script----------------

14:27:14 INFO  : Launch script is exported to file 'D:\A_Rada_V1.1\vitis\A_Radar_V11_system\_ide\scripts\debugger_a_radar_v11-default.tcl'
15:06:34 INFO  : Hardware specification for platform project 'system_wrapper' is updated.
15:06:59 INFO  : Result from executing command 'removePlatformRepo': 
15:09:04 INFO  : Result from executing command 'removePlatformRepo': 
15:09:21 INFO  : Result from executing command 'getProjects': system_wrapper
15:09:21 INFO  : Result from executing command 'getPlatforms': 
15:09:36 INFO  : Result from executing command 'removePlatformRepo': 
15:09:56 INFO  : Result from executing command 'getProjects': system_wrapper
15:09:56 INFO  : Result from executing command 'getPlatforms': 
15:10:11 INFO  : Checking for BSP changes to sync application flags for project 'A_Radar_V11'...
15:10:14 INFO  : The hardware specification used by project 'A_Radar_V11' is out of sync with the platform. Resource files extracted from the hardware specification will be updated.
15:10:14 INFO  : The file 'D:\A_Rada_V1.1\vitis\A_Radar_V11\_ide\bitstream\system_wrapper.bit' stored in project is removed.
15:10:14 INFO  : The updated bitstream files are copied from platform to folder 'D:\A_Rada_V1.1\vitis\A_Radar_V11\_ide\bitstream' in project 'A_Radar_V11'.
15:10:14 INFO  : The file 'D:\A_Rada_V1.1\vitis\A_Radar_V11\_ide\psinit\ps7_init.tcl' stored in project is removed.
15:10:16 INFO  : The updated ps init files are copied from platform to folder 'D:\A_Rada_V1.1\vitis\A_Radar_V11\_ide\psinit' in project 'A_Radar_V11'.
15:10:28 INFO  : Disconnected from the channel tcfchan#5.
15:10:29 INFO  : Connected to target on host '127.0.0.1' and port '3121'.
15:10:38 INFO  : ----------------XSDB Script----------------
connect -url tcp:127.0.0.1:3121
----------------End of Script----------------

15:10:38 ERROR : Could not find ARM device on the board for connection 'Local'.
Check if the target is in:
1. Split JTAG - No operations are possible with ARM DAP.
2. Non JTAG bootmode - Bootrom may need time to enable DAP.
Please try again.


Troubleshooting hints:
1. Check whether board is connected to system properly.
2. In case of zynq board, check whether Digilent/Xilinx cable switch settings are correct.
3. If you are using Xilinx Platform Cable USB, ensure that status LED is green.
15:11:06 INFO  : Connected to target on host '127.0.0.1' and port '3121'.
15:11:06 INFO  : Jtag cable 'Digilent Zed 210248764166' is selected.
15:11:06 INFO  : 'jtag frequency' command is executed.
15:11:06 INFO  : Context for 'APU' is selected.
15:11:06 INFO  : System reset is completed.
15:11:09 INFO  : 'after 3000' command is executed.
15:11:09 INFO  : 'targets -set -filter {jtag_cable_name =~ "Digilent Zed 210248764166" && level==0 && jtag_device_ctx=="jsn-Zed-210248764166-23727093-0"}' command is executed.
15:11:12 INFO  : Device configured successfully with "D:/A_Rada_V1.1/vitis/A_Radar_V11/_ide/bitstream/system_wrapper.bit"
15:11:12 INFO  : Context for 'APU' is selected.
15:11:12 INFO  : Hardware design and registers information is loaded from 'D:/A_Rada_V1.1/vitis/system_wrapper/export/system_wrapper/hw/system_wrapper.xsa'.
15:11:12 INFO  : 'configparams force-mem-access 1' command is executed.
15:11:12 INFO  : Context for 'APU' is selected.
15:11:12 INFO  : Sourcing of 'D:/A_Rada_V1.1/vitis/A_Radar_V11/_ide/psinit/ps7_init.tcl' is done.
15:11:12 INFO  : 'ps7_init' command is executed.
15:11:12 INFO  : 'ps7_post_config' command is executed.
15:11:12 INFO  : Context for processor 'ps7_cortexa9_0' is selected.
15:11:12 INFO  : The application 'D:/A_Rada_V1.1/vitis/A_Radar_V11/Debug/A_Radar_V11.elf' is downloaded to processor 'ps7_cortexa9_0'.
15:11:12 INFO  : 'configparams force-mem-access 0' command is executed.
15:11:12 INFO  : ----------------XSDB Script----------------
connect -url tcp:127.0.0.1:3121
targets -set -nocase -filter {name =~"APU*"}
rst -system
after 3000
targets -set -filter {jtag_cable_name =~ "Digilent Zed 210248764166" && level==0 && jtag_device_ctx=="jsn-Zed-210248764166-23727093-0"}
fpga -file D:/A_Rada_V1.1/vitis/A_Radar_V11/_ide/bitstream/system_wrapper.bit
targets -set -nocase -filter {name =~"APU*"}
loadhw -hw D:/A_Rada_V1.1/vitis/system_wrapper/export/system_wrapper/hw/system_wrapper.xsa -mem-ranges [list {0x40000000 0xbfffffff}] -regs
configparams force-mem-access 1
targets -set -nocase -filter {name =~"APU*"}
source D:/A_Rada_V1.1/vitis/A_Radar_V11/_ide/psinit/ps7_init.tcl
ps7_init
ps7_post_config
targets -set -nocase -filter {name =~ "*A9*#0"}
dow D:/A_Rada_V1.1/vitis/A_Radar_V11/Debug/A_Radar_V11.elf
configparams force-mem-access 0
----------------End of Script----------------

15:11:13 INFO  : Context for processor 'ps7_cortexa9_0' is selected.
15:11:13 INFO  : 'con' command is executed.
15:11:13 INFO  : ----------------XSDB Script (After Launch)----------------
targets -set -nocase -filter {name =~ "*A9*#0"}
con
----------------End of Script----------------

15:11:13 INFO  : Launch script is exported to file 'D:\A_Rada_V1.1\vitis\A_Radar_V11_system\_ide\scripts\debugger_a_radar_v11-default.tcl'
15:21:30 INFO  : Disconnected from the channel tcfchan#13.
15:21:31 INFO  : Connected to target on host '127.0.0.1' and port '3121'.
15:21:31 INFO  : Jtag cable 'Digilent Zed 210248764166' is selected.
15:21:31 INFO  : 'jtag frequency' command is executed.
15:21:32 INFO  : Context for 'APU' is selected.
15:21:32 INFO  : System reset is completed.
15:21:35 INFO  : 'after 3000' command is executed.
15:21:35 INFO  : 'targets -set -filter {jtag_cable_name =~ "Digilent Zed 210248764166" && level==0 && jtag_device_ctx=="jsn-Zed-210248764166-23727093-0"}' command is executed.
15:21:37 INFO  : Device configured successfully with "D:/A_Rada_V1.1/vitis/A_Radar_V11/_ide/bitstream/system_wrapper.bit"
15:21:37 INFO  : Context for 'APU' is selected.
15:21:37 INFO  : Hardware design and registers information is loaded from 'D:/A_Rada_V1.1/vitis/system_wrapper/export/system_wrapper/hw/system_wrapper.xsa'.
15:21:37 INFO  : 'configparams force-mem-access 1' command is executed.
15:21:37 INFO  : Context for 'APU' is selected.
15:21:37 INFO  : Sourcing of 'D:/A_Rada_V1.1/vitis/A_Radar_V11/_ide/psinit/ps7_init.tcl' is done.
15:21:37 INFO  : 'ps7_init' command is executed.
15:21:37 INFO  : 'ps7_post_config' command is executed.
15:21:37 INFO  : Context for processor 'ps7_cortexa9_0' is selected.
15:21:38 INFO  : The application 'D:/A_Rada_V1.1/vitis/A_Radar_V11/Debug/A_Radar_V11.elf' is downloaded to processor 'ps7_cortexa9_0'.
15:21:38 INFO  : 'configparams force-mem-access 0' command is executed.
15:21:38 INFO  : ----------------XSDB Script----------------
connect -url tcp:127.0.0.1:3121
targets -set -nocase -filter {name =~"APU*"}
rst -system
after 3000
targets -set -filter {jtag_cable_name =~ "Digilent Zed 210248764166" && level==0 && jtag_device_ctx=="jsn-Zed-210248764166-23727093-0"}
fpga -file D:/A_Rada_V1.1/vitis/A_Radar_V11/_ide/bitstream/system_wrapper.bit
targets -set -nocase -filter {name =~"APU*"}
loadhw -hw D:/A_Rada_V1.1/vitis/system_wrapper/export/system_wrapper/hw/system_wrapper.xsa -mem-ranges [list {0x40000000 0xbfffffff}] -regs
configparams force-mem-access 1
targets -set -nocase -filter {name =~"APU*"}
source D:/A_Rada_V1.1/vitis/A_Radar_V11/_ide/psinit/ps7_init.tcl
ps7_init
ps7_post_config
targets -set -nocase -filter {name =~ "*A9*#0"}
dow D:/A_Rada_V1.1/vitis/A_Radar_V11/Debug/A_Radar_V11.elf
configparams force-mem-access 0
----------------End of Script----------------

15:21:38 INFO  : Context for processor 'ps7_cortexa9_0' is selected.
15:21:38 INFO  : 'con' command is executed.
15:21:38 INFO  : ----------------XSDB Script (After Launch)----------------
targets -set -nocase -filter {name =~ "*A9*#0"}
con
----------------End of Script----------------

15:21:38 INFO  : Launch script is exported to file 'D:\A_Rada_V1.1\vitis\A_Radar_V11_system\_ide\scripts\debugger_a_radar_v11-default.tcl'
16:01:01 INFO  : Hardware specification for platform project 'system_wrapper' is updated.
16:01:51 INFO  : Result from executing command 'removePlatformRepo': 
16:02:12 INFO  : Result from executing command 'getProjects': system_wrapper
16:02:12 INFO  : Result from executing command 'getPlatforms': 
16:03:51 INFO  : Checking for BSP changes to sync application flags for project 'A_Radar_V11'...
16:03:54 INFO  : The hardware specification used by project 'A_Radar_V11' is out of sync with the platform. Resource files extracted from the hardware specification will be updated.
16:03:54 INFO  : The file 'D:\A_Rada_V1.1\vitis\A_Radar_V11\_ide\bitstream\system_wrapper.bit' stored in project is removed.
16:03:54 INFO  : The updated bitstream files are copied from platform to folder 'D:\A_Rada_V1.1\vitis\A_Radar_V11\_ide\bitstream' in project 'A_Radar_V11'.
16:03:54 INFO  : The file 'D:\A_Rada_V1.1\vitis\A_Radar_V11\_ide\psinit\ps7_init.tcl' stored in project is removed.
16:03:56 INFO  : The updated ps init files are copied from platform to folder 'D:\A_Rada_V1.1\vitis\A_Radar_V11\_ide\psinit' in project 'A_Radar_V11'.
16:04:10 INFO  : Disconnected from the channel tcfchan#14.
16:04:11 INFO  : Connected to target on host '127.0.0.1' and port '3121'.
16:04:20 INFO  : ----------------XSDB Script----------------
connect -url tcp:127.0.0.1:3121
----------------End of Script----------------

16:04:20 ERROR : Could not find FPGA device on the board for connection 'Local'.


Troubleshooting hints:
1. Check whether board is connected to system properly.
2. In case of zynq board, check whether Digilent/Xilinx cable switch settings are correct.
3. If you are using Xilinx Platform Cable USB, ensure that status LED is green.
16:07:08 INFO  : Connected to target on host '127.0.0.1' and port '3121'.
16:07:08 INFO  : Jtag cable 'Digilent Zed 210248764166' is selected.
16:07:08 INFO  : 'jtag frequency' command is executed.
16:07:08 INFO  : Context for 'APU' is selected.
16:07:08 INFO  : System reset is completed.
16:07:11 INFO  : 'after 3000' command is executed.
16:07:11 INFO  : 'targets -set -filter {jtag_cable_name =~ "Digilent Zed 210248764166" && level==0 && jtag_device_ctx=="jsn-Zed-210248764166-23727093-0"}' command is executed.
16:07:13 INFO  : Device configured successfully with "D:/A_Rada_V1.1/vitis/A_Radar_V11/_ide/bitstream/system_wrapper.bit"
16:07:13 INFO  : Context for 'APU' is selected.
16:07:13 INFO  : Hardware design and registers information is loaded from 'D:/A_Rada_V1.1/vitis/system_wrapper/export/system_wrapper/hw/system_wrapper.xsa'.
16:07:13 INFO  : 'configparams force-mem-access 1' command is executed.
16:07:13 INFO  : Context for 'APU' is selected.
16:07:13 INFO  : Sourcing of 'D:/A_Rada_V1.1/vitis/A_Radar_V11/_ide/psinit/ps7_init.tcl' is done.
16:07:14 INFO  : 'ps7_init' command is executed.
16:07:14 INFO  : 'ps7_post_config' command is executed.
16:07:14 INFO  : Context for processor 'ps7_cortexa9_0' is selected.
16:07:14 INFO  : The application 'D:/A_Rada_V1.1/vitis/A_Radar_V11/Debug/A_Radar_V11.elf' is downloaded to processor 'ps7_cortexa9_0'.
16:07:14 INFO  : 'configparams force-mem-access 0' command is executed.
16:07:14 INFO  : ----------------XSDB Script----------------
connect -url tcp:127.0.0.1:3121
targets -set -nocase -filter {name =~"APU*"}
rst -system
after 3000
targets -set -filter {jtag_cable_name =~ "Digilent Zed 210248764166" && level==0 && jtag_device_ctx=="jsn-Zed-210248764166-23727093-0"}
fpga -file D:/A_Rada_V1.1/vitis/A_Radar_V11/_ide/bitstream/system_wrapper.bit
targets -set -nocase -filter {name =~"APU*"}
loadhw -hw D:/A_Rada_V1.1/vitis/system_wrapper/export/system_wrapper/hw/system_wrapper.xsa -mem-ranges [list {0x40000000 0xbfffffff}] -regs
configparams force-mem-access 1
targets -set -nocase -filter {name =~"APU*"}
source D:/A_Rada_V1.1/vitis/A_Radar_V11/_ide/psinit/ps7_init.tcl
ps7_init
ps7_post_config
targets -set -nocase -filter {name =~ "*A9*#0"}
dow D:/A_Rada_V1.1/vitis/A_Radar_V11/Debug/A_Radar_V11.elf
configparams force-mem-access 0
----------------End of Script----------------

16:07:14 INFO  : Context for processor 'ps7_cortexa9_0' is selected.
16:07:14 INFO  : 'con' command is executed.
16:07:14 INFO  : ----------------XSDB Script (After Launch)----------------
targets -set -nocase -filter {name =~ "*A9*#0"}
con
----------------End of Script----------------

16:07:14 INFO  : Launch script is exported to file 'D:\A_Rada_V1.1\vitis\A_Radar_V11_system\_ide\scripts\debugger_a_radar_v11-default.tcl'
16:13:43 INFO  : Hardware specification for platform project 'system_wrapper' is updated.
16:14:21 INFO  : Result from executing command 'removePlatformRepo': 
16:15:07 INFO  : Result from executing command 'getProjects': system_wrapper
16:15:07 INFO  : Result from executing command 'getPlatforms': 
16:15:31 INFO  : Checking for BSP changes to sync application flags for project 'A_Radar_V11'...
16:15:34 INFO  : The hardware specification used by project 'A_Radar_V11' is out of sync with the platform. Resource files extracted from the hardware specification will be updated.
16:15:34 INFO  : The file 'D:\A_Rada_V1.1\vitis\A_Radar_V11\_ide\bitstream\system_wrapper.bit' stored in project is removed.
16:15:34 INFO  : The updated bitstream files are copied from platform to folder 'D:\A_Rada_V1.1\vitis\A_Radar_V11\_ide\bitstream' in project 'A_Radar_V11'.
16:15:34 INFO  : The file 'D:\A_Rada_V1.1\vitis\A_Radar_V11\_ide\psinit\ps7_init.tcl' stored in project is removed.
16:15:36 INFO  : The updated ps init files are copied from platform to folder 'D:\A_Rada_V1.1\vitis\A_Radar_V11\_ide\psinit' in project 'A_Radar_V11'.
16:16:03 INFO  : Disconnected from the channel tcfchan#18.
16:16:04 INFO  : Connected to target on host '127.0.0.1' and port '3121'.
16:16:05 INFO  : ----------------XSDB Script----------------
connect -url tcp:127.0.0.1:3121
----------------End of Script----------------

16:16:05 ERROR : Could not find FPGA device on the board for connection 'Local'.


Troubleshooting hints:
1. Check whether board is connected to system properly.
2. In case of zynq board, check whether Digilent/Xilinx cable switch settings are correct.
3. If you are using Xilinx Platform Cable USB, ensure that status LED is green.
16:16:14 INFO  : Connected to target on host '127.0.0.1' and port '3121'.
16:16:14 INFO  : Jtag cable 'Digilent Zed 210248764166' is selected.
16:16:14 INFO  : 'jtag frequency' command is executed.
16:16:14 INFO  : Context for 'APU' is selected.
16:16:14 INFO  : System reset is completed.
16:16:17 INFO  : 'after 3000' command is executed.
16:16:17 INFO  : 'targets -set -filter {jtag_cable_name =~ "Digilent Zed 210248764166" && level==0 && jtag_device_ctx=="jsn-Zed-210248764166-23727093-0"}' command is executed.
16:16:19 INFO  : Device configured successfully with "D:/A_Rada_V1.1/vitis/A_Radar_V11/_ide/bitstream/system_wrapper.bit"
16:16:19 INFO  : Context for 'APU' is selected.
16:16:20 INFO  : Hardware design and registers information is loaded from 'D:/A_Rada_V1.1/vitis/system_wrapper/export/system_wrapper/hw/system_wrapper.xsa'.
16:16:20 INFO  : 'configparams force-mem-access 1' command is executed.
16:16:20 INFO  : Context for 'APU' is selected.
16:16:20 INFO  : Sourcing of 'D:/A_Rada_V1.1/vitis/A_Radar_V11/_ide/psinit/ps7_init.tcl' is done.
16:16:20 INFO  : 'ps7_init' command is executed.
16:16:20 INFO  : 'ps7_post_config' command is executed.
16:16:20 INFO  : Context for processor 'ps7_cortexa9_0' is selected.
16:16:20 INFO  : The application 'D:/A_Rada_V1.1/vitis/A_Radar_V11/Debug/A_Radar_V11.elf' is downloaded to processor 'ps7_cortexa9_0'.
16:16:20 INFO  : 'configparams force-mem-access 0' command is executed.
16:16:20 INFO  : ----------------XSDB Script----------------
connect -url tcp:127.0.0.1:3121
targets -set -nocase -filter {name =~"APU*"}
rst -system
after 3000
targets -set -filter {jtag_cable_name =~ "Digilent Zed 210248764166" && level==0 && jtag_device_ctx=="jsn-Zed-210248764166-23727093-0"}
fpga -file D:/A_Rada_V1.1/vitis/A_Radar_V11/_ide/bitstream/system_wrapper.bit
targets -set -nocase -filter {name =~"APU*"}
loadhw -hw D:/A_Rada_V1.1/vitis/system_wrapper/export/system_wrapper/hw/system_wrapper.xsa -mem-ranges [list {0x40000000 0xbfffffff}] -regs
configparams force-mem-access 1
targets -set -nocase -filter {name =~"APU*"}
source D:/A_Rada_V1.1/vitis/A_Radar_V11/_ide/psinit/ps7_init.tcl
ps7_init
ps7_post_config
targets -set -nocase -filter {name =~ "*A9*#0"}
dow D:/A_Rada_V1.1/vitis/A_Radar_V11/Debug/A_Radar_V11.elf
configparams force-mem-access 0
----------------End of Script----------------

16:16:20 INFO  : Context for processor 'ps7_cortexa9_0' is selected.
16:16:20 INFO  : 'con' command is executed.
16:16:20 INFO  : ----------------XSDB Script (After Launch)----------------
targets -set -nocase -filter {name =~ "*A9*#0"}
con
----------------End of Script----------------

16:16:20 INFO  : Launch script is exported to file 'D:\A_Rada_V1.1\vitis\A_Radar_V11_system\_ide\scripts\debugger_a_radar_v11-default.tcl'
16:33:35 INFO  : Checking for BSP changes to sync application flags for project 'A_Radar_V11'...
16:33:51 INFO  : Invoking Bootgen: bootgen -image A_Radar_V11_system.bif -arch zynq -o D:\A_Rada_V1.1\vitis\A_Radar_V11_system\Debug\sd_card\BOOT.BIN -w on
16:33:51 INFO  : Overwriting existing bif file D:/A_Rada_V1.1/vitis/A_Radar_V11_system/_ide/bootimage/A_Radar_V11_system.bif
16:33:52 INFO  : Bootgen command execution is done.
16:33:54 INFO  : Disconnected from the channel tcfchan#22.
09:55:19 INFO  : Launching XSCT server: xsct.bat -n  -interactive D:\ASUS-PC\Desktop\temporary\A_Rada_V1.1\vitis\temp_xsdb_launch_script.tcl
09:55:20 INFO  : XSCT server has started successfully.
09:55:20 INFO  : plnx-install-location is set to ''
09:55:20 INFO  : Successfully done setting XSCT server connection channel  
09:55:20 INFO  : Successfully done setting workspace for the tool. 
09:55:21 ERROR : Error encountered while initializing user repository paths
Reason: No Platforms Found.


09:55:21 INFO  : Platform repository initialization has completed.
09:55:21 INFO  : Registering command handlers for Vitis TCF services
09:55:21 INFO  : Successfully done query RDI_DATADIR 
09:55:28 INFO  : Checking for BSP changes to sync application flags for project 'A_Radar_V11'...
09:55:28 ERROR : Failed to get platform details for the project 'A_Radar_V11'. Cannot sync application flags.
09:55:46 INFO  : Checking for BSP changes to sync application flags for project 'A_Radar_V11'...
09:55:49 ERROR : (XSDB Server)ERROR: [Hsi 55-1571] The design file D:/ASUS-PC/Desktop/temporary/A_Rada_V1.1/vitis/system_wrapper/export/system_wrapper/hw/system_wrapper.xsa is already opened

09:58:12 INFO  : Invoking Bootgen: bootgen -image A_Radar_V11_system.bif -arch zynq -o D:\ASUS-PC\Desktop\temporary\A_Rada_V1.1\vitis\A_Radar_V11_system\Debug\sd_card\BOOT.BIN -w on
09:58:12 INFO  : Overwriting existing bif file D:/ASUS-PC/Desktop/temporary/A_Rada_V1.1/vitis/A_Radar_V11_system/_ide/bootimage/A_Radar_V11_system.bif
09:58:13 INFO  : Bootgen command execution is done.
09:17:37 INFO  : Launching XSCT server: xsct.bat -n  -interactive D:\ASUS-PC\Desktop\temporary\A_Rada_V1.1\vitis\temp_xsdb_launch_script.tcl
09:17:38 INFO  : Platform repository initialization has completed.
09:17:38 INFO  : XSCT server has started successfully.
09:17:38 INFO  : Successfully done setting XSCT server connection channel  
09:17:38 INFO  : plnx-install-location is set to ''
09:17:38 INFO  : Successfully done setting workspace for the tool. 
09:17:39 INFO  : Successfully done query RDI_DATADIR 
09:17:40 INFO  : Registering command handlers for Vitis TCF services
09:26:09 INFO  : Checking for BSP changes to sync application flags for project 'A_Radar_V11'...
09:29:08 INFO  : Checking for BSP changes to sync application flags for project 'A_Radar_V11'...
09:29:58 INFO  : Checking for BSP changes to sync application flags for project 'A_Radar_V11'...
09:30:04 INFO  : Connected to target on host '127.0.0.1' and port '3121'.
09:30:04 INFO  : Jtag cable 'Digilent Zed 210248764166' is selected.
09:30:04 INFO  : 'jtag frequency' command is executed.
09:30:04 INFO  : Context for 'APU' is selected.
09:30:04 INFO  : System reset is completed.
09:30:07 INFO  : 'after 3000' command is executed.
09:30:07 INFO  : 'targets -set -filter {jtag_cable_name =~ "Digilent Zed 210248764166" && level==0 && jtag_device_ctx=="jsn-Zed-210248764166-23727093-0"}' command is executed.
09:30:09 INFO  : Device configured successfully with "D:/ASUS-PC/Desktop/temporary/A_Rada_V1.1/vitis/A_Radar_V11/_ide/bitstream/system_wrapper.bit"
09:30:09 INFO  : Context for 'APU' is selected.
09:30:09 INFO  : Hardware design and registers information is loaded from 'D:/ASUS-PC/Desktop/temporary/A_Rada_V1.1/vitis/system_wrapper/export/system_wrapper/hw/system_wrapper.xsa'.
09:30:09 INFO  : 'configparams force-mem-access 1' command is executed.
09:30:09 INFO  : Context for 'APU' is selected.
09:30:09 INFO  : Sourcing of 'D:/ASUS-PC/Desktop/temporary/A_Rada_V1.1/vitis/A_Radar_V11/_ide/psinit/ps7_init.tcl' is done.
09:30:10 INFO  : 'ps7_init' command is executed.
09:30:10 INFO  : 'ps7_post_config' command is executed.
09:30:10 INFO  : Context for processor 'ps7_cortexa9_0' is selected.
09:30:10 INFO  : The application 'D:/ASUS-PC/Desktop/temporary/A_Rada_V1.1/vitis/A_Radar_V11/Debug/A_Radar_V11.elf' is downloaded to processor 'ps7_cortexa9_0'.
09:30:10 INFO  : 'configparams force-mem-access 0' command is executed.
09:30:10 INFO  : ----------------XSDB Script----------------
connect -url tcp:127.0.0.1:3121
targets -set -nocase -filter {name =~"APU*"}
rst -system
after 3000
targets -set -filter {jtag_cable_name =~ "Digilent Zed 210248764166" && level==0 && jtag_device_ctx=="jsn-Zed-210248764166-23727093-0"}
fpga -file D:/ASUS-PC/Desktop/temporary/A_Rada_V1.1/vitis/A_Radar_V11/_ide/bitstream/system_wrapper.bit
targets -set -nocase -filter {name =~"APU*"}
loadhw -hw D:/ASUS-PC/Desktop/temporary/A_Rada_V1.1/vitis/system_wrapper/export/system_wrapper/hw/system_wrapper.xsa -mem-ranges [list {0x40000000 0xbfffffff}] -regs
configparams force-mem-access 1
targets -set -nocase -filter {name =~"APU*"}
source D:/ASUS-PC/Desktop/temporary/A_Rada_V1.1/vitis/A_Radar_V11/_ide/psinit/ps7_init.tcl
ps7_init
ps7_post_config
targets -set -nocase -filter {name =~ "*A9*#0"}
dow D:/ASUS-PC/Desktop/temporary/A_Rada_V1.1/vitis/A_Radar_V11/Debug/A_Radar_V11.elf
configparams force-mem-access 0
----------------End of Script----------------

09:30:10 INFO  : Context for processor 'ps7_cortexa9_0' is selected.
09:30:10 INFO  : 'con' command is executed.
09:30:10 INFO  : ----------------XSDB Script (After Launch)----------------
targets -set -nocase -filter {name =~ "*A9*#0"}
con
----------------End of Script----------------

09:30:10 INFO  : Launch script is exported to file 'D:\ASUS-PC\Desktop\temporary\A_Rada_V1.1\vitis\A_Radar_V11_system\_ide\scripts\debugger_a_radar_v11-default.tcl'
09:36:53 INFO  : Disconnected from the channel tcfchan#1.
09:36:55 INFO  : Checking for BSP changes to sync application flags for project 'A_Radar_V11'...
10:52:00 INFO  : Launching XSCT server: xsct.bat -n  -interactive D:\A_Rada_V1.1\vitis\temp_xsdb_launch_script.tcl
10:52:01 INFO  : XSCT server has started successfully.
10:52:01 INFO  : plnx-install-location is set to ''
10:52:01 INFO  : Successfully done setting XSCT server connection channel  
10:52:01 INFO  : Successfully done setting workspace for the tool. 
10:52:02 INFO  : Platform repository initialization has completed.
10:52:02 INFO  : Successfully done query RDI_DATADIR 
10:52:03 INFO  : Registering command handlers for Vitis TCF services
10:52:12 INFO  : Hardware specification for platform project 'system_wrapper' is updated.
10:52:35 ERROR : Error encountered while removing 'D:\A_Rada_V1.1\vitis\system_wrapper\export\system_wrapper' from custom repository paths
Reason: No Platforms Found.


10:52:35 INFO  : Result from executing command 'removePlatformRepo': 
10:52:56 INFO  : Result from executing command 'getProjects': system_wrapper
10:52:56 INFO  : Result from executing command 'getPlatforms': 
10:52:56 INFO  : Checking for BSP changes to sync application flags for project 'A_Radar_V11'...
10:52:59 INFO  : The hardware specification used by project 'A_Radar_V11' is out of sync with the platform. Resource files extracted from the hardware specification will be updated.
10:52:59 INFO  : The file 'D:\A_Rada_V1.1\vitis\A_Radar_V11\_ide\bitstream\system_wrapper.bit' stored in project is removed.
10:52:59 INFO  : The updated bitstream files are copied from platform to folder 'D:\A_Rada_V1.1\vitis\A_Radar_V11\_ide\bitstream' in project 'A_Radar_V11'.
10:52:59 INFO  : The file 'D:\A_Rada_V1.1\vitis\A_Radar_V11\_ide\psinit\ps7_init.tcl' stored in project is removed.
10:53:01 INFO  : The updated ps init files are copied from platform to folder 'D:\A_Rada_V1.1\vitis\A_Radar_V11\_ide\psinit' in project 'A_Radar_V11'.
11:53:09 INFO  : Launching XSCT server: xsct.bat -n  -interactive D:\ASUS-PC\Desktop\temporary\A_Rada_V1.1\vitis\temp_xsdb_launch_script.tcl
11:53:10 INFO  : XSCT server has started successfully.
11:53:10 INFO  : plnx-install-location is set to ''
11:53:10 INFO  : Successfully done setting XSCT server connection channel  
11:53:10 INFO  : Successfully done setting workspace for the tool. 
11:53:11 INFO  : Platform repository initialization has completed.
11:53:11 INFO  : Successfully done query RDI_DATADIR 
11:53:11 INFO  : Registering command handlers for Vitis TCF services
11:53:15 INFO  : Checking for BSP changes to sync application flags for project 'A_Radar_V11'...
11:53:19 ERROR : (XSDB Server)ERROR: [Hsi 55-1571] The design file D:/ASUS-PC/Desktop/temporary/A_Rada_V1.1/vitis/system_wrapper/export/system_wrapper/hw/system_wrapper.xsa is already opened

11:53:27 INFO  : Connected to target on host '127.0.0.1' and port '3121'.
11:53:27 INFO  : Jtag cable 'Digilent Zed 210248764166' is selected.
11:53:27 INFO  : 'jtag frequency' command is executed.
11:53:27 INFO  : Context for 'APU' is selected.
11:53:27 INFO  : System reset is completed.
11:53:30 INFO  : 'after 3000' command is executed.
11:53:30 INFO  : 'targets -set -filter {jtag_cable_name =~ "Digilent Zed 210248764166" && level==0 && jtag_device_ctx=="jsn-Zed-210248764166-23727093-0"}' command is executed.
11:53:33 INFO  : Device configured successfully with "D:/ASUS-PC/Desktop/temporary/A_Rada_V1.1/vitis/A_Radar_V11/_ide/bitstream/system_wrapper.bit"
11:53:33 INFO  : Context for 'APU' is selected.
11:53:33 INFO  : Hardware design and registers information is loaded from 'D:/ASUS-PC/Desktop/temporary/A_Rada_V1.1/vitis/system_wrapper/export/system_wrapper/hw/system_wrapper.xsa'.
11:53:33 INFO  : 'configparams force-mem-access 1' command is executed.
11:53:33 INFO  : Context for 'APU' is selected.
11:53:33 INFO  : Sourcing of 'D:/ASUS-PC/Desktop/temporary/A_Rada_V1.1/vitis/A_Radar_V11/_ide/psinit/ps7_init.tcl' is done.
11:53:33 INFO  : 'ps7_init' command is executed.
11:53:33 INFO  : 'ps7_post_config' command is executed.
11:53:33 INFO  : Context for processor 'ps7_cortexa9_0' is selected.
11:53:34 INFO  : The application 'D:/ASUS-PC/Desktop/temporary/A_Rada_V1.1/vitis/A_Radar_V11/Debug/A_Radar_V11.elf' is downloaded to processor 'ps7_cortexa9_0'.
11:53:34 INFO  : 'configparams force-mem-access 0' command is executed.
11:53:34 INFO  : ----------------XSDB Script----------------
connect -url tcp:127.0.0.1:3121
targets -set -nocase -filter {name =~"APU*"}
rst -system
after 3000
targets -set -filter {jtag_cable_name =~ "Digilent Zed 210248764166" && level==0 && jtag_device_ctx=="jsn-Zed-210248764166-23727093-0"}
fpga -file D:/ASUS-PC/Desktop/temporary/A_Rada_V1.1/vitis/A_Radar_V11/_ide/bitstream/system_wrapper.bit
targets -set -nocase -filter {name =~"APU*"}
loadhw -hw D:/ASUS-PC/Desktop/temporary/A_Rada_V1.1/vitis/system_wrapper/export/system_wrapper/hw/system_wrapper.xsa -mem-ranges [list {0x40000000 0xbfffffff}] -regs
configparams force-mem-access 1
targets -set -nocase -filter {name =~"APU*"}
source D:/ASUS-PC/Desktop/temporary/A_Rada_V1.1/vitis/A_Radar_V11/_ide/psinit/ps7_init.tcl
ps7_init
ps7_post_config
targets -set -nocase -filter {name =~ "*A9*#0"}
dow D:/ASUS-PC/Desktop/temporary/A_Rada_V1.1/vitis/A_Radar_V11/Debug/A_Radar_V11.elf
configparams force-mem-access 0
----------------End of Script----------------

11:53:34 INFO  : Context for processor 'ps7_cortexa9_0' is selected.
11:53:34 INFO  : 'con' command is executed.
11:53:34 INFO  : ----------------XSDB Script (After Launch)----------------
targets -set -nocase -filter {name =~ "*A9*#0"}
con
----------------End of Script----------------

11:53:34 INFO  : Launch script is exported to file 'D:\ASUS-PC\Desktop\temporary\A_Rada_V1.1\vitis\A_Radar_V11_system\_ide\scripts\debugger_a_radar_v11-default.tcl'
11:58:34 INFO  : Checking for BSP changes to sync application flags for project 'A_Radar_V11'...
11:58:35 INFO  : Disconnected from the channel tcfchan#2.
11:58:38 INFO  : Connected to target on host '127.0.0.1' and port '3121'.
11:58:38 INFO  : Jtag cable 'Digilent Zed 210248764166' is selected.
11:58:38 INFO  : 'jtag frequency' command is executed.
11:58:38 INFO  : Context for 'APU' is selected.
11:58:38 INFO  : System reset is completed.
11:58:41 INFO  : 'after 3000' command is executed.
11:58:41 INFO  : 'targets -set -filter {jtag_cable_name =~ "Digilent Zed 210248764166" && level==0 && jtag_device_ctx=="jsn-Zed-210248764166-23727093-0"}' command is executed.
11:58:44 INFO  : Device configured successfully with "D:/ASUS-PC/Desktop/temporary/A_Rada_V1.1/vitis/A_Radar_V11/_ide/bitstream/system_wrapper.bit"
11:58:44 INFO  : Context for 'APU' is selected.
11:58:45 INFO  : Hardware design and registers information is loaded from 'D:/ASUS-PC/Desktop/temporary/A_Rada_V1.1/vitis/system_wrapper/export/system_wrapper/hw/system_wrapper.xsa'.
11:58:45 INFO  : 'configparams force-mem-access 1' command is executed.
11:58:45 INFO  : Context for 'APU' is selected.
11:58:45 INFO  : Sourcing of 'D:/ASUS-PC/Desktop/temporary/A_Rada_V1.1/vitis/A_Radar_V11/_ide/psinit/ps7_init.tcl' is done.
11:58:45 INFO  : 'ps7_init' command is executed.
11:58:45 INFO  : 'ps7_post_config' command is executed.
11:58:45 INFO  : Context for processor 'ps7_cortexa9_0' is selected.
11:58:45 INFO  : The application 'D:/ASUS-PC/Desktop/temporary/A_Rada_V1.1/vitis/A_Radar_V11/Debug/A_Radar_V11.elf' is downloaded to processor 'ps7_cortexa9_0'.
11:58:45 INFO  : 'configparams force-mem-access 0' command is executed.
11:58:45 INFO  : ----------------XSDB Script----------------
connect -url tcp:127.0.0.1:3121
targets -set -nocase -filter {name =~"APU*"}
rst -system
after 3000
targets -set -filter {jtag_cable_name =~ "Digilent Zed 210248764166" && level==0 && jtag_device_ctx=="jsn-Zed-210248764166-23727093-0"}
fpga -file D:/ASUS-PC/Desktop/temporary/A_Rada_V1.1/vitis/A_Radar_V11/_ide/bitstream/system_wrapper.bit
targets -set -nocase -filter {name =~"APU*"}
loadhw -hw D:/ASUS-PC/Desktop/temporary/A_Rada_V1.1/vitis/system_wrapper/export/system_wrapper/hw/system_wrapper.xsa -mem-ranges [list {0x40000000 0xbfffffff}] -regs
configparams force-mem-access 1
targets -set -nocase -filter {name =~"APU*"}
source D:/ASUS-PC/Desktop/temporary/A_Rada_V1.1/vitis/A_Radar_V11/_ide/psinit/ps7_init.tcl
ps7_init
ps7_post_config
targets -set -nocase -filter {name =~ "*A9*#0"}
dow D:/ASUS-PC/Desktop/temporary/A_Rada_V1.1/vitis/A_Radar_V11/Debug/A_Radar_V11.elf
configparams force-mem-access 0
----------------End of Script----------------

11:58:45 INFO  : Context for processor 'ps7_cortexa9_0' is selected.
11:58:45 INFO  : 'con' command is executed.
11:58:45 INFO  : ----------------XSDB Script (After Launch)----------------
targets -set -nocase -filter {name =~ "*A9*#0"}
con
----------------End of Script----------------

11:58:45 INFO  : Launch script is exported to file 'D:\ASUS-PC\Desktop\temporary\A_Rada_V1.1\vitis\A_Radar_V11_system\_ide\scripts\debugger_a_radar_v11-default.tcl'
11:59:57 INFO  : Checking for BSP changes to sync application flags for project 'A_Radar_V11'...
12:00:00 INFO  : Disconnected from the channel tcfchan#3.
12:00:03 INFO  : Connected to target on host '127.0.0.1' and port '3121'.
12:00:03 INFO  : Jtag cable 'Digilent Zed 210248764166' is selected.
12:00:03 INFO  : 'jtag frequency' command is executed.
12:00:03 INFO  : Context for 'APU' is selected.
12:00:03 INFO  : System reset is completed.
12:00:06 INFO  : 'after 3000' command is executed.
12:00:06 INFO  : 'targets -set -filter {jtag_cable_name =~ "Digilent Zed 210248764166" && level==0 && jtag_device_ctx=="jsn-Zed-210248764166-23727093-0"}' command is executed.
12:00:08 INFO  : Device configured successfully with "D:/ASUS-PC/Desktop/temporary/A_Rada_V1.1/vitis/A_Radar_V11/_ide/bitstream/system_wrapper.bit"
12:00:08 INFO  : Context for 'APU' is selected.
12:00:09 INFO  : Hardware design and registers information is loaded from 'D:/ASUS-PC/Desktop/temporary/A_Rada_V1.1/vitis/system_wrapper/export/system_wrapper/hw/system_wrapper.xsa'.
12:00:09 INFO  : 'configparams force-mem-access 1' command is executed.
12:00:09 INFO  : Context for 'APU' is selected.
12:00:09 INFO  : Sourcing of 'D:/ASUS-PC/Desktop/temporary/A_Rada_V1.1/vitis/A_Radar_V11/_ide/psinit/ps7_init.tcl' is done.
12:00:10 INFO  : 'ps7_init' command is executed.
12:00:10 INFO  : 'ps7_post_config' command is executed.
12:00:10 INFO  : Context for processor 'ps7_cortexa9_0' is selected.
12:00:10 INFO  : The application 'D:/ASUS-PC/Desktop/temporary/A_Rada_V1.1/vitis/A_Radar_V11/Debug/A_Radar_V11.elf' is downloaded to processor 'ps7_cortexa9_0'.
12:00:10 INFO  : 'configparams force-mem-access 0' command is executed.
12:00:10 INFO  : ----------------XSDB Script----------------
connect -url tcp:127.0.0.1:3121
targets -set -nocase -filter {name =~"APU*"}
rst -system
after 3000
targets -set -filter {jtag_cable_name =~ "Digilent Zed 210248764166" && level==0 && jtag_device_ctx=="jsn-Zed-210248764166-23727093-0"}
fpga -file D:/ASUS-PC/Desktop/temporary/A_Rada_V1.1/vitis/A_Radar_V11/_ide/bitstream/system_wrapper.bit
targets -set -nocase -filter {name =~"APU*"}
loadhw -hw D:/ASUS-PC/Desktop/temporary/A_Rada_V1.1/vitis/system_wrapper/export/system_wrapper/hw/system_wrapper.xsa -mem-ranges [list {0x40000000 0xbfffffff}] -regs
configparams force-mem-access 1
targets -set -nocase -filter {name =~"APU*"}
source D:/ASUS-PC/Desktop/temporary/A_Rada_V1.1/vitis/A_Radar_V11/_ide/psinit/ps7_init.tcl
ps7_init
ps7_post_config
targets -set -nocase -filter {name =~ "*A9*#0"}
dow D:/ASUS-PC/Desktop/temporary/A_Rada_V1.1/vitis/A_Radar_V11/Debug/A_Radar_V11.elf
configparams force-mem-access 0
----------------End of Script----------------

12:00:10 INFO  : Context for processor 'ps7_cortexa9_0' is selected.
12:00:10 INFO  : 'con' command is executed.
12:00:10 INFO  : ----------------XSDB Script (After Launch)----------------
targets -set -nocase -filter {name =~ "*A9*#0"}
con
----------------End of Script----------------

12:00:10 INFO  : Launch script is exported to file 'D:\ASUS-PC\Desktop\temporary\A_Rada_V1.1\vitis\A_Radar_V11_system\_ide\scripts\debugger_a_radar_v11-default.tcl'
12:29:18 INFO  : Disconnected from the channel tcfchan#4.
12:29:21 INFO  : Checking for BSP changes to sync application flags for project 'A_Radar_V11'...
12:29:23 ERROR : (XSDB Server)ERROR: [Hsi 55-1571] The design file D:/ASUS-PC/Desktop/temporary/A_Rada_V1.1/vitis/system_wrapper/export/system_wrapper/hw/system_wrapper.xsa is already opened

12:29:37 INFO  : Invoking Bootgen: bootgen -image A_Radar_V11_system.bif -arch zynq -o D:\ASUS-PC\Desktop\temporary\A_Rada_V1.1\vitis\A_Radar_V11_system\Debug\sd_card\BOOT.BIN -w on
12:29:37 INFO  : Overwriting existing bif file D:/ASUS-PC/Desktop/temporary/A_Rada_V1.1/vitis/A_Radar_V11_system/_ide/bootimage/A_Radar_V11_system.bif
12:29:38 INFO  : Bootgen command execution is done.
13:39:07 INFO  : Launching XSCT server: xsct.bat -n  -interactive D:\ASUS-PC\Desktop\temporary\A_Rada_V1.1\vitis\temp_xsdb_launch_script.tcl
13:39:09 INFO  : XSCT server has started successfully.
13:39:09 INFO  : Successfully done setting XSCT server connection channel  
13:39:09 INFO  : plnx-install-location is set to ''
13:39:09 INFO  : Successfully done setting workspace for the tool. 
13:39:10 INFO  : Platform repository initialization has completed.
13:39:10 INFO  : Successfully done query RDI_DATADIR 
13:39:10 INFO  : Registering command handlers for Vitis TCF services
16:54:51 INFO  : Launching XSCT server: xsct.bat -n  -interactive D:\ASUS-PC\Desktop\temporary\A_Rada_V1.1\vitis\temp_xsdb_launch_script.tcl
16:54:53 INFO  : XSCT server has started successfully.
16:54:53 INFO  : Platform repository initialization has completed.
16:54:53 INFO  : plnx-install-location is set to ''
16:54:53 INFO  : Successfully done setting XSCT server connection channel  
16:54:53 INFO  : Successfully done query RDI_DATADIR 
16:54:53 INFO  : Successfully done setting workspace for the tool. 
16:54:53 INFO  : Registering command handlers for Vitis TCF services
16:55:50 INFO  : Checking for BSP changes to sync application flags for project 'A_Radar_V11'...
16:55:53 INFO  : Checking for BSP changes to sync application flags for project 'A_Radar_V11'...
16:57:30 INFO  : Invoking Bootgen: bootgen -image A_Radar_V11_system.bif -arch zynq -o D:\ASUS-PC\Desktop\temporary\A_Rada_V1.1\vitis\A_Radar_V11_system\Debug\sd_card\BOOT.BIN -w on
16:57:30 INFO  : Overwriting existing bif file D:/ASUS-PC/Desktop/temporary/A_Rada_V1.1/vitis/A_Radar_V11_system/_ide/bootimage/A_Radar_V11_system.bif
16:57:31 INFO  : Bootgen command execution is done.
