14:13:47 INFO  : Launching XSCT server: xsct.bat -n  -interactive D:\ASUS-PC\Desktop\temporary\2243\vitis\temp_xsdb_launch_script.tcl
14:13:48 INFO  : Platform repository initialization has completed.
14:13:48 INFO  : Registering command handlers for Vitis TCF services
14:13:48 INFO  : XSCT server has started successfully.
14:13:49 INFO  : Successfully done setting XSCT server connection channel  
14:13:49 INFO  : plnx-install-location is set to ''
14:13:49 INFO  : Successfully done query RDI_DATADIR 
14:13:49 INFO  : Successfully done setting workspace for the tool. 
14:14:30 INFO  : Result from executing command 'getProjects': system_wrapper
14:14:30 INFO  : Result from executing command 'getPlatforms': 
14:14:30 WARN  : An unexpected exception occurred in the module 'platform project logging'
14:14:30 INFO  : Platform 'system_wrapper' is added to custom repositories.
14:14:34 INFO  : Platform 'system_wrapper' is added to custom repositories.
14:17:40 INFO  : Result from executing command 'getProjects': system_wrapper
14:17:40 INFO  : Result from executing command 'getPlatforms': system_wrapper|D:/ASUS-PC/Desktop/temporary/2243/vitis/system_wrapper/export/system_wrapper/system_wrapper.xpfm
14:19:47 INFO  : Checking for BSP changes to sync application flags for project '2243'...
14:19:47 INFO  : Updating application flags with new BSP settings...
14:19:47 INFO  : Successfully updated application flags for project 2243.
14:22:01 INFO  : Checking for BSP changes to sync application flags for project '2243'...
14:22:08 INFO  : Checking for BSP changes to sync application flags for project '2243'...
14:22:58 INFO  : Checking for BSP changes to sync application flags for project '2243'...
14:23:24 INFO  : Checking for BSP changes to sync application flags for project '2243'...
14:24:09 INFO  : Checking for BSP changes to sync application flags for project '2243'...
14:27:45 INFO  : Checking for BSP changes to sync application flags for project '2243'...
14:28:50 INFO  : Checking for BSP changes to sync application flags for project '2243'...
14:29:22 INFO  : Checking for BSP changes to sync application flags for project '2243'...
15:02:31 INFO  : Checking for BSP changes to sync application flags for project '2243'...
15:07:14 INFO  : Checking for BSP changes to sync application flags for project '2243'...
15:07:32 INFO  : Checking for BSP changes to sync application flags for project '2243'...
15:08:50 INFO  : Checking for BSP changes to sync application flags for project '2243'...
15:09:45 INFO  : Checking for BSP changes to sync application flags for project '2243'...
15:14:38 INFO  : Checking for BSP changes to sync application flags for project '2243'...
15:14:56 INFO  : Checking for BSP changes to sync application flags for project '2243'...
15:15:58 INFO  : Checking for BSP changes to sync application flags for project '2243'...
15:17:00 INFO  : Checking for BSP changes to sync application flags for project '2243'...
15:19:15 INFO  : Checking for BSP changes to sync application flags for project '2243'...
15:19:20 INFO  : Checking for BSP changes to sync application flags for project '2243'...
14:06:24 INFO  : Checking for BSP changes to sync application flags for project '2243'...
14:06:44 INFO  : Checking for BSP changes to sync application flags for project '2243'...
14:08:01 INFO  : Checking for BSP changes to sync application flags for project '2243'...
15:30:39 INFO  : Launching XSCT server: xsct.bat -n  -interactive D:\ASUS-PC\Desktop\temporary\2243\vitis\temp_xsdb_launch_script.tcl
15:30:40 INFO  : XSCT server has started successfully.
15:30:40 INFO  : plnx-install-location is set to ''
15:30:40 INFO  : Successfully done setting XSCT server connection channel  
15:30:40 INFO  : Successfully done setting workspace for the tool. 
15:30:41 INFO  : Platform repository initialization has completed.
15:30:41 INFO  : Successfully done query RDI_DATADIR 
15:30:42 INFO  : Registering command handlers for Vitis TCF services
16:00:55 INFO  : Checking for BSP changes to sync application flags for project '2243'...
17:51:55 INFO  : Checking for BSP changes to sync application flags for project '2243'...
18:02:46 INFO  : Checking for BSP changes to sync application flags for project '2243'...
09:09:54 INFO  : Checking for BSP changes to sync application flags for project '2243'...
10:31:17 INFO  : Checking for BSP changes to sync application flags for project '2243'...
10:32:57 INFO  : Checking for BSP changes to sync application flags for project '2243'...
10:45:30 INFO  : Checking for BSP changes to sync application flags for project '2243'...
10:46:23 INFO  : Checking for BSP changes to sync application flags for project '2243'...
10:47:09 INFO  : Checking for BSP changes to sync application flags for project '2243'...
10:47:16 INFO  : Checking for BSP changes to sync application flags for project '2243'...
10:57:31 INFO  : Checking for BSP changes to sync application flags for project '2243'...
16:44:50 INFO  : Checking for BSP changes to sync application flags for project '2243'...
16:45:02 INFO  : Checking for BSP changes to sync application flags for project '2243'...
16:47:41 INFO  : Checking for BSP changes to sync application flags for project '2243'...
16:48:53 INFO  : Checking for BSP changes to sync application flags for project '2243'...
16:49:02 INFO  : Checking for BSP changes to sync application flags for project '2243'...
16:49:18 INFO  : Checking for BSP changes to sync application flags for project '2243'...
16:55:53 INFO  : Checking for BSP changes to sync application flags for project '2243'...
16:57:27 INFO  : Checking for BSP changes to sync application flags for project '2243'...
16:57:46 INFO  : Checking for BSP changes to sync application flags for project '2243'...
16:57:59 INFO  : Checking for BSP changes to sync application flags for project '2243'...
17:04:36 INFO  : Checking for BSP changes to sync application flags for project '2243'...
14:04:32 INFO  : Checking for BSP changes to sync application flags for project '2243'...
14:04:59 INFO  : Checking for BSP changes to sync application flags for project '2243'...
14:05:19 INFO  : Checking for BSP changes to sync application flags for project '2243'...
09:48:09 INFO  : Launching XSCT server: xsct.bat -n  -interactive D:\ASUS-PC\Desktop\temporary\2243\vitis\temp_xsdb_launch_script.tcl
09:48:11 INFO  : Platform repository initialization has completed.
09:48:11 INFO  : XSCT server has started successfully.
09:48:11 INFO  : plnx-install-location is set to ''
09:48:11 INFO  : Registering command handlers for Vitis TCF services
09:48:11 INFO  : Successfully done setting XSCT server connection channel  
09:48:11 INFO  : Successfully done query RDI_DATADIR 
09:48:11 INFO  : Successfully done setting workspace for the tool. 
10:02:35 INFO  : Checking for BSP changes to sync application flags for project '2243'...
10:02:50 INFO  : Checking for BSP changes to sync application flags for project '2243'...
10:03:15 INFO  : Checking for BSP changes to sync application flags for project '2243'...
10:03:24 INFO  : Checking for BSP changes to sync application flags for project '2243'...
10:03:33 INFO  : Checking for BSP changes to sync application flags for project '2243'...
10:03:39 INFO  : Checking for BSP changes to sync application flags for project '2243'...
10:03:51 INFO  : Checking for BSP changes to sync application flags for project '2243'...
15:07:34 INFO  : Checking for BSP changes to sync application flags for project '2243'...
17:42:10 INFO  : Checking for BSP changes to sync application flags for project '2243'...
17:42:36 INFO  : Checking for BSP changes to sync application flags for project '2243'...
17:43:57 INFO  : Checking for BSP changes to sync application flags for project '2243'...
17:44:03 INFO  : Checking for BSP changes to sync application flags for project '2243'...
17:44:24 INFO  : Checking for BSP changes to sync application flags for project '2243'...
17:56:26 INFO  : Checking for BSP changes to sync application flags for project '2243'...
11:14:56 INFO  : Checking for BSP changes to sync application flags for project '2243'...
17:31:45 INFO  : Checking for BSP changes to sync application flags for project '2243'...
17:35:51 INFO  : Checking for BSP changes to sync application flags for project '2243'...
11:34:39 INFO  : Launching XSCT server: xsct.bat -n  -interactive D:\ASUS-PC\Desktop\temporary\2243\vitis\temp_xsdb_launch_script.tcl
11:34:41 INFO  : XSCT server has started successfully.
11:34:41 INFO  : Successfully done setting XSCT server connection channel  
11:34:41 INFO  : plnx-install-location is set to ''
11:34:41 INFO  : Successfully done setting workspace for the tool. 
11:34:41 INFO  : Platform repository initialization has completed.
11:34:42 INFO  : Successfully done query RDI_DATADIR 
11:34:42 INFO  : Registering command handlers for Vitis TCF services
11:38:18 INFO  : Checking for BSP changes to sync application flags for project '2243'...
14:23:33 INFO  : Checking for BSP changes to sync application flags for project '2243'...
14:25:01 INFO  : Checking for BSP changes to sync application flags for project '2243'...
14:26:36 INFO  : Checking for BSP changes to sync application flags for project '2243'...
15:01:09 INFO  : Checking for BSP changes to sync application flags for project '2243'...
15:40:12 INFO  : Checking for BSP changes to sync application flags for project '2243'...
15:40:56 INFO  : Checking for BSP changes to sync application flags for project '2243'...
15:47:57 INFO  : Checking for BSP changes to sync application flags for project '2243'...
15:49:10 INFO  : Checking for BSP changes to sync application flags for project '2243'...
15:49:49 INFO  : Checking for BSP changes to sync application flags for project '2243'...
15:49:57 INFO  : Checking for BSP changes to sync application flags for project '2243'...
15:54:02 INFO  : Checking for BSP changes to sync application flags for project '2243'...
15:55:16 INFO  : Checking for BSP changes to sync application flags for project '2243'...
15:55:25 INFO  : Checking for BSP changes to sync application flags for project '2243'...
15:55:49 INFO  : Checking for BSP changes to sync application flags for project '2243'...
15:56:00 INFO  : Checking for BSP changes to sync application flags for project '2243'...
15:56:17 INFO  : Checking for BSP changes to sync application flags for project '2243'...
17:15:12 INFO  : Checking for BSP changes to sync application flags for project '2243'...
17:15:44 INFO  : Checking for BSP changes to sync application flags for project '2243'...
17:17:52 INFO  : Checking for BSP changes to sync application flags for project '2243'...
17:18:24 INFO  : Checking for BSP changes to sync application flags for project '2243'...
17:19:55 INFO  : Checking for BSP changes to sync application flags for project '2243'...
17:20:03 INFO  : Checking for BSP changes to sync application flags for project '2243'...
17:20:49 INFO  : Checking for BSP changes to sync application flags for project '2243'...
17:21:54 INFO  : Checking for BSP changes to sync application flags for project '2243'...
17:22:25 INFO  : Checking for BSP changes to sync application flags for project '2243'...
17:23:50 INFO  : Checking for BSP changes to sync application flags for project '2243'...
17:24:58 INFO  : Checking for BSP changes to sync application flags for project '2243'...
18:48:19 INFO  : Checking for BSP changes to sync application flags for project '2243'...
18:53:46 INFO  : Checking for BSP changes to sync application flags for project '2243'...
09:45:29 INFO  : Launching XSCT server: xsct.bat -n  -interactive D:\ASUS-PC\Desktop\temporary\2243\vitis\temp_xsdb_launch_script.tcl
09:45:31 INFO  : XSCT server has started successfully.
09:45:31 INFO  : plnx-install-location is set to ''
09:45:31 INFO  : Successfully done setting XSCT server connection channel  
09:45:31 INFO  : Successfully done setting workspace for the tool. 
09:45:31 INFO  : Platform repository initialization has completed.
09:45:31 INFO  : Registering command handlers for Vitis TCF services
09:45:31 INFO  : Successfully done query RDI_DATADIR 
17:36:25 INFO  : Checking for BSP changes to sync application flags for project '2243'...
17:36:56 INFO  : Checking for BSP changes to sync application flags for project '2243'...
18:20:34 INFO  : Checking for BSP changes to sync application flags for project '2243'...
18:27:05 INFO  : Checking for BSP changes to sync application flags for project '2243'...
18:37:13 INFO  : Checking for BSP changes to sync application flags for project '2243'...
18:37:23 INFO  : Checking for BSP changes to sync application flags for project '2243'...
18:37:30 INFO  : Checking for BSP changes to sync application flags for project '2243'...
15:10:32 INFO  : Checking for BSP changes to sync application flags for project '2243'...
15:11:00 INFO  : Checking for BSP changes to sync application flags for project '2243'...
15:43:30 INFO  : Checking for BSP changes to sync application flags for project '2243'...
16:09:15 INFO  : Checking for BSP changes to sync application flags for project '2243'...
16:11:52 INFO  : Checking for BSP changes to sync application flags for project '2243'...
16:13:44 INFO  : Checking for BSP changes to sync application flags for project '2243'...
16:14:06 INFO  : Checking for BSP changes to sync application flags for project '2243'...
16:25:59 INFO  : Checking for BSP changes to sync application flags for project '2243'...
16:37:40 INFO  : Checking for BSP changes to sync application flags for project '2243'...
16:56:57 INFO  : Checking for BSP changes to sync application flags for project '2243'...
16:57:01 INFO  : Checking for BSP changes to sync application flags for project '2243'...
17:12:09 INFO  : Checking for BSP changes to sync application flags for project '2243'...
17:12:26 INFO  : Checking for BSP changes to sync application flags for project '2243'...
17:13:59 INFO  : Checking for BSP changes to sync application flags for project '2243'...
17:18:55 INFO  : Checking for BSP changes to sync application flags for project '2243'...
17:19:16 INFO  : Checking for BSP changes to sync application flags for project '2243'...
17:19:28 INFO  : Checking for BSP changes to sync application flags for project '2243'...
17:19:48 INFO  : Checking for BSP changes to sync application flags for project '2243'...
17:20:04 INFO  : Checking for BSP changes to sync application flags for project '2243'...
17:20:08 INFO  : Checking for BSP changes to sync application flags for project '2243'...
17:59:16 INFO  : Checking for BSP changes to sync application flags for project '2243'...
18:01:51 INFO  : Checking for BSP changes to sync application flags for project '2243'...
18:01:55 ERROR : (XSDB Server)ERROR: [Hsi 55-1571] The design file D:/ASUS-PC/Desktop/temporary/2243/vitis/system_wrapper/export/system_wrapper/hw/system_wrapper.xsa is already opened

11:08:37 INFO  : Checking for BSP changes to sync application flags for project '2243'...
11:10:03 INFO  : Checking for BSP changes to sync application flags for project '2243'...
11:10:16 INFO  : Checking for BSP changes to sync application flags for project '2243'...
11:11:14 INFO  : Checking for BSP changes to sync application flags for project '2243'...
11:43:03 INFO  : Checking for BSP changes to sync application flags for project '2243'...
11:43:19 INFO  : Checking for BSP changes to sync application flags for project '2243'...
14:06:59 INFO  : Checking for BSP changes to sync application flags for project '2243'...
14:07:22 INFO  : Checking for BSP changes to sync application flags for project '2243'...
14:07:45 INFO  : Checking for BSP changes to sync application flags for project '2243'...
14:09:22 INFO  : Checking for BSP changes to sync application flags for project '2243'...
14:09:48 INFO  : Checking for BSP changes to sync application flags for project '2243'...
14:10:23 INFO  : Checking for BSP changes to sync application flags for project '2243'...
14:10:53 INFO  : Checking for BSP changes to sync application flags for project '2243'...
14:20:15 INFO  : Checking for BSP changes to sync application flags for project '2243'...
14:20:38 INFO  : Checking for BSP changes to sync application flags for project '2243'...
14:21:29 INFO  : Checking for BSP changes to sync application flags for project '2243'...
14:22:25 INFO  : Checking for BSP changes to sync application flags for project '2243'...
14:23:44 INFO  : Checking for BSP changes to sync application flags for project '2243'...
14:24:53 INFO  : Checking for BSP changes to sync application flags for project '2243'...
14:26:26 INFO  : Checking for BSP changes to sync application flags for project '2243'...
14:26:43 INFO  : Checking for BSP changes to sync application flags for project '2243'...
14:28:25 INFO  : Checking for BSP changes to sync application flags for project '2243'...
14:29:20 INFO  : Checking for BSP changes to sync application flags for project '2243'...
14:30:52 INFO  : Checking for BSP changes to sync application flags for project '2243'...
14:31:46 INFO  : Checking for BSP changes to sync application flags for project '2243'...
14:32:47 INFO  : Checking for BSP changes to sync application flags for project '2243'...
18:05:20 INFO  : Checking for BSP changes to sync application flags for project '2243'...
18:07:17 INFO  : Checking for BSP changes to sync application flags for project '2243'...
18:09:33 INFO  : Checking for BSP changes to sync application flags for project '2243'...
18:10:01 INFO  : Checking for BSP changes to sync application flags for project '2243'...
18:11:43 INFO  : Checking for BSP changes to sync application flags for project '2243'...
18:12:07 INFO  : Checking for BSP changes to sync application flags for project '2243'...
18:14:13 INFO  : Checking for BSP changes to sync application flags for project '2243'...
18:14:28 INFO  : Checking for BSP changes to sync application flags for project '2243'...
18:08:16 INFO  : Checking for BSP changes to sync application flags for project '2243'...
18:09:07 INFO  : Checking for BSP changes to sync application flags for project '2243'...
18:11:05 INFO  : Checking for BSP changes to sync application flags for project '2243'...
18:11:15 INFO  : Checking for BSP changes to sync application flags for project '2243'...
18:11:41 INFO  : Checking for BSP changes to sync application flags for project '2243'...
18:11:45 INFO  : Checking for BSP changes to sync application flags for project '2243'...
09:11:43 INFO  : Launching XSCT server: xsct.bat -n  -interactive D:\ASUS-PC\Desktop\temporary\2243\vitis\temp_xsdb_launch_script.tcl
09:11:44 INFO  : XSCT server has started successfully.
09:11:44 INFO  : plnx-install-location is set to ''
09:11:44 INFO  : Successfully done setting XSCT server connection channel  
09:11:44 INFO  : Successfully done setting workspace for the tool. 
09:11:45 INFO  : Platform repository initialization has completed.
09:11:45 INFO  : Successfully done query RDI_DATADIR 
09:11:45 INFO  : Registering command handlers for Vitis TCF services
11:25:48 INFO  : Checking for BSP changes to sync application flags for project '2243'...
09:42:43 INFO  : Launching XSCT server: xsct.bat -n  -interactive D:\ASUS-PC\Desktop\temporary\2243\vitis\temp_xsdb_launch_script.tcl
09:42:45 INFO  : XSCT server has started successfully.
09:42:45 INFO  : plnx-install-location is set to ''
09:42:45 INFO  : Successfully done setting XSCT server connection channel  
09:42:45 INFO  : Successfully done setting workspace for the tool. 
09:42:46 INFO  : Platform repository initialization has completed.
09:42:46 INFO  : Registering command handlers for Vitis TCF services
09:42:46 INFO  : Successfully done query RDI_DATADIR 
16:11:48 INFO  : Checking for BSP changes to sync application flags for project '2243'...
09:19:26 INFO  : Launching XSCT server: xsct.bat -n  -interactive D:\ASUS-PC\Desktop\temporary\2243\vitis\temp_xsdb_launch_script.tcl
09:19:28 INFO  : XSCT server has started successfully.
09:19:28 INFO  : Successfully done setting XSCT server connection channel  
09:19:28 INFO  : plnx-install-location is set to ''
09:19:28 INFO  : Platform repository initialization has completed.
09:19:28 INFO  : Registering command handlers for Vitis TCF services
09:19:28 INFO  : Successfully done setting workspace for the tool. 
09:19:29 INFO  : Successfully done query RDI_DATADIR 
11:51:13 INFO  : Checking for BSP changes to sync application flags for project '2243'...
11:51:27 INFO  : Checking for BSP changes to sync application flags for project '2243'...
14:19:25 INFO  : Checking for BSP changes to sync application flags for project '2243'...
14:19:51 INFO  : Checking for BSP changes to sync application flags for project '2243'...
14:25:43 INFO  : Checking for BSP changes to sync application flags for project '2243'...
14:25:58 INFO  : Checking for BSP changes to sync application flags for project '2243'...
14:26:37 INFO  : Checking for BSP changes to sync application flags for project '2243'...
14:27:07 INFO  : Checking for BSP changes to sync application flags for project '2243'...
14:30:13 INFO  : Checking for BSP changes to sync application flags for project '2243'...
14:31:02 INFO  : Checking for BSP changes to sync application flags for project '2243'...
14:31:09 INFO  : Checking for BSP changes to sync application flags for project '2243'...
14:52:45 INFO  : Checking for BSP changes to sync application flags for project '2243'...
14:53:28 INFO  : Checking for BSP changes to sync application flags for project '2243'...
14:53:36 INFO  : Checking for BSP changes to sync application flags for project '2243'...
15:47:50 INFO  : Checking for BSP changes to sync application flags for project '2243'...
15:48:21 INFO  : Checking for BSP changes to sync application flags for project '2243'...
15:50:36 INFO  : Checking for BSP changes to sync application flags for project '2243'...
15:51:33 INFO  : Checking for BSP changes to sync application flags for project '2243'...
15:56:28 INFO  : Checking for BSP changes to sync application flags for project '2243'...
15:57:37 INFO  : Checking for BSP changes to sync application flags for project '2243'...
18:13:37 INFO  : Checking for BSP changes to sync application flags for project '2243'...
09:20:02 INFO  : Launching XSCT server: xsct.bat -n  -interactive D:\ASUS-PC\Desktop\temporary\2243\vitis\temp_xsdb_launch_script.tcl
09:20:03 INFO  : XSCT server has started successfully.
09:20:03 INFO  : plnx-install-location is set to ''
09:20:03 INFO  : Successfully done setting XSCT server connection channel  
09:20:03 INFO  : Successfully done setting workspace for the tool. 
09:20:04 INFO  : Platform repository initialization has completed.
09:20:04 INFO  : Successfully done query RDI_DATADIR 
09:20:04 INFO  : Registering command handlers for Vitis TCF services
18:05:25 INFO  : Checking for BSP changes to sync application flags for project '2243'...
18:05:37 INFO  : Checking for BSP changes to sync application flags for project '2243'...
18:05:46 INFO  : Checking for BSP changes to sync application flags for project '2243'...
18:06:01 INFO  : Checking for BSP changes to sync application flags for project '2243'...
18:06:22 INFO  : Checking for BSP changes to sync application flags for project '2243'...
18:06:32 INFO  : Checking for BSP changes to sync application flags for project '2243'...
09:08:51 INFO  : Launching XSCT server: xsct.bat -n  -interactive D:\ASUS-PC\Desktop\temporary\2243\vitis\temp_xsdb_launch_script.tcl
09:08:52 INFO  : XSCT server has started successfully.
09:08:52 INFO  : plnx-install-location is set to ''
09:08:52 INFO  : Successfully done setting XSCT server connection channel  
09:08:52 INFO  : Successfully done setting workspace for the tool. 
09:08:53 INFO  : Platform repository initialization has completed.
09:08:53 INFO  : Successfully done query RDI_DATADIR 
09:08:53 INFO  : Registering command handlers for Vitis TCF services
16:38:44 INFO  : Checking for BSP changes to sync application flags for project '2243'...
17:13:20 INFO  : Checking for BSP changes to sync application flags for project '2243'...
17:13:49 INFO  : Checking for BSP changes to sync application flags for project '2243'...
17:15:08 INFO  : Checking for BSP changes to sync application flags for project '2243'...
17:18:37 INFO  : Checking for BSP changes to sync application flags for project '2243'...
17:19:06 INFO  : Checking for BSP changes to sync application flags for project '2243'...
