
*** Running vivado
    with args -log system_clk_wiz_0_0.vds -m64 -product Vivado -mode batch -messageDb vivado.pb -notrace -source system_clk_wiz_0_0.tcl



****** Vivado v2021.1.1 (64-bit)
  **** SW Build 3286242 on Wed Jul 28 13:10:47 MDT 2021
  **** IP Build 3279568 on Wed Jul 28 16:48:48 MDT 2021
    ** Copyright 1986-2021 Xilinx, Inc. All Rights Reserved.

source system_clk_wiz_0_0.tcl -notrace
INFO: [IP_Flow 19-234] Refreshing IP repositories
INFO: [IP_Flow 19-1700] Loaded user IP repository 'd:/ASUS-PC/Desktop/temporary/test/MPR_OV_1.1/ip_repo'.
INFO: [IP_Flow 19-2313] Loaded Vivado IP repository 'E:/Xilinx2021/Vivado/2021.1/data/ip'.
Command: synth_design -top system_clk_wiz_0_0 -part xc7z020clg400-2 -mode out_of_context
Starting synth_design
Attempting to get a license for feature 'Synthesis' and/or device 'xc7z020'
INFO: [Common 17-349] Got license for feature 'Synthesis' and/or device 'xc7z020'
INFO: [Device 21-403] Loading part xc7z020clg400-2
INFO: [Synth 8-7079] Multithreading enabled for synth_design using a maximum of 2 processes.
INFO: [Synth 8-7078] Launching helper process for spawning children vivado processes
INFO: [Synth 8-7075] Helper process launched with PID 6908
---------------------------------------------------------------------------------
Starting RTL Elaboration : Time (s): cpu = 00:00:02 ; elapsed = 00:00:02 . Memory (MB): peak = 1286.305 ; gain = 0.000
---------------------------------------------------------------------------------
INFO: [Synth 8-6157] synthesizing module 'system_clk_wiz_0_0' [d:/ASUS-PC/Desktop/temporary/MPR_OV_1.3/MPR_OV_1.3.gen/sources_1/bd/system/ip/system_clk_wiz_0_0/system_clk_wiz_0_0.v:70]
INFO: [Synth 8-638] synthesizing module 'system_clk_wiz_0_0_axi_clk_config' [d:/ASUS-PC/Desktop/temporary/MPR_OV_1.3/MPR_OV_1.3.gen/sources_1/bd/system/ip/system_clk_wiz_0_0/system_clk_wiz_0_0_axi_clk_config.vhd:177]
	Parameter C_S_AXI_ADDR_WIDTH bound to: 11 - type: integer 
	Parameter C_S_AXI_DATA_WIDTH bound to: 32 - type: integer 
INFO: [Synth 8-638] synthesizing module 'system_clk_wiz_0_0_axi_lite_ipif' [d:/ASUS-PC/Desktop/temporary/MPR_OV_1.3/MPR_OV_1.3.gen/sources_1/bd/system/ip/system_clk_wiz_0_0/axi_lite_ipif_v1_01_a/hdl/src/vhdl/system_clk_wiz_0_0_axi_lite_ipif.vhd:245]
	Parameter C_S_AXI_DATA_WIDTH bound to: 32 - type: integer 
	Parameter C_S_AXI_ADDR_WIDTH bound to: 11 - type: integer 
	Parameter C_S_AXI_MIN_SIZE bound to: 32'b00000000000000000000011111111111 
	Parameter C_USE_WSTRB bound to: 1 - type: integer 
	Parameter C_DPHASE_TIMEOUT bound to: 64 - type: integer 
	Parameter C_ARD_ADDR_RANGE_ARRAY bound to: 256'b0000000000000000000000000000000000000000000000000000000000000000000000000000000000000000000000000000000000000000000000000001111100000000000000000000000000000000000000000000000000000010000000000000000000000000000000000000000000000000000000000000011111111111 
	Parameter C_ARD_NUM_CE_ARRAY bound to: 64'b0000000000000000000000000000100000000000000000000000000000000001 
	Parameter C_FAMILY bound to: virtex7 - type: string 
INFO: [Synth 8-638] synthesizing module 'system_clk_wiz_0_0_slave_attachment' [d:/ASUS-PC/Desktop/temporary/MPR_OV_1.3/MPR_OV_1.3.gen/sources_1/bd/system/ip/system_clk_wiz_0_0/axi_lite_ipif_v1_01_a/hdl/src/vhdl/system_clk_wiz_0_0_slave_attachment.vhd:236]
	Parameter C_ARD_ADDR_RANGE_ARRAY bound to: 256'b0000000000000000000000000000000000000000000000000000000000000000000000000000000000000000000000000000000000000000000000000001111100000000000000000000000000000000000000000000000000000010000000000000000000000000000000000000000000000000000000000000011111111111 
	Parameter C_ARD_NUM_CE_ARRAY bound to: 64'b0000000000000000000000000000100000000000000000000000000000000001 
	Parameter C_IPIF_ABUS_WIDTH bound to: 11 - type: integer 
	Parameter C_IPIF_DBUS_WIDTH bound to: 32 - type: integer 
	Parameter C_S_AXI_MIN_SIZE bound to: 2047 - type: integer 
	Parameter C_USE_WSTRB bound to: 1 - type: integer 
	Parameter C_DPHASE_TIMEOUT bound to: 64 - type: integer 
	Parameter C_FAMILY bound to: virtex7 - type: string 
INFO: [Synth 8-638] synthesizing module 'system_clk_wiz_0_0_address_decoder' [d:/ASUS-PC/Desktop/temporary/MPR_OV_1.3/MPR_OV_1.3.gen/sources_1/bd/system/ip/system_clk_wiz_0_0/axi_lite_ipif_v1_01_a/hdl/src/vhdl/system_clk_wiz_0_0_address_decoder.vhd:186]
	Parameter C_BUS_AWIDTH bound to: 11 - type: integer 
	Parameter C_S_AXI_MIN_SIZE bound to: 2047 - type: integer 
	Parameter C_ARD_ADDR_RANGE_ARRAY bound to: 256'b0000000000000000000000000000000000000000000000000000000000000000000000000000000000000000000000000000000000000000000000000001111100000000000000000000000000000000000000000000000000000010000000000000000000000000000000000000000000000000000000000000011111111111 
	Parameter C_ARD_NUM_CE_ARRAY bound to: 64'b0000000000000000000000000000100000000000000000000000000000000001 
	Parameter C_FAMILY bound to: nofamily - type: string 
INFO: [Synth 8-638] synthesizing module 'system_clk_wiz_0_0_pselect_f' [d:/ASUS-PC/Desktop/temporary/MPR_OV_1.3/MPR_OV_1.3.gen/sources_1/bd/system/ip/system_clk_wiz_0_0/proc_common_v3_00_a/hdl/src/vhdl/system_clk_wiz_0_0_pselect_f.vhd:162]
	Parameter C_AB bound to: 6 - type: integer 
	Parameter C_AW bound to: 11 - type: integer 
	Parameter C_BAR bound to: 11'b00000000000 
	Parameter C_FAMILY bound to: nofamily - type: string 
INFO: [Synth 8-256] done synthesizing module 'system_clk_wiz_0_0_pselect_f' (1#1) [d:/ASUS-PC/Desktop/temporary/MPR_OV_1.3/MPR_OV_1.3.gen/sources_1/bd/system/ip/system_clk_wiz_0_0/proc_common_v3_00_a/hdl/src/vhdl/system_clk_wiz_0_0_pselect_f.vhd:162]
INFO: [Synth 8-638] synthesizing module 'system_clk_wiz_0_0_pselect_f__parameterized0' [d:/ASUS-PC/Desktop/temporary/MPR_OV_1.3/MPR_OV_1.3.gen/sources_1/bd/system/ip/system_clk_wiz_0_0/proc_common_v3_00_a/hdl/src/vhdl/system_clk_wiz_0_0_pselect_f.vhd:162]
	Parameter C_AB bound to: 3 - type: integer 
	Parameter C_AW bound to: 3 - type: integer 
	Parameter C_BAR bound to: 3'b000 
	Parameter C_FAMILY bound to: nofamily - type: string 
INFO: [Synth 8-256] done synthesizing module 'system_clk_wiz_0_0_pselect_f__parameterized0' (1#1) [d:/ASUS-PC/Desktop/temporary/MPR_OV_1.3/MPR_OV_1.3.gen/sources_1/bd/system/ip/system_clk_wiz_0_0/proc_common_v3_00_a/hdl/src/vhdl/system_clk_wiz_0_0_pselect_f.vhd:162]
INFO: [Synth 8-638] synthesizing module 'system_clk_wiz_0_0_pselect_f__parameterized1' [d:/ASUS-PC/Desktop/temporary/MPR_OV_1.3/MPR_OV_1.3.gen/sources_1/bd/system/ip/system_clk_wiz_0_0/proc_common_v3_00_a/hdl/src/vhdl/system_clk_wiz_0_0_pselect_f.vhd:162]
	Parameter C_AB bound to: 3 - type: integer 
	Parameter C_AW bound to: 3 - type: integer 
	Parameter C_BAR bound to: 3'b001 
	Parameter C_FAMILY bound to: nofamily - type: string 
INFO: [Synth 8-256] done synthesizing module 'system_clk_wiz_0_0_pselect_f__parameterized1' (1#1) [d:/ASUS-PC/Desktop/temporary/MPR_OV_1.3/MPR_OV_1.3.gen/sources_1/bd/system/ip/system_clk_wiz_0_0/proc_common_v3_00_a/hdl/src/vhdl/system_clk_wiz_0_0_pselect_f.vhd:162]
INFO: [Synth 8-638] synthesizing module 'system_clk_wiz_0_0_pselect_f__parameterized2' [d:/ASUS-PC/Desktop/temporary/MPR_OV_1.3/MPR_OV_1.3.gen/sources_1/bd/system/ip/system_clk_wiz_0_0/proc_common_v3_00_a/hdl/src/vhdl/system_clk_wiz_0_0_pselect_f.vhd:162]
	Parameter C_AB bound to: 3 - type: integer 
	Parameter C_AW bound to: 3 - type: integer 
	Parameter C_BAR bound to: 3'b010 
	Parameter C_FAMILY bound to: nofamily - type: string 
INFO: [Synth 8-256] done synthesizing module 'system_clk_wiz_0_0_pselect_f__parameterized2' (1#1) [d:/ASUS-PC/Desktop/temporary/MPR_OV_1.3/MPR_OV_1.3.gen/sources_1/bd/system/ip/system_clk_wiz_0_0/proc_common_v3_00_a/hdl/src/vhdl/system_clk_wiz_0_0_pselect_f.vhd:162]
INFO: [Synth 8-638] synthesizing module 'system_clk_wiz_0_0_pselect_f__parameterized3' [d:/ASUS-PC/Desktop/temporary/MPR_OV_1.3/MPR_OV_1.3.gen/sources_1/bd/system/ip/system_clk_wiz_0_0/proc_common_v3_00_a/hdl/src/vhdl/system_clk_wiz_0_0_pselect_f.vhd:162]
	Parameter C_AB bound to: 3 - type: integer 
	Parameter C_AW bound to: 3 - type: integer 
	Parameter C_BAR bound to: 3'b011 
	Parameter C_FAMILY bound to: nofamily - type: string 
INFO: [Synth 8-256] done synthesizing module 'system_clk_wiz_0_0_pselect_f__parameterized3' (1#1) [d:/ASUS-PC/Desktop/temporary/MPR_OV_1.3/MPR_OV_1.3.gen/sources_1/bd/system/ip/system_clk_wiz_0_0/proc_common_v3_00_a/hdl/src/vhdl/system_clk_wiz_0_0_pselect_f.vhd:162]
INFO: [Synth 8-638] synthesizing module 'system_clk_wiz_0_0_pselect_f__parameterized4' [d:/ASUS-PC/Desktop/temporary/MPR_OV_1.3/MPR_OV_1.3.gen/sources_1/bd/system/ip/system_clk_wiz_0_0/proc_common_v3_00_a/hdl/src/vhdl/system_clk_wiz_0_0_pselect_f.vhd:162]
	Parameter C_AB bound to: 3 - type: integer 
	Parameter C_AW bound to: 3 - type: integer 
	Parameter C_BAR bound to: 3'b100 
	Parameter C_FAMILY bound to: nofamily - type: string 
INFO: [Synth 8-256] done synthesizing module 'system_clk_wiz_0_0_pselect_f__parameterized4' (1#1) [d:/ASUS-PC/Desktop/temporary/MPR_OV_1.3/MPR_OV_1.3.gen/sources_1/bd/system/ip/system_clk_wiz_0_0/proc_common_v3_00_a/hdl/src/vhdl/system_clk_wiz_0_0_pselect_f.vhd:162]
INFO: [Synth 8-638] synthesizing module 'system_clk_wiz_0_0_pselect_f__parameterized5' [d:/ASUS-PC/Desktop/temporary/MPR_OV_1.3/MPR_OV_1.3.gen/sources_1/bd/system/ip/system_clk_wiz_0_0/proc_common_v3_00_a/hdl/src/vhdl/system_clk_wiz_0_0_pselect_f.vhd:162]
	Parameter C_AB bound to: 3 - type: integer 
	Parameter C_AW bound to: 3 - type: integer 
	Parameter C_BAR bound to: 3'b101 
	Parameter C_FAMILY bound to: nofamily - type: string 
INFO: [Synth 8-256] done synthesizing module 'system_clk_wiz_0_0_pselect_f__parameterized5' (1#1) [d:/ASUS-PC/Desktop/temporary/MPR_OV_1.3/MPR_OV_1.3.gen/sources_1/bd/system/ip/system_clk_wiz_0_0/proc_common_v3_00_a/hdl/src/vhdl/system_clk_wiz_0_0_pselect_f.vhd:162]
INFO: [Synth 8-638] synthesizing module 'system_clk_wiz_0_0_pselect_f__parameterized6' [d:/ASUS-PC/Desktop/temporary/MPR_OV_1.3/MPR_OV_1.3.gen/sources_1/bd/system/ip/system_clk_wiz_0_0/proc_common_v3_00_a/hdl/src/vhdl/system_clk_wiz_0_0_pselect_f.vhd:162]
	Parameter C_AB bound to: 3 - type: integer 
	Parameter C_AW bound to: 3 - type: integer 
	Parameter C_BAR bound to: 3'b110 
	Parameter C_FAMILY bound to: nofamily - type: string 
INFO: [Synth 8-256] done synthesizing module 'system_clk_wiz_0_0_pselect_f__parameterized6' (1#1) [d:/ASUS-PC/Desktop/temporary/MPR_OV_1.3/MPR_OV_1.3.gen/sources_1/bd/system/ip/system_clk_wiz_0_0/proc_common_v3_00_a/hdl/src/vhdl/system_clk_wiz_0_0_pselect_f.vhd:162]
INFO: [Synth 8-638] synthesizing module 'system_clk_wiz_0_0_pselect_f__parameterized7' [d:/ASUS-PC/Desktop/temporary/MPR_OV_1.3/MPR_OV_1.3.gen/sources_1/bd/system/ip/system_clk_wiz_0_0/proc_common_v3_00_a/hdl/src/vhdl/system_clk_wiz_0_0_pselect_f.vhd:162]
	Parameter C_AB bound to: 3 - type: integer 
	Parameter C_AW bound to: 3 - type: integer 
	Parameter C_BAR bound to: 3'b111 
	Parameter C_FAMILY bound to: nofamily - type: string 
INFO: [Synth 8-256] done synthesizing module 'system_clk_wiz_0_0_pselect_f__parameterized7' (1#1) [d:/ASUS-PC/Desktop/temporary/MPR_OV_1.3/MPR_OV_1.3.gen/sources_1/bd/system/ip/system_clk_wiz_0_0/proc_common_v3_00_a/hdl/src/vhdl/system_clk_wiz_0_0_pselect_f.vhd:162]
INFO: [Synth 8-638] synthesizing module 'system_clk_wiz_0_0_pselect_f__parameterized8' [d:/ASUS-PC/Desktop/temporary/MPR_OV_1.3/MPR_OV_1.3.gen/sources_1/bd/system/ip/system_clk_wiz_0_0/proc_common_v3_00_a/hdl/src/vhdl/system_clk_wiz_0_0_pselect_f.vhd:162]
	Parameter C_AB bound to: 0 - type: integer 
	Parameter C_AW bound to: 11 - type: integer 
	Parameter C_BAR bound to: 11'b01000000000 
	Parameter C_FAMILY bound to: nofamily - type: string 
INFO: [Synth 8-256] done synthesizing module 'system_clk_wiz_0_0_pselect_f__parameterized8' (1#1) [d:/ASUS-PC/Desktop/temporary/MPR_OV_1.3/MPR_OV_1.3.gen/sources_1/bd/system/ip/system_clk_wiz_0_0/proc_common_v3_00_a/hdl/src/vhdl/system_clk_wiz_0_0_pselect_f.vhd:162]
INFO: [Synth 8-256] done synthesizing module 'system_clk_wiz_0_0_address_decoder' (2#1) [d:/ASUS-PC/Desktop/temporary/MPR_OV_1.3/MPR_OV_1.3.gen/sources_1/bd/system/ip/system_clk_wiz_0_0/axi_lite_ipif_v1_01_a/hdl/src/vhdl/system_clk_wiz_0_0_address_decoder.vhd:186]
INFO: [Synth 8-226] default block is never used [d:/ASUS-PC/Desktop/temporary/MPR_OV_1.3/MPR_OV_1.3.gen/sources_1/bd/system/ip/system_clk_wiz_0_0/axi_lite_ipif_v1_01_a/hdl/src/vhdl/system_clk_wiz_0_0_slave_attachment.vhd:438]
INFO: [Synth 8-256] done synthesizing module 'system_clk_wiz_0_0_slave_attachment' (3#1) [d:/ASUS-PC/Desktop/temporary/MPR_OV_1.3/MPR_OV_1.3.gen/sources_1/bd/system/ip/system_clk_wiz_0_0/axi_lite_ipif_v1_01_a/hdl/src/vhdl/system_clk_wiz_0_0_slave_attachment.vhd:236]
INFO: [Synth 8-256] done synthesizing module 'system_clk_wiz_0_0_axi_lite_ipif' (4#1) [d:/ASUS-PC/Desktop/temporary/MPR_OV_1.3/MPR_OV_1.3.gen/sources_1/bd/system/ip/system_clk_wiz_0_0/axi_lite_ipif_v1_01_a/hdl/src/vhdl/system_clk_wiz_0_0_axi_lite_ipif.vhd:245]
	Parameter C_S_AXI_ADDR_WIDTH bound to: 11 - type: integer 
	Parameter C_S_AXI_DATA_WIDTH bound to: 32 - type: integer 
	Parameter C_FAMILY bound to: virtex7 - type: string 
	Parameter CE_NUMBERS bound to: 9 - type: integer 
INFO: [Synth 8-3491] module 'system_clk_wiz_0_0_clk_wiz_drp' declared at 'd:/ASUS-PC/Desktop/temporary/MPR_OV_1.3/MPR_OV_1.3.gen/sources_1/bd/system/ip/system_clk_wiz_0_0/system_clk_wiz_0_0_clk_wiz_drp.vhd:115' bound to instance 'CLK_CORE_DRP_I' of component 'system_clk_wiz_0_0_clk_wiz_drp' [d:/ASUS-PC/Desktop/temporary/MPR_OV_1.3/MPR_OV_1.3.gen/sources_1/bd/system/ip/system_clk_wiz_0_0/system_clk_wiz_0_0_axi_clk_config.vhd:440]
INFO: [Synth 8-638] synthesizing module 'system_clk_wiz_0_0_clk_wiz_drp' [d:/ASUS-PC/Desktop/temporary/MPR_OV_1.3/MPR_OV_1.3.gen/sources_1/bd/system/ip/system_clk_wiz_0_0/system_clk_wiz_0_0_clk_wiz_drp.vhd:153]
	Parameter C_S_AXI_ADDR_WIDTH bound to: 11 - type: integer 
	Parameter C_S_AXI_DATA_WIDTH bound to: 32 - type: integer 
	Parameter C_FAMILY bound to: virtex7 - type: string 
	Parameter CE_NUMBERS bound to: 9 - type: integer 
INFO: [Synth 8-3491] module 'system_clk_wiz_0_0_clk_wiz' declared at 'd:/ASUS-PC/Desktop/temporary/MPR_OV_1.3/MPR_OV_1.3.gen/sources_1/bd/system/ip/system_clk_wiz_0_0/system_clk_wiz_0_0_clk_wiz.v:68' bound to instance 'clk_inst' of component 'system_clk_wiz_0_0_clk_wiz' [d:/ASUS-PC/Desktop/temporary/MPR_OV_1.3/MPR_OV_1.3.gen/sources_1/bd/system/ip/system_clk_wiz_0_0/system_clk_wiz_0_0_clk_wiz_drp.vhd:553]
INFO: [Synth 8-6157] synthesizing module 'system_clk_wiz_0_0_clk_wiz' [d:/ASUS-PC/Desktop/temporary/MPR_OV_1.3/MPR_OV_1.3.gen/sources_1/bd/system/ip/system_clk_wiz_0_0/system_clk_wiz_0_0_clk_wiz.v:68]
INFO: [Synth 8-6157] synthesizing module 'IBUF' [E:/Xilinx2021/Vivado/2021.1/scripts/rt/data/unisim_comp.v:51657]
INFO: [Synth 8-6155] done synthesizing module 'IBUF' (5#1) [E:/Xilinx2021/Vivado/2021.1/scripts/rt/data/unisim_comp.v:51657]
INFO: [Synth 8-6157] synthesizing module 'MMCME2_ADV' [E:/Xilinx2021/Vivado/2021.1/scripts/rt/data/unisim_comp.v:59963]
	Parameter BANDWIDTH bound to: OPTIMIZED - type: string 
	Parameter CLKFBOUT_MULT_F bound to: 10.000000 - type: double 
	Parameter CLKFBOUT_PHASE bound to: 0.000000 - type: double 
	Parameter CLKFBOUT_USE_FINE_PS bound to: FALSE - type: string 
	Parameter CLKIN1_PERIOD bound to: 10.000000 - type: double 
	Parameter CLKOUT0_DIVIDE_F bound to: 30.000000 - type: double 
	Parameter CLKOUT0_DUTY_CYCLE bound to: 0.500000 - type: double 
	Parameter CLKOUT0_PHASE bound to: 0.000000 - type: double 
	Parameter CLKOUT0_USE_FINE_PS bound to: FALSE - type: string 
	Parameter CLKOUT4_CASCADE bound to: FALSE - type: string 
	Parameter COMPENSATION bound to: ZHOLD - type: string 
	Parameter DIVCLK_DIVIDE bound to: 1 - type: integer 
	Parameter STARTUP_WAIT bound to: FALSE - type: string 
INFO: [Synth 8-6155] done synthesizing module 'MMCME2_ADV' (6#1) [E:/Xilinx2021/Vivado/2021.1/scripts/rt/data/unisim_comp.v:59963]
INFO: [Synth 8-6157] synthesizing module 'BUFG' [E:/Xilinx2021/Vivado/2021.1/scripts/rt/data/unisim_comp.v:1083]
INFO: [Synth 8-6155] done synthesizing module 'BUFG' (7#1) [E:/Xilinx2021/Vivado/2021.1/scripts/rt/data/unisim_comp.v:1083]
INFO: [Synth 8-6155] done synthesizing module 'system_clk_wiz_0_0_clk_wiz' (8#1) [d:/ASUS-PC/Desktop/temporary/MPR_OV_1.3/MPR_OV_1.3.gen/sources_1/bd/system/ip/system_clk_wiz_0_0/system_clk_wiz_0_0_clk_wiz.v:68]
	Parameter S1_CLKFBOUT_MULT bound to: 10 - type: integer 
	Parameter S1_CLKFBOUT_PHASE bound to: 0 - type: integer 
	Parameter S1_CLKFBOUT_FRAC bound to: 0 - type: integer 
	Parameter S1_CLKFBOUT_FRAC_EN bound to: 0 - type: integer 
	Parameter S1_BANDWIDTH bound to: OPTIMIZED - type: string 
	Parameter S1_DIVCLK_DIVIDE bound to: 1 - type: integer 
	Parameter S1_CLKOUT0_DIVIDE bound to: 30 - type: integer 
	Parameter S1_CLKOUT0_PHASE bound to: 0 - type: integer 
	Parameter S1_CLKOUT0_DUTY bound to: 50000 - type: integer 
	Parameter S1_CLKOUT0_FRAC bound to: 0 - type: integer 
	Parameter S1_CLKOUT0_FRAC_EN bound to: 0 - type: integer 
	Parameter S1_CLKOUT1_DIVIDE bound to: 1 - type: integer 
	Parameter S1_CLKOUT1_PHASE bound to: 0 - type: integer 
	Parameter S1_CLKOUT1_DUTY bound to: 50000 - type: integer 
	Parameter S1_CLKOUT2_DIVIDE bound to: 1 - type: integer 
	Parameter S1_CLKOUT2_PHASE bound to: 0 - type: integer 
	Parameter S1_CLKOUT2_DUTY bound to: 50000 - type: integer 
	Parameter S1_CLKOUT3_DIVIDE bound to: 1 - type: integer 
	Parameter S1_CLKOUT3_PHASE bound to: 0 - type: integer 
	Parameter S1_CLKOUT3_DUTY bound to: 50000 - type: integer 
	Parameter S1_CLKOUT4_DIVIDE bound to: 1 - type: integer 
	Parameter S1_CLKOUT4_PHASE bound to: 0 - type: integer 
	Parameter S1_CLKOUT4_DUTY bound to: 50000 - type: integer 
	Parameter S1_CLKOUT5_DIVIDE bound to: 1 - type: integer 
	Parameter S1_CLKOUT5_PHASE bound to: 0 - type: integer 
	Parameter S1_CLKOUT5_DUTY bound to: 50000 - type: integer 
	Parameter S1_CLKOUT6_DIVIDE bound to: 1 - type: integer 
	Parameter S1_CLKOUT6_PHASE bound to: 0 - type: integer 
	Parameter S1_CLKOUT6_DUTY bound to: 50000 - type: integer 
INFO: [Synth 8-3491] module 'system_clk_wiz_0_0_mmcm_drp' declared at 'd:/ASUS-PC/Desktop/temporary/MPR_OV_1.3/MPR_OV_1.3.gen/sources_1/bd/system/ip/system_clk_wiz_0_0/system_clk_wiz_0_0_mmcm_pll_drp.v:47' bound to instance 'mmcm_drp_inst' of component 'system_clk_wiz_0_0_mmcm_drp' [d:/ASUS-PC/Desktop/temporary/MPR_OV_1.3/MPR_OV_1.3.gen/sources_1/bd/system/ip/system_clk_wiz_0_0/system_clk_wiz_0_0_clk_wiz_drp.vhd:571]
INFO: [Synth 8-6157] synthesizing module 'system_clk_wiz_0_0_mmcm_drp' [d:/ASUS-PC/Desktop/temporary/MPR_OV_1.3/MPR_OV_1.3.gen/sources_1/bd/system/ip/system_clk_wiz_0_0/system_clk_wiz_0_0_mmcm_pll_drp.v:47]
	Parameter S1_CLKFBOUT_MULT bound to: 10 - type: integer 
	Parameter S1_CLKFBOUT_PHASE bound to: 0 - type: integer 
	Parameter S1_CLKFBOUT_FRAC bound to: 0 - type: integer 
	Parameter S1_CLKFBOUT_FRAC_EN bound to: 0 - type: integer 
	Parameter S1_BANDWIDTH bound to: OPTIMIZED - type: string 
	Parameter S1_DIVCLK_DIVIDE bound to: 1 - type: integer 
	Parameter S1_CLKOUT0_DIVIDE bound to: 30 - type: integer 
	Parameter S1_CLKOUT0_PHASE bound to: 0 - type: integer 
	Parameter S1_CLKOUT0_DUTY bound to: 50000 - type: integer 
	Parameter S1_CLKOUT0_FRAC bound to: 0 - type: integer 
	Parameter S1_CLKOUT0_FRAC_EN bound to: 0 - type: integer 
	Parameter S1_CLKOUT1_DIVIDE bound to: 1 - type: integer 
	Parameter S1_CLKOUT1_PHASE bound to: 0 - type: integer 
	Parameter S1_CLKOUT1_DUTY bound to: 50000 - type: integer 
	Parameter S1_CLKOUT2_DIVIDE bound to: 1 - type: integer 
	Parameter S1_CLKOUT2_PHASE bound to: 0 - type: integer 
	Parameter S1_CLKOUT2_DUTY bound to: 50000 - type: integer 
	Parameter S1_CLKOUT3_DIVIDE bound to: 1 - type: integer 
	Parameter S1_CLKOUT3_PHASE bound to: 0 - type: integer 
	Parameter S1_CLKOUT3_DUTY bound to: 50000 - type: integer 
	Parameter S1_CLKOUT4_DIVIDE bound to: 1 - type: integer 
	Parameter S1_CLKOUT4_PHASE bound to: 0 - type: integer 
	Parameter S1_CLKOUT4_DUTY bound to: 50000 - type: integer 
	Parameter S1_CLKOUT5_DIVIDE bound to: 1 - type: integer 
	Parameter S1_CLKOUT5_PHASE bound to: 0 - type: integer 
	Parameter S1_CLKOUT5_DUTY bound to: 50000 - type: integer 
	Parameter S1_CLKOUT6_DIVIDE bound to: 1 - type: integer 
	Parameter S1_CLKOUT6_PHASE bound to: 0 - type: integer 
	Parameter S1_CLKOUT6_DUTY bound to: 50000 - type: integer 
INFO: [Synth 8-6155] done synthesizing module 'system_clk_wiz_0_0_mmcm_drp' (9#1) [d:/ASUS-PC/Desktop/temporary/MPR_OV_1.3/MPR_OV_1.3.gen/sources_1/bd/system/ip/system_clk_wiz_0_0/system_clk_wiz_0_0_mmcm_pll_drp.v:47]
INFO: [Synth 8-256] done synthesizing module 'system_clk_wiz_0_0_clk_wiz_drp' (10#1) [d:/ASUS-PC/Desktop/temporary/MPR_OV_1.3/MPR_OV_1.3.gen/sources_1/bd/system/ip/system_clk_wiz_0_0/system_clk_wiz_0_0_clk_wiz_drp.vhd:153]
INFO: [Synth 8-638] synthesizing module 'system_clk_wiz_0_0_soft_reset' [d:/ASUS-PC/Desktop/temporary/MPR_OV_1.3/MPR_OV_1.3.gen/sources_1/bd/system/ip/system_clk_wiz_0_0/proc_common_v3_00_a/hdl/src/vhdl/system_clk_wiz_0_0_soft_reset.vhd:142]
	Parameter C_SIPIF_DWIDTH bound to: 32 - type: integer 
	Parameter C_RESET_WIDTH bound to: 16 - type: integer 
INFO: [Synth 8-113] binding component instance 'RST_FLOPS' to cell 'FDRSE' [d:/ASUS-PC/Desktop/temporary/MPR_OV_1.3/MPR_OV_1.3.gen/sources_1/bd/system/ip/system_clk_wiz_0_0/proc_common_v3_00_a/hdl/src/vhdl/system_clk_wiz_0_0_soft_reset.vhd:273]
INFO: [Synth 8-113] binding component instance 'RST_FLOPS' to cell 'FDRSE' [d:/ASUS-PC/Desktop/temporary/MPR_OV_1.3/MPR_OV_1.3.gen/sources_1/bd/system/ip/system_clk_wiz_0_0/proc_common_v3_00_a/hdl/src/vhdl/system_clk_wiz_0_0_soft_reset.vhd:273]
INFO: [Synth 8-113] binding component instance 'RST_FLOPS' to cell 'FDRSE' [d:/ASUS-PC/Desktop/temporary/MPR_OV_1.3/MPR_OV_1.3.gen/sources_1/bd/system/ip/system_clk_wiz_0_0/proc_common_v3_00_a/hdl/src/vhdl/system_clk_wiz_0_0_soft_reset.vhd:273]
INFO: [Synth 8-113] binding component instance 'RST_FLOPS' to cell 'FDRSE' [d:/ASUS-PC/Desktop/temporary/MPR_OV_1.3/MPR_OV_1.3.gen/sources_1/bd/system/ip/system_clk_wiz_0_0/proc_common_v3_00_a/hdl/src/vhdl/system_clk_wiz_0_0_soft_reset.vhd:273]
INFO: [Synth 8-113] binding component instance 'RST_FLOPS' to cell 'FDRSE' [d:/ASUS-PC/Desktop/temporary/MPR_OV_1.3/MPR_OV_1.3.gen/sources_1/bd/system/ip/system_clk_wiz_0_0/proc_common_v3_00_a/hdl/src/vhdl/system_clk_wiz_0_0_soft_reset.vhd:273]
INFO: [Synth 8-113] binding component instance 'RST_FLOPS' to cell 'FDRSE' [d:/ASUS-PC/Desktop/temporary/MPR_OV_1.3/MPR_OV_1.3.gen/sources_1/bd/system/ip/system_clk_wiz_0_0/proc_common_v3_00_a/hdl/src/vhdl/system_clk_wiz_0_0_soft_reset.vhd:273]
INFO: [Synth 8-113] binding component instance 'RST_FLOPS' to cell 'FDRSE' [d:/ASUS-PC/Desktop/temporary/MPR_OV_1.3/MPR_OV_1.3.gen/sources_1/bd/system/ip/system_clk_wiz_0_0/proc_common_v3_00_a/hdl/src/vhdl/system_clk_wiz_0_0_soft_reset.vhd:273]
INFO: [Synth 8-113] binding component instance 'RST_FLOPS' to cell 'FDRSE' [d:/ASUS-PC/Desktop/temporary/MPR_OV_1.3/MPR_OV_1.3.gen/sources_1/bd/system/ip/system_clk_wiz_0_0/proc_common_v3_00_a/hdl/src/vhdl/system_clk_wiz_0_0_soft_reset.vhd:273]
INFO: [Synth 8-113] binding component instance 'RST_FLOPS' to cell 'FDRSE' [d:/ASUS-PC/Desktop/temporary/MPR_OV_1.3/MPR_OV_1.3.gen/sources_1/bd/system/ip/system_clk_wiz_0_0/proc_common_v3_00_a/hdl/src/vhdl/system_clk_wiz_0_0_soft_reset.vhd:273]
INFO: [Synth 8-113] binding component instance 'RST_FLOPS' to cell 'FDRSE' [d:/ASUS-PC/Desktop/temporary/MPR_OV_1.3/MPR_OV_1.3.gen/sources_1/bd/system/ip/system_clk_wiz_0_0/proc_common_v3_00_a/hdl/src/vhdl/system_clk_wiz_0_0_soft_reset.vhd:273]
INFO: [Synth 8-113] binding component instance 'RST_FLOPS' to cell 'FDRSE' [d:/ASUS-PC/Desktop/temporary/MPR_OV_1.3/MPR_OV_1.3.gen/sources_1/bd/system/ip/system_clk_wiz_0_0/proc_common_v3_00_a/hdl/src/vhdl/system_clk_wiz_0_0_soft_reset.vhd:273]
INFO: [Synth 8-113] binding component instance 'RST_FLOPS' to cell 'FDRSE' [d:/ASUS-PC/Desktop/temporary/MPR_OV_1.3/MPR_OV_1.3.gen/sources_1/bd/system/ip/system_clk_wiz_0_0/proc_common_v3_00_a/hdl/src/vhdl/system_clk_wiz_0_0_soft_reset.vhd:273]
INFO: [Synth 8-113] binding component instance 'RST_FLOPS' to cell 'FDRSE' [d:/ASUS-PC/Desktop/temporary/MPR_OV_1.3/MPR_OV_1.3.gen/sources_1/bd/system/ip/system_clk_wiz_0_0/proc_common_v3_00_a/hdl/src/vhdl/system_clk_wiz_0_0_soft_reset.vhd:273]
INFO: [Synth 8-113] binding component instance 'RST_FLOPS' to cell 'FDRSE' [d:/ASUS-PC/Desktop/temporary/MPR_OV_1.3/MPR_OV_1.3.gen/sources_1/bd/system/ip/system_clk_wiz_0_0/proc_common_v3_00_a/hdl/src/vhdl/system_clk_wiz_0_0_soft_reset.vhd:273]
INFO: [Synth 8-113] binding component instance 'RST_FLOPS' to cell 'FDRSE' [d:/ASUS-PC/Desktop/temporary/MPR_OV_1.3/MPR_OV_1.3.gen/sources_1/bd/system/ip/system_clk_wiz_0_0/proc_common_v3_00_a/hdl/src/vhdl/system_clk_wiz_0_0_soft_reset.vhd:273]
INFO: [Synth 8-113] binding component instance 'RST_FLOPS' to cell 'FDRSE' [d:/ASUS-PC/Desktop/temporary/MPR_OV_1.3/MPR_OV_1.3.gen/sources_1/bd/system/ip/system_clk_wiz_0_0/proc_common_v3_00_a/hdl/src/vhdl/system_clk_wiz_0_0_soft_reset.vhd:273]
INFO: [Synth 8-113] binding component instance 'FF_WRACK' to cell 'FDRSE' [d:/ASUS-PC/Desktop/temporary/MPR_OV_1.3/MPR_OV_1.3.gen/sources_1/bd/system/ip/system_clk_wiz_0_0/proc_common_v3_00_a/hdl/src/vhdl/system_clk_wiz_0_0_soft_reset.vhd:296]
INFO: [Synth 8-256] done synthesizing module 'system_clk_wiz_0_0_soft_reset' (11#1) [d:/ASUS-PC/Desktop/temporary/MPR_OV_1.3/MPR_OV_1.3.gen/sources_1/bd/system/ip/system_clk_wiz_0_0/proc_common_v3_00_a/hdl/src/vhdl/system_clk_wiz_0_0_soft_reset.vhd:142]
INFO: [Synth 8-256] done synthesizing module 'system_clk_wiz_0_0_axi_clk_config' (12#1) [d:/ASUS-PC/Desktop/temporary/MPR_OV_1.3/MPR_OV_1.3.gen/sources_1/bd/system/ip/system_clk_wiz_0_0/system_clk_wiz_0_0_axi_clk_config.vhd:177]
INFO: [Synth 8-6155] done synthesizing module 'system_clk_wiz_0_0' (13#1) [d:/ASUS-PC/Desktop/temporary/MPR_OV_1.3/MPR_OV_1.3.gen/sources_1/bd/system/ip/system_clk_wiz_0_0/system_clk_wiz_0_0.v:70]
---------------------------------------------------------------------------------
Finished RTL Elaboration : Time (s): cpu = 00:00:02 ; elapsed = 00:00:03 . Memory (MB): peak = 1286.305 ; gain = 0.000
---------------------------------------------------------------------------------
---------------------------------------------------------------------------------
Start Handling Custom Attributes
---------------------------------------------------------------------------------
---------------------------------------------------------------------------------
Finished Handling Custom Attributes : Time (s): cpu = 00:00:03 ; elapsed = 00:00:03 . Memory (MB): peak = 1286.305 ; gain = 0.000
---------------------------------------------------------------------------------
---------------------------------------------------------------------------------
Finished RTL Optimization Phase 1 : Time (s): cpu = 00:00:03 ; elapsed = 00:00:03 . Memory (MB): peak = 1286.305 ; gain = 0.000
---------------------------------------------------------------------------------
Netlist sorting complete. Time (s): cpu = 00:00:00 ; elapsed = 00:00:00.027 . Memory (MB): peak = 1286.305 ; gain = 0.000
INFO: [Netlist 29-17] Analyzing 18 Unisim elements for replacement
INFO: [Netlist 29-28] Unisim Transformation completed in 0 CPU seconds
INFO: [Project 1-570] Preparing netlist for logic optimization

Processing XDC Constraints
Initializing timing engine
Parsing XDC File [d:/ASUS-PC/Desktop/temporary/MPR_OV_1.3/MPR_OV_1.3.gen/sources_1/bd/system/ip/system_clk_wiz_0_0/system_clk_wiz_0_0_ooc.xdc] for cell 'inst'
Finished Parsing XDC File [d:/ASUS-PC/Desktop/temporary/MPR_OV_1.3/MPR_OV_1.3.gen/sources_1/bd/system/ip/system_clk_wiz_0_0/system_clk_wiz_0_0_ooc.xdc] for cell 'inst'
Parsing XDC File [d:/ASUS-PC/Desktop/temporary/MPR_OV_1.3/MPR_OV_1.3.gen/sources_1/bd/system/ip/system_clk_wiz_0_0/system_clk_wiz_0_0_board.xdc] for cell 'inst'
Finished Parsing XDC File [d:/ASUS-PC/Desktop/temporary/MPR_OV_1.3/MPR_OV_1.3.gen/sources_1/bd/system/ip/system_clk_wiz_0_0/system_clk_wiz_0_0_board.xdc] for cell 'inst'
Parsing XDC File [d:/ASUS-PC/Desktop/temporary/MPR_OV_1.3/MPR_OV_1.3.gen/sources_1/bd/system/ip/system_clk_wiz_0_0/system_clk_wiz_0_0.xdc] for cell 'inst'
Finished Parsing XDC File [d:/ASUS-PC/Desktop/temporary/MPR_OV_1.3/MPR_OV_1.3.gen/sources_1/bd/system/ip/system_clk_wiz_0_0/system_clk_wiz_0_0.xdc] for cell 'inst'
INFO: [Project 1-236] Implementation specific constraints were found while reading constraint file [d:/ASUS-PC/Desktop/temporary/MPR_OV_1.3/MPR_OV_1.3.gen/sources_1/bd/system/ip/system_clk_wiz_0_0/system_clk_wiz_0_0.xdc]. These constraints will be ignored for synthesis but will be used in implementation. Impacted constraints are listed in the file [.Xil/system_clk_wiz_0_0_propImpl.xdc].
Resolution: To avoid this warning, move constraints listed in [.Xil/system_clk_wiz_0_0_propImpl.xdc] to another XDC file and exclude this new file from synthesis with the used_in_synthesis property (File Properties dialog in GUI) and re-run elaboration/synthesis.
INFO: [Timing 38-2] Deriving generated clocks
Parsing XDC File [D:/ASUS-PC/Desktop/temporary/MPR_OV_1.3/MPR_OV_1.3.runs/system_clk_wiz_0_0_synth_1/dont_touch.xdc]
Finished Parsing XDC File [D:/ASUS-PC/Desktop/temporary/MPR_OV_1.3/MPR_OV_1.3.runs/system_clk_wiz_0_0_synth_1/dont_touch.xdc]
Completed Processing XDC Constraints

Netlist sorting complete. Time (s): cpu = 00:00:00 ; elapsed = 00:00:00 . Memory (MB): peak = 1331.535 ; gain = 0.000
INFO: [Project 1-111] Unisim Transformation Summary:
  A total of 17 instances were transformed.
  FDRSE => FDRSE (FDRE, LUT4, VCC): 17 instances

Constraint Validation Runtime : Time (s): cpu = 00:00:00 ; elapsed = 00:00:00.030 . Memory (MB): peak = 1331.562 ; gain = 0.027
---------------------------------------------------------------------------------
Finished Constraint Validation : Time (s): cpu = 00:00:06 ; elapsed = 00:00:07 . Memory (MB): peak = 1331.562 ; gain = 45.258
---------------------------------------------------------------------------------
---------------------------------------------------------------------------------
Start Loading Part and Timing Information
---------------------------------------------------------------------------------
Loading part: xc7z020clg400-2
---------------------------------------------------------------------------------
Finished Loading Part and Timing Information : Time (s): cpu = 00:00:06 ; elapsed = 00:00:07 . Memory (MB): peak = 1331.562 ; gain = 45.258
---------------------------------------------------------------------------------
---------------------------------------------------------------------------------
Start Applying 'set_property' XDC Constraints
---------------------------------------------------------------------------------
Applied set_property KEEP_HIERARCHY = SOFT for inst. (constraint file  D:/ASUS-PC/Desktop/temporary/MPR_OV_1.3/MPR_OV_1.3.runs/system_clk_wiz_0_0_synth_1/dont_touch.xdc, line 9).
---------------------------------------------------------------------------------
Finished applying 'set_property' XDC Constraints : Time (s): cpu = 00:00:06 ; elapsed = 00:00:07 . Memory (MB): peak = 1331.562 ; gain = 45.258
---------------------------------------------------------------------------------
INFO: [Synth 8-802] inferred FSM for state register 'state_reg' in module 'system_clk_wiz_0_0_slave_attachment'
---------------------------------------------------------------------------------------------------
                   State |                     New Encoding |                Previous Encoding 
---------------------------------------------------------------------------------------------------
                 iSTATE2 |                             0001 |                               00
                  iSTATE |                             0010 |                               01
                 iSTATE0 |                             0100 |                               10
                 iSTATE1 |                             1000 |                               11
---------------------------------------------------------------------------------------------------
INFO: [Synth 8-3354] encoded FSM with state register 'state_reg' using encoding 'one-hot' in module 'system_clk_wiz_0_0_slave_attachment'
---------------------------------------------------------------------------------
Finished RTL Optimization Phase 2 : Time (s): cpu = 00:00:08 ; elapsed = 00:00:09 . Memory (MB): peak = 1331.562 ; gain = 45.258
---------------------------------------------------------------------------------
---------------------------------------------------------------------------------
Start RTL Component Statistics 
---------------------------------------------------------------------------------
Detailed RTL Component Info : 
+---Adders : 
	   2 Input   32 Bit       Adders := 1     
	   4 Input    8 Bit       Adders := 2     
	   2 Input    7 Bit       Adders := 1     
	   2 Input    6 Bit       Adders := 10    
	   3 Input    6 Bit       Adders := 13    
	   2 Input    5 Bit       Adders := 1     
+---Registers : 
	               39 Bit    Registers := 26    
	               32 Bit    Registers := 34    
	               26 Bit    Registers := 1     
	               18 Bit    Registers := 1     
	               16 Bit    Registers := 6     
	               11 Bit    Registers := 1     
	                7 Bit    Registers := 2     
	                6 Bit    Registers := 1     
	                5 Bit    Registers := 1     
	                4 Bit    Registers := 1     
	                2 Bit    Registers := 3     
	                1 Bit    Registers := 42    
+---Multipliers : 
	               4x32  Multipliers := 1     
	               6x32  Multipliers := 1     
+---Muxes : 
	   3 Input   39 Bit        Muxes := 6     
	   2 Input   39 Bit        Muxes := 6     
	   2 Input   32 Bit        Muxes := 4     
	   7 Input   32 Bit        Muxes := 1     
	  10 Input   16 Bit        Muxes := 1     
	   3 Input   12 Bit        Muxes := 2     
	   2 Input   11 Bit        Muxes := 1     
	   2 Input    7 Bit        Muxes := 9     
	  10 Input    7 Bit        Muxes := 1     
	   2 Input    6 Bit        Muxes := 27    
	  10 Input    6 Bit        Muxes := 1     
	  10 Input    5 Bit        Muxes := 1     
	   2 Input    5 Bit        Muxes := 1     
	   2 Input    4 Bit        Muxes := 7     
	   4 Input    4 Bit        Muxes := 1     
	   2 Input    3 Bit        Muxes := 3     
	   7 Input    3 Bit        Muxes := 1     
	   7 Input    2 Bit        Muxes := 1     
	   2 Input    2 Bit        Muxes := 2     
	  10 Input    1 Bit        Muxes := 9     
	   2 Input    1 Bit        Muxes := 123   
	   5 Input    1 Bit        Muxes := 37    
---------------------------------------------------------------------------------
Finished RTL Component Statistics 
---------------------------------------------------------------------------------
---------------------------------------------------------------------------------
Start Part Resource Summary
---------------------------------------------------------------------------------
Part Resources:
DSPs: 220 (col length:60)
BRAMs: 280 (col length: RAMB18 60 RAMB36 30)
---------------------------------------------------------------------------------
Finished Part Resource Summary
---------------------------------------------------------------------------------
---------------------------------------------------------------------------------
Start Cross Boundary and Area Optimization
---------------------------------------------------------------------------------
---------------------------------------------------------------------------------
Finished Cross Boundary and Area Optimization : Time (s): cpu = 00:00:21 ; elapsed = 00:00:22 . Memory (MB): peak = 1331.562 ; gain = 45.258
---------------------------------------------------------------------------------
---------------------------------------------------------------------------------
Start Applying XDC Timing Constraints
---------------------------------------------------------------------------------
---------------------------------------------------------------------------------
Finished Applying XDC Timing Constraints : Time (s): cpu = 00:00:26 ; elapsed = 00:00:27 . Memory (MB): peak = 1331.562 ; gain = 45.258
---------------------------------------------------------------------------------
---------------------------------------------------------------------------------
Start Timing Optimization
---------------------------------------------------------------------------------
---------------------------------------------------------------------------------
Finished Timing Optimization : Time (s): cpu = 00:00:33 ; elapsed = 00:00:34 . Memory (MB): peak = 1389.355 ; gain = 103.051
---------------------------------------------------------------------------------
---------------------------------------------------------------------------------
Start Technology Mapping
---------------------------------------------------------------------------------
---------------------------------------------------------------------------------
Finished Technology Mapping : Time (s): cpu = 00:00:34 ; elapsed = 00:00:34 . Memory (MB): peak = 1405.891 ; gain = 119.586
---------------------------------------------------------------------------------
---------------------------------------------------------------------------------
Start IO Insertion
---------------------------------------------------------------------------------
---------------------------------------------------------------------------------
Start Flattening Before IO Insertion
---------------------------------------------------------------------------------
---------------------------------------------------------------------------------
Finished Flattening Before IO Insertion
---------------------------------------------------------------------------------
---------------------------------------------------------------------------------
Start Final Netlist Cleanup
---------------------------------------------------------------------------------
---------------------------------------------------------------------------------
Finished Final Netlist Cleanup
---------------------------------------------------------------------------------
---------------------------------------------------------------------------------
Finished IO Insertion : Time (s): cpu = 00:00:35 ; elapsed = 00:00:36 . Memory (MB): peak = 1405.891 ; gain = 119.586
---------------------------------------------------------------------------------
---------------------------------------------------------------------------------
Start Renaming Generated Instances
---------------------------------------------------------------------------------
---------------------------------------------------------------------------------
Finished Renaming Generated Instances : Time (s): cpu = 00:00:35 ; elapsed = 00:00:36 . Memory (MB): peak = 1405.891 ; gain = 119.586
---------------------------------------------------------------------------------
---------------------------------------------------------------------------------
Start Rebuilding User Hierarchy
---------------------------------------------------------------------------------
---------------------------------------------------------------------------------
Finished Rebuilding User Hierarchy : Time (s): cpu = 00:00:35 ; elapsed = 00:00:36 . Memory (MB): peak = 1405.891 ; gain = 119.586
---------------------------------------------------------------------------------
---------------------------------------------------------------------------------
Start Renaming Generated Ports
---------------------------------------------------------------------------------
---------------------------------------------------------------------------------
Finished Renaming Generated Ports : Time (s): cpu = 00:00:35 ; elapsed = 00:00:36 . Memory (MB): peak = 1405.891 ; gain = 119.586
---------------------------------------------------------------------------------
---------------------------------------------------------------------------------
Start Handling Custom Attributes
---------------------------------------------------------------------------------
---------------------------------------------------------------------------------
Finished Handling Custom Attributes : Time (s): cpu = 00:00:35 ; elapsed = 00:00:36 . Memory (MB): peak = 1405.891 ; gain = 119.586
---------------------------------------------------------------------------------
---------------------------------------------------------------------------------
Start Renaming Generated Nets
---------------------------------------------------------------------------------
---------------------------------------------------------------------------------
Finished Renaming Generated Nets : Time (s): cpu = 00:00:35 ; elapsed = 00:00:36 . Memory (MB): peak = 1405.891 ; gain = 119.586
---------------------------------------------------------------------------------
---------------------------------------------------------------------------------
Start Writing Synthesis Report
---------------------------------------------------------------------------------

Report BlackBoxes: 
+-+--------------+----------+
| |BlackBox name |Instances |
+-+--------------+----------+
+-+--------------+----------+

Report Cell Usage: 
+------+-----------+------+
|      |Cell       |Count |
+------+-----------+------+
|1     |BUFG       |     2|
|2     |CARRY4     |    32|
|3     |LUT1       |     3|
|4     |LUT2       |   178|
|5     |LUT3       |   171|
|6     |LUT4       |    79|
|7     |LUT5       |   162|
|8     |LUT6       |   685|
|9     |MMCME2_ADV |     1|
|10    |MUXF7      |   154|
|11    |MUXF8      |     2|
|12    |FDRE       |  1427|
|13    |FDSE       |    61|
|14    |IBUF       |     1|
+------+-----------+------+
---------------------------------------------------------------------------------
Finished Writing Synthesis Report : Time (s): cpu = 00:00:35 ; elapsed = 00:00:36 . Memory (MB): peak = 1405.891 ; gain = 119.586
---------------------------------------------------------------------------------
Synthesis finished with 0 errors, 0 critical warnings and 0 warnings.
Synthesis Optimization Runtime : Time (s): cpu = 00:00:31 ; elapsed = 00:00:35 . Memory (MB): peak = 1405.891 ; gain = 74.328
Synthesis Optimization Complete : Time (s): cpu = 00:00:35 ; elapsed = 00:00:36 . Memory (MB): peak = 1405.891 ; gain = 119.586
INFO: [Project 1-571] Translating synthesized netlist
Netlist sorting complete. Time (s): cpu = 00:00:00 ; elapsed = 00:00:00.015 . Memory (MB): peak = 1405.891 ; gain = 0.000
INFO: [Netlist 29-17] Analyzing 189 Unisim elements for replacement
INFO: [Netlist 29-28] Unisim Transformation completed in 0 CPU seconds
INFO: [Project 1-570] Preparing netlist for logic optimization
INFO: [Opt 31-138] Pushed 0 inverter(s) to 0 load pin(s).
Netlist sorting complete. Time (s): cpu = 00:00:00 ; elapsed = 00:00:00 . Memory (MB): peak = 1405.891 ; gain = 0.000
INFO: [Project 1-111] Unisim Transformation Summary:
No Unisim elements were transformed.

Synth Design complete, checksum: aac33bd2
INFO: [Common 17-83] Releasing license: Synthesis
88 Infos, 0 Warnings, 0 Critical Warnings and 0 Errors encountered.
synth_design completed successfully
synth_design: Time (s): cpu = 00:00:38 ; elapsed = 00:00:39 . Memory (MB): peak = 1405.891 ; gain = 119.586
INFO: [Common 17-1381] The checkpoint 'D:/ASUS-PC/Desktop/temporary/MPR_OV_1.3/MPR_OV_1.3.runs/system_clk_wiz_0_0_synth_1/system_clk_wiz_0_0.dcp' has been generated.
INFO: [Coretcl 2-1648] Added synthesis output to IP cache for IP system_clk_wiz_0_0, cache-ID = 5fd851f6b816d0cd
INFO: [Common 17-1381] The checkpoint 'D:/ASUS-PC/Desktop/temporary/MPR_OV_1.3/MPR_OV_1.3.runs/system_clk_wiz_0_0_synth_1/system_clk_wiz_0_0.dcp' has been generated.
INFO: [runtcl-4] Executing : report_utilization -file system_clk_wiz_0_0_utilization_synth.rpt -pb system_clk_wiz_0_0_utilization_synth.pb
INFO: [Common 17-206] Exiting Vivado at Sat Feb 28 17:28:14 2026...
