#-----------------------------------------------------------
# Webtalk v2018.3 (64-bit)
# SW Build 2405991 on Thu Dec  6 23:38:27 MST 2018
# 
# Start of session at: Sun Apr 27 14:33:19 2025
# Process ID: 48340
# Current directory: D:/ASUS-PC/Desktop/temporary/test/Mini_ctrl_brd_zynq/Mini_ctrl_brd_zynq.sdk/webtalk
# Command line: wbtcv.exe -mode batch -source sdk_webtalk.tcl
# Log file: D:/ASUS-PC/Desktop/temporary/test/Mini_ctrl_brd_zynq/Mini_ctrl_brd_zynq.sdk/webtalk/webtalk.log
# Journal file: D:/ASUS-PC/Desktop/temporary/test/Mini_ctrl_brd_zynq/Mini_ctrl_brd_zynq.sdk/webtalk\webtalk.jou
#-----------------------------------------------------------
source sdk_webtalk.tcl
# webtalk_init -webtalk_dir D:\\ASUS-PC\\Desktop\\temporary\\test\\Mini_ctrl_brd_zynq\\Mini_ctrl_brd_zynq.sdk\\webtalk
# webtalk_register_client -client project
# webtalk_add_data -client project -key date_generated -value "2025-04-27 14:33:19" -context "software_version_and_target_device"
# webtalk_add_data -client project -key product_version -value "SDK v2018.3" -context "software_version_and_target_device"
# webtalk_add_data -client project -key build_version -value "2018.3" -context "software_version_and_target_device"
# webtalk_add_data -client project -key os_platform -value "amd64" -context "software_version_and_target_device"
# webtalk_add_data -client project -key registration_id -value "" -context "software_version_and_target_device"
# webtalk_add_data -client project -key tool_flow -value "SDK" -context "software_version_and_target_device"
# webtalk_add_data -client project -key beta -value "false" -context "software_version_and_target_device"
# webtalk_add_data -client project -key route_design -value "NA" -context "software_version_and_target_device"
# webtalk_add_data -client project -key target_family -value "NA" -context "software_version_and_target_device"
# webtalk_add_data -client project -key target_device -value "NA" -context "software_version_and_target_device"
# webtalk_add_data -client project -key target_package -value "NA" -context "software_version_and_target_device"
# webtalk_add_data -client project -key target_speed -value "NA" -context "software_version_and_target_device"
# webtalk_add_data -client project -key random_id -value "ge2mqk51ok6c85cvhqju8kvgmg" -context "software_version_and_target_device"
# webtalk_add_data -client project -key project_id -value "2018.3_55" -context "software_version_and_target_device"
# webtalk_add_data -client project -key project_iteration -value "55" -context "software_version_and_target_device"
# webtalk_add_data -client project -key os_name -value "Microsoft Windows 8 or later , 64-bit" -context "user_environment"
# webtalk_add_data -client project -key os_release -value "major release  (build 9200)" -context "user_environment"
# webtalk_add_data -client project -key cpu_name -value "Intel(R) Core(TM) i7-14700KF" -context "user_environment"
# webtalk_add_data -client project -key cpu_speed -value "3418 MHz" -context "user_environment"
# webtalk_add_data -client project -key total_processors -value "1" -context "user_environment"
# webtalk_add_data -client project -key system_ram -value "34.164 GB" -context "user_environment"
# webtalk_register_client -client sdk
# webtalk_add_data -client sdk -key uid -value "1745719908607" -context "sdk\\\\bsp/1745719908607"
# webtalk_add_data -client sdk -key hwid -value "1744768936375" -context "sdk\\\\bsp/1745719908607"
# webtalk_add_data -client sdk -key os -value "standalone" -context "sdk\\\\bsp/1745719908607"
# webtalk_add_data -client sdk -key apptemplate -value "empty_application" -context "sdk\\\\bsp/1745719908607"
# webtalk_add_data -client sdk -key RecordType -value "BSPCreation" -context "sdk\\\\bsp/1745719908607"
# webtalk_add_data -client sdk -key uid -value "1745719909310" -context "sdk\\\\application/1745719909310"
# webtalk_add_data -client sdk -key hwid -value "1744768936375" -context "sdk\\\\application/1745719909310"
# webtalk_add_data -client sdk -key bspid -value "1745719908607" -context "sdk\\\\application/1745719909310"
# webtalk_add_data -client sdk -key newbsp -value "true" -context "sdk\\\\application/1745719909310"
# webtalk_add_data -client sdk -key os -value "standalone" -context "sdk\\\\application/1745719909310"
# webtalk_add_data -client sdk -key apptemplate -value "empty_application" -context "sdk\\\\application/1745719909310"
# webtalk_add_data -client sdk -key RecordType -value "APPCreation" -context "sdk\\\\application/1745719909310"
# webtalk_add_data -client sdk -key LangUsed -value "C" -context "sdk\\\\application/1745719909310"
# webtalk_add_data -client sdk -key Procused -value "ps7_cortexa9" -context "sdk\\\\application/1745719909310"
# webtalk_add_data -client sdk -key uid -value "1745721599485" -context "sdk\\\\bsp/1745721599485"
# webtalk_add_data -client sdk -key hwid -value "1744768936375" -context "sdk\\\\bsp/1745721599485"
# webtalk_add_data -client sdk -key os -value "freertos10_xilinx" -context "sdk\\\\bsp/1745721599485"
# webtalk_add_data -client sdk -key apptemplate -value "empty_application" -context "sdk\\\\bsp/1745721599485"
# webtalk_add_data -client sdk -key RecordType -value "BSPCreation" -context "sdk\\\\bsp/1745721599485"
# webtalk_add_data -client sdk -key uid -value "1745721600250" -context "sdk\\\\application/1745721600250"
# webtalk_add_data -client sdk -key hwid -value "1744768936375" -context "sdk\\\\application/1745721600250"
# webtalk_add_data -client sdk -key bspid -value "1745721599485" -context "sdk\\\\application/1745721600250"
# webtalk_add_data -client sdk -key newbsp -value "true" -context "sdk\\\\application/1745721600250"
# webtalk_add_data -client sdk -key os -value "freertos10_xilinx" -context "sdk\\\\application/1745721600250"
# webtalk_add_data -client sdk -key apptemplate -value "empty_application" -context "sdk\\\\application/1745721600250"
# webtalk_add_data -client sdk -key RecordType -value "APPCreation" -context "sdk\\\\application/1745721600250"
# webtalk_add_data -client sdk -key LangUsed -value "C" -context "sdk\\\\application/1745721600250"
# webtalk_add_data -client sdk -key Procused -value "ps7_cortexa9" -context "sdk\\\\application/1745721600250"
# webtalk_add_data -client sdk -key projSize -value "526.71875" -context "sdk\\\\application/1745721600250"
# webtalk_add_data -client sdk -key uid -value "NA" -context "sdk\\\\bsp/1745735599374"
# webtalk_add_data -client sdk -key RecordType -value "ToolUsage" -context "sdk\\\\bsp/1745735599374"
# webtalk_add_data -client sdk -key BootgenCount -value "0" -context "sdk\\\\bsp/1745735599374"
# webtalk_add_data -client sdk -key DebugCount -value "103" -context "sdk\\\\bsp/1745735599374"
# webtalk_add_data -client sdk -key PerfCount -value "0" -context "sdk\\\\bsp/1745735599374"
# webtalk_add_data -client sdk -key FlashCount -value "0" -context "sdk\\\\bsp/1745735599374"
# webtalk_add_data -client sdk -key CrossTriggCount -value "0" -context "sdk\\\\bsp/1745735599374"
# webtalk_add_data -client sdk -key QemuDebugCount -value "0" -context "sdk\\\\bsp/1745735599374"
# webtalk_transmit -clientid 1461221166 -regid "" -xml D:\\ASUS-PC\\Desktop\\temporary\\test\\Mini_ctrl_brd_zynq\\Mini_ctrl_brd_zynq.sdk\\webtalk\\usage_statistics_ext_sdk.xml -html D:\\ASUS-PC\\Desktop\\temporary\\test\\Mini_ctrl_brd_zynq\\Mini_ctrl_brd_zynq.sdk\\webtalk\\usage_statistics_ext_sdk.html -wdm D:\\ASUS-PC\\Desktop\\temporary\\test\\Mini_ctrl_brd_zynq\\Mini_ctrl_brd_zynq.sdk\\webtalk\\sdk_webtalk.wdm -intro "<H3>SDK Usage Report</H3><BR>"
webtalk_transmit: Time (s): cpu = 00:00:00 ; elapsed = 00:00:05 . Memory (MB): peak = 82.145 ; gain = 0.000
# webtalk_terminate
INFO: [Common 17-206] Exiting Webtalk at Sun Apr 27 14:33:27 2025...
