#-----------------------------------------------------------
# Webtalk v2018.3 (64-bit)
# SW Build 2405991 on Thu Dec  6 23:38:27 MST 2018
# 
# Start of session at: Fri Apr 25 11:52:09 2025
# Process ID: 53540
# Current directory: D:/ASUS-PC/Desktop/temporary/Mini_ctrl_brd_zynq/Mini_ctrl_brd_zynq/Mini_ctrl_brd_zynq.sdk/webtalk
# Command line: wbtcv.exe -mode batch -source sdk_webtalk.tcl
# Log file: D:/ASUS-PC/Desktop/temporary/Mini_ctrl_brd_zynq/Mini_ctrl_brd_zynq/Mini_ctrl_brd_zynq.sdk/webtalk/webtalk.log
# Journal file: D:/ASUS-PC/Desktop/temporary/Mini_ctrl_brd_zynq/Mini_ctrl_brd_zynq/Mini_ctrl_brd_zynq.sdk/webtalk\webtalk.jou
#-----------------------------------------------------------
source sdk_webtalk.tcl
# webtalk_init -webtalk_dir D:\\ASUS-PC\\Desktop\\temporary\\Mini_ctrl_brd_zynq\\Mini_ctrl_brd_zynq\\Mini_ctrl_brd_zynq.sdk\\webtalk
# webtalk_register_client -client project
# webtalk_add_data -client project -key date_generated -value "2025-04-25 11:52:08" -context "software_version_and_target_device"
# webtalk_add_data -client project -key product_version -value "SDK v2018.3" -context "software_version_and_target_device"
# webtalk_add_data -client project -key build_version -value "2018.3" -context "software_version_and_target_device"
# webtalk_add_data -client project -key os_platform -value "amd64" -context "software_version_and_target_device"
# webtalk_add_data -client project -key registration_id -value "" -context "software_version_and_target_device"
# webtalk_add_data -client project -key tool_flow -value "SDK" -context "software_version_and_target_device"
# webtalk_add_data -client project -key beta -value "false" -context "software_version_and_target_device"
# webtalk_add_data -client project -key route_design -value "NA" -context "software_version_and_target_device"
# webtalk_add_data -client project -key target_family -value "NA" -context "software_version_and_target_device"
# webtalk_add_data -client project -key target_device -value "NA" -context "software_version_and_target_device"
# webtalk_add_data -client project -key target_package -value "NA" -context "software_version_and_target_device"
# webtalk_add_data -client project -key target_speed -value "NA" -context "software_version_and_target_device"
# webtalk_add_data -client project -key random_id -value "icmfaeanbsgik4la12rg09l2e8" -context "software_version_and_target_device"
# webtalk_add_data -client project -key project_id -value "2018.3_53" -context "software_version_and_target_device"
# webtalk_add_data -client project -key project_iteration -value "53" -context "software_version_and_target_device"
# webtalk_add_data -client project -key os_name -value "Microsoft Windows 8 or later , 64-bit" -context "user_environment"
# webtalk_add_data -client project -key os_release -value "major release  (build 9200)" -context "user_environment"
# webtalk_add_data -client project -key cpu_name -value "Intel(R) Core(TM) i7-14700KF" -context "user_environment"
# webtalk_add_data -client project -key cpu_speed -value "3418 MHz" -context "user_environment"
# webtalk_add_data -client project -key total_processors -value "1" -context "user_environment"
# webtalk_add_data -client project -key system_ram -value "34.164 GB" -context "user_environment"
# webtalk_register_client -client sdk
# webtalk_add_data -client sdk -key uid -value "1745545411076" -context "sdk\\\\bsp/1745545411076"
# webtalk_add_data -client sdk -key hwid -value "1744768936375" -context "sdk\\\\bsp/1745545411076"
# webtalk_add_data -client sdk -key os -value "standalone" -context "sdk\\\\bsp/1745545411076"
# webtalk_add_data -client sdk -key apptemplate -value "hello_world" -context "sdk\\\\bsp/1745545411076"
# webtalk_add_data -client sdk -key RecordType -value "BSPCreation" -context "sdk\\\\bsp/1745545411076"
# webtalk_add_data -client sdk -key uid -value "1745545411738" -context "sdk\\\\application/1745545411738"
# webtalk_add_data -client sdk -key hwid -value "1744768936375" -context "sdk\\\\application/1745545411738"
# webtalk_add_data -client sdk -key bspid -value "1745545411076" -context "sdk\\\\application/1745545411738"
# webtalk_add_data -client sdk -key newbsp -value "true" -context "sdk\\\\application/1745545411738"
# webtalk_add_data -client sdk -key os -value "standalone" -context "sdk\\\\application/1745545411738"
# webtalk_add_data -client sdk -key apptemplate -value "hello_world" -context "sdk\\\\application/1745545411738"
# webtalk_add_data -client sdk -key RecordType -value "APPCreation" -context "sdk\\\\application/1745545411738"
# webtalk_add_data -client sdk -key LangUsed -value "C" -context "sdk\\\\application/1745545411738"
# webtalk_add_data -client sdk -key Procused -value "ps7_cortexa9" -context "sdk\\\\application/1745545411738"
# webtalk_add_data -client sdk -key uid -value "1745546022042" -context "sdk\\\\application/1745546022042"
# webtalk_add_data -client sdk -key hwid -value "1744768936375" -context "sdk\\\\application/1745546022042"
# webtalk_add_data -client sdk -key bspid -value "1744768998608" -context "sdk\\\\application/1745546022042"
# webtalk_add_data -client sdk -key newbsp -value "false" -context "sdk\\\\application/1745546022042"
# webtalk_add_data -client sdk -key os -value "freertos10_xilinx" -context "sdk\\\\application/1745546022042"
# webtalk_add_data -client sdk -key apptemplate -value "empty_application" -context "sdk\\\\application/1745546022042"
# webtalk_add_data -client sdk -key RecordType -value "APPCreation" -context "sdk\\\\application/1745546022042"
# webtalk_add_data -client sdk -key LangUsed -value "C" -context "sdk\\\\application/1745546022042"
# webtalk_add_data -client sdk -key Procused -value "ps7_cortexa9" -context "sdk\\\\application/1745546022042"
# webtalk_add_data -client sdk -key uid -value "1745546862766" -context "sdk\\\\bsp/1745546862766"
# webtalk_add_data -client sdk -key hwid -value "1744768936375" -context "sdk\\\\bsp/1745546862766"
# webtalk_add_data -client sdk -key os -value "freertos10_xilinx" -context "sdk\\\\bsp/1745546862766"
# webtalk_add_data -client sdk -key apptemplate -value "empty_application" -context "sdk\\\\bsp/1745546862766"
# webtalk_add_data -client sdk -key RecordType -value "BSPCreation" -context "sdk\\\\bsp/1745546862766"
# webtalk_add_data -client sdk -key uid -value "1745546863479" -context "sdk\\\\application/1745546863479"
# webtalk_add_data -client sdk -key hwid -value "1744768936375" -context "sdk\\\\application/1745546863479"
# webtalk_add_data -client sdk -key bspid -value "1745546862766" -context "sdk\\\\application/1745546863479"
# webtalk_add_data -client sdk -key newbsp -value "true" -context "sdk\\\\application/1745546863479"
# webtalk_add_data -client sdk -key os -value "freertos10_xilinx" -context "sdk\\\\application/1745546863479"
# webtalk_add_data -client sdk -key apptemplate -value "empty_application" -context "sdk\\\\application/1745546863479"
# webtalk_add_data -client sdk -key RecordType -value "APPCreation" -context "sdk\\\\application/1745546863479"
# webtalk_add_data -client sdk -key LangUsed -value "C" -context "sdk\\\\application/1745546863479"
# webtalk_add_data -client sdk -key Procused -value "ps7_cortexa9" -context "sdk\\\\application/1745546863479"
# webtalk_add_data -client sdk -key projSize -value "1463.84375" -context "sdk\\\\application/1745546863479"
# webtalk_add_data -client sdk -key uid -value "NA" -context "sdk\\\\bsp/1745553128768"
# webtalk_add_data -client sdk -key RecordType -value "ToolUsage" -context "sdk\\\\bsp/1745553128768"
# webtalk_add_data -client sdk -key BootgenCount -value "0" -context "sdk\\\\bsp/1745553128768"
# webtalk_add_data -client sdk -key DebugCount -value "27" -context "sdk\\\\bsp/1745553128768"
# webtalk_add_data -client sdk -key PerfCount -value "0" -context "sdk\\\\bsp/1745553128768"
# webtalk_add_data -client sdk -key FlashCount -value "0" -context "sdk\\\\bsp/1745553128768"
# webtalk_add_data -client sdk -key CrossTriggCount -value "0" -context "sdk\\\\bsp/1745553128768"
# webtalk_add_data -client sdk -key QemuDebugCount -value "0" -context "sdk\\\\bsp/1745553128768"
# webtalk_transmit -clientid 3708606275 -regid "" -xml D:\\ASUS-PC\\Desktop\\temporary\\Mini_ctrl_brd_zynq\\Mini_ctrl_brd_zynq\\Mini_ctrl_brd_zynq.sdk\\webtalk\\usage_statistics_ext_sdk.xml -html D:\\ASUS-PC\\Desktop\\temporary\\Mini_ctrl_brd_zynq\\Mini_ctrl_brd_zynq\\Mini_ctrl_brd_zynq.sdk\\webtalk\\usage_statistics_ext_sdk.html -wdm D:\\ASUS-PC\\Desktop\\temporary\\Mini_ctrl_brd_zynq\\Mini_ctrl_brd_zynq\\Mini_ctrl_brd_zynq.sdk\\webtalk\\sdk_webtalk.wdm -intro "<H3>SDK Usage Report</H3><BR>"
webtalk_transmit: Time (s): cpu = 00:00:00 ; elapsed = 00:00:12 . Memory (MB): peak = 82.734 ; gain = 0.000
# webtalk_terminate
INFO: [Common 17-206] Exiting Webtalk at Fri Apr 25 11:52:22 2025...
