#-----------------------------------------------------------
# Vivado v2021.1.1 (64-bit)
# SW Build 3286242 on Wed Jul 28 13:10:47 MDT 2021
# IP Build 3279568 on Wed Jul 28 16:48:48 MDT 2021
# Start of session at: Fri Oct 24 10:20:29 2025
# Process ID: 242404
# Current directory: D:/ASUS-PC/Desktop/temporary/Mini_ctrl_brd_zynq
# Command line: vivado.exe -gui_launcher_event rodinguilauncherevent243852 D:\ASUS-PC\Desktop\temporary\Mini_ctrl_brd_zynq\Mini_ctrl_brd_zynq.xpr
# Log file: D:/ASUS-PC/Desktop/temporary/Mini_ctrl_brd_zynq/vivado.log
# Journal file: D:/ASUS-PC/Desktop/temporary/Mini_ctrl_brd_zynq\vivado.jou
#-----------------------------------------------------------
start_gui
open_project D:/ASUS-PC/Desktop/temporary/Mini_ctrl_brd_zynq/Mini_ctrl_brd_zynq.xpr
Scanning sources...
Finished scanning sources
INFO: [IP_Flow 19-234] Refreshing IP repositories
INFO: [IP_Flow 19-1700] Loaded user IP repository 'd:/ASUS-PC/Desktop/temporary/Mini_ctrl_brd_zynq/ip_repo'.
INFO: [IP_Flow 19-2313] Loaded Vivado IP repository 'E:/Xilinx2021/Vivado/2021.1/data/ip'.
open_project: Time (s): cpu = 00:00:07 ; elapsed = 00:00:20 . Memory (MB): peak = 1278.512 ; gain = 0.000
open_bd_design {D:/ASUS-PC/Desktop/temporary/Mini_ctrl_brd_zynq/Mini_ctrl_brd_zynq.srcs/sources_1/bd/system/system.bd}
Reading block design file <D:/ASUS-PC/Desktop/temporary/Mini_ctrl_brd_zynq/Mini_ctrl_brd_zynq.srcs/sources_1/bd/system/system.bd>...
Adding component instance block -- xilinx.com:ip:processing_system7:5.5 - processing_system7_0
WARNING: [BD 41-176] The physical port 'M_AXI_GP0_aximm_wr_socket' specified in the portmap, is not found on the block! 
WARNING: [BD 41-176] The physical port 'M_AXI_GP0_aximm_rd_socket' specified in the portmap, is not found on the block! 
Adding component instance block -- xilinx.com:ip:proc_sys_reset:5.0 - rst_ps7_0_125M
Adding component instance block -- xilinx.com:ip:axi_interconnect:2.1 - ps7_0_axi_periph
Adding component instance block -- xilinx.com:ip:axi_protocol_converter:2.1 - auto_pc
Adding component instance block -- xilinx.com:user:Pro_FPGA_ctrl:1.0 - Pro_FPGA_ctrl_0
Successfully read diagram <system> from block design file <D:/ASUS-PC/Desktop/temporary/Mini_ctrl_brd_zynq/Mini_ctrl_brd_zynq.srcs/sources_1/bd/system/system.bd>
update_compile_order -fileset sources_1
ipx::edit_ip_in_project -upgrade true -name Pro_FPGA_ctrl_v1_0_project -directory D:/ASUS-PC/Desktop/temporary/Mini_ctrl_brd_zynq/Mini_ctrl_brd_zynq.tmp/Pro_FPGA_ctrl_v1_0_project d:/ASUS-PC/Desktop/temporary/Mini_ctrl_brd_zynq/ip_repo/Pro_FPGA_ctrl_1.0/component.xml
INFO: [ProjectBase 1-489] The host OS only allows 260 characters in a normal path. The project is stored in a path with more than 80 characters. If you experience issues with IP, Block Designs, or files not being found, please consider moving the project to a location with a shorter path. Alternately consider using the OS subst command to map part of the path to a drive letter.
Current project path is 'd:/asus-pc/desktop/temporary/mini_ctrl_brd_zynq/mini_ctrl_brd_zynq.tmp/pro_fpga_ctrl_v1_0_project'
INFO: [IP_Flow 19-234] Refreshing IP repositories
INFO: [IP_Flow 19-1704] No user IP repositories specified
INFO: [IP_Flow 19-2313] Loaded Vivado IP repository 'E:/Xilinx2021/Vivado/2021.1/data/ip'.
INFO: [IP_Flow 19-234] Refreshing IP repositories
INFO: [IP_Flow 19-1700] Loaded user IP repository 'd:/ASUS-PC/Desktop/temporary/Mini_ctrl_brd_zynq/ip_repo'.
INFO: [IP_Flow 19-795] Syncing license key meta-data
ipx::edit_ip_in_project: Time (s): cpu = 00:00:08 ; elapsed = 00:00:05 . Memory (MB): peak = 1450.711 ; gain = 45.137
update_compile_order -fileset sources_1
set_property -dict [list CONFIG.PortBType {Unsigned}] [get_ips mult_gen_0]
generate_target all [get_files  d:/ASUS-PC/Desktop/temporary/Mini_ctrl_brd_zynq/ip_repo/Pro_FPGA_ctrl_1.0/src/mult_gen_0_1/mult_gen_0.xci]
INFO: [IP_Flow 19-1686] Generating 'Instantiation Template' target for IP 'Pro_FPGA_ctrl_v1_0_S00_AXI_inst/inst_TOP/inst_Biss_c/inst_mult_gen_0'...
INFO: [IP_Flow 19-1686] Generating 'Synthesis' target for IP 'Pro_FPGA_ctrl_v1_0_S00_AXI_inst/inst_TOP/inst_Biss_c/inst_mult_gen_0'...
INFO: [IP_Flow 19-1686] Generating 'Simulation' target for IP 'Pro_FPGA_ctrl_v1_0_S00_AXI_inst/inst_TOP/inst_Biss_c/inst_mult_gen_0'...
INFO: [IP_Flow 19-1686] Generating 'Change Log' target for IP 'Pro_FPGA_ctrl_v1_0_S00_AXI_inst/inst_TOP/inst_Biss_c/inst_mult_gen_0'...
export_ip_user_files -of_objects [get_files d:/ASUS-PC/Desktop/temporary/Mini_ctrl_brd_zynq/ip_repo/Pro_FPGA_ctrl_1.0/src/mult_gen_0_1/mult_gen_0.xci] -no_script -sync -force -quiet
export_simulation -of_objects [get_files d:/ASUS-PC/Desktop/temporary/Mini_ctrl_brd_zynq/ip_repo/Pro_FPGA_ctrl_1.0/src/mult_gen_0_1/mult_gen_0.xci] -directory d:/asus-pc/desktop/temporary/mini_ctrl_brd_zynq/mini_ctrl_brd_zynq.tmp/pro_fpga_ctrl_v1_0_project/Pro_FPGA_ctrl_v1_0_project.ip_user_files/sim_scripts -ip_user_files_dir d:/asus-pc/desktop/temporary/mini_ctrl_brd_zynq/mini_ctrl_brd_zynq.tmp/pro_fpga_ctrl_v1_0_project/Pro_FPGA_ctrl_v1_0_project.ip_user_files -ipstatic_source_dir d:/asus-pc/desktop/temporary/mini_ctrl_brd_zynq/mini_ctrl_brd_zynq.tmp/pro_fpga_ctrl_v1_0_project/Pro_FPGA_ctrl_v1_0_project.ip_user_files/ipstatic -lib_map_path [list {modelsim=d:/asus-pc/desktop/temporary/mini_ctrl_brd_zynq/mini_ctrl_brd_zynq.tmp/pro_fpga_ctrl_v1_0_project/Pro_FPGA_ctrl_v1_0_project.cache/compile_simlib/modelsim} {questa=d:/asus-pc/desktop/temporary/mini_ctrl_brd_zynq/mini_ctrl_brd_zynq.tmp/pro_fpga_ctrl_v1_0_project/Pro_FPGA_ctrl_v1_0_project.cache/compile_simlib/questa} {riviera=d:/asus-pc/desktop/temporary/mini_ctrl_brd_zynq/mini_ctrl_brd_zynq.tmp/pro_fpga_ctrl_v1_0_project/Pro_FPGA_ctrl_v1_0_project.cache/compile_simlib/riviera} {activehdl=d:/asus-pc/desktop/temporary/mini_ctrl_brd_zynq/mini_ctrl_brd_zynq.tmp/pro_fpga_ctrl_v1_0_project/Pro_FPGA_ctrl_v1_0_project.cache/compile_simlib/activehdl}] -use_ip_compiled_libs -force -quiet
ipx::merge_project_changes files [ipx::current_core]
WARNING: [IP_Flow 19-5226] Project source file 'd:/ASUS-PC/Desktop/temporary/Mini_ctrl_brd_zynq/ip_repo/Pro_FPGA_ctrl_1.0/component.xml' ignored by IP packager.
ipx::update_checksums [ipx::current_core]
ipx::save_core [ipx::current_core]
set_property core_revision 11 [ipx::current_core]
ipx::update_source_project_archive -component [ipx::current_core]
ipx::create_xgui_files [ipx::current_core]
ipx::update_checksums [ipx::current_core]
ipx::check_integrity [ipx::current_core]
INFO: [IP_Flow 19-2181] Payment Required is not set for this core.
INFO: [IP_Flow 19-2187] The Product Guide file is missing.
INFO: [Ipptcl 7-1486] check_integrity: Integrity check passed.
ipx::save_core [ipx::current_core]
ipx::move_temp_component_back -component [ipx::current_core]
close_project -delete
update_ip_catalog -rebuild -repo_path d:/ASUS-PC/Desktop/temporary/Mini_ctrl_brd_zynq/ip_repo
INFO: [IP_Flow 19-725] Reloaded user IP repository 'd:/ASUS-PC/Desktop/temporary/Mini_ctrl_brd_zynq/ip_repo'
report_ip_status -name ip_status 
upgrade_ip -vlnv xilinx.com:user:Pro_FPGA_ctrl:1.0 [get_ips  system_Pro_FPGA_ctrl_0_2] -log ip_upgrade.log
Upgrading 'D:/ASUS-PC/Desktop/temporary/Mini_ctrl_brd_zynq/Mini_ctrl_brd_zynq.srcs/sources_1/bd/system/system.bd'
WARNING: [Vivado 12-1017] Problems encountered:
1. Failed to delete one or more files in run directory D:/ASUS-PC/Desktop/temporary/Mini_ctrl_brd_zynq/Mini_ctrl_brd_zynq.runs/system_Pro_FPGA_ctrl_0_2_synth_1

INFO: [IP_Flow 19-3422] Upgraded system_Pro_FPGA_ctrl_0_2 (Pro_FPGA_ctrl_v1.0 1.0) from revision 10 to revision 11
Wrote  : <D:\ASUS-PC\Desktop\temporary\Mini_ctrl_brd_zynq\Mini_ctrl_brd_zynq.srcs\sources_1\bd\system\system.bd> 
INFO: [Coretcl 2-1525] Wrote upgrade log to 'D:/ASUS-PC/Desktop/temporary/Mini_ctrl_brd_zynq/ip_upgrade.log'.
export_ip_user_files -of_objects [get_ips system_Pro_FPGA_ctrl_0_2] -no_script -sync -force -quiet
generate_target all [get_files  D:/ASUS-PC/Desktop/temporary/Mini_ctrl_brd_zynq/Mini_ctrl_brd_zynq.srcs/sources_1/bd/system/system.bd]
Wrote  : <D:\ASUS-PC\Desktop\temporary\Mini_ctrl_brd_zynq\Mini_ctrl_brd_zynq.srcs\sources_1\bd\system\system.bd> 
VHDL Output written to : d:/ASUS-PC/Desktop/temporary/Mini_ctrl_brd_zynq/Mini_ctrl_brd_zynq.gen/sources_1/bd/system/synth/system.vhd
VHDL Output written to : d:/ASUS-PC/Desktop/temporary/Mini_ctrl_brd_zynq/Mini_ctrl_brd_zynq.gen/sources_1/bd/system/sim/system.vhd
VHDL Output written to : d:/ASUS-PC/Desktop/temporary/Mini_ctrl_brd_zynq/Mini_ctrl_brd_zynq.gen/sources_1/bd/system/hdl/system_wrapper.vhd
INFO: [BD 41-1029] Generation completed for the IP Integrator block Pro_FPGA_ctrl_0 .
WARNING: [IP_Flow 19-4994] Overwriting existing constraint file 'd:/ASUS-PC/Desktop/temporary/Mini_ctrl_brd_zynq/Mini_ctrl_brd_zynq.gen/sources_1/bd/system/ip/system_auto_pc_0/system_auto_pc_0_ooc.xdc'
INFO: [BD 41-1029] Generation completed for the IP Integrator block ps7_0_axi_periph/s00_couplers/auto_pc .
Exporting to file d:/ASUS-PC/Desktop/temporary/Mini_ctrl_brd_zynq/Mini_ctrl_brd_zynq.gen/sources_1/bd/system/hw_handoff/system.hwh
Generated Block Design Tcl file d:/ASUS-PC/Desktop/temporary/Mini_ctrl_brd_zynq/Mini_ctrl_brd_zynq.gen/sources_1/bd/system/hw_handoff/system_bd.tcl
Generated Hardware Definition File d:/ASUS-PC/Desktop/temporary/Mini_ctrl_brd_zynq/Mini_ctrl_brd_zynq.gen/sources_1/bd/system/synth/system.hwdef
catch { config_ip_cache -export [get_ips -all system_Pro_FPGA_ctrl_0_2] }
catch { config_ip_cache -export [get_ips -all system_auto_pc_0] }
export_ip_user_files -of_objects [get_files D:/ASUS-PC/Desktop/temporary/Mini_ctrl_brd_zynq/Mini_ctrl_brd_zynq.srcs/sources_1/bd/system/system.bd] -no_script -sync -force -quiet
create_ip_run [get_files -of_objects [get_fileset sources_1] D:/ASUS-PC/Desktop/temporary/Mini_ctrl_brd_zynq/Mini_ctrl_brd_zynq.srcs/sources_1/bd/system/system.bd]
launch_runs system_Pro_FPGA_ctrl_0_2_synth_1 system_auto_pc_0_synth_1 -jobs 14
[Fri Oct 24 10:23:50 2025] Launched system_Pro_FPGA_ctrl_0_2_synth_1, system_auto_pc_0_synth_1...
Run output will be captured here:
system_Pro_FPGA_ctrl_0_2_synth_1: D:/ASUS-PC/Desktop/temporary/Mini_ctrl_brd_zynq/Mini_ctrl_brd_zynq.runs/system_Pro_FPGA_ctrl_0_2_synth_1/runme.log
system_auto_pc_0_synth_1: D:/ASUS-PC/Desktop/temporary/Mini_ctrl_brd_zynq/Mini_ctrl_brd_zynq.runs/system_auto_pc_0_synth_1/runme.log
export_simulation -of_objects [get_files D:/ASUS-PC/Desktop/temporary/Mini_ctrl_brd_zynq/Mini_ctrl_brd_zynq.srcs/sources_1/bd/system/system.bd] -directory D:/ASUS-PC/Desktop/temporary/Mini_ctrl_brd_zynq/Mini_ctrl_brd_zynq.ip_user_files/sim_scripts -ip_user_files_dir D:/ASUS-PC/Desktop/temporary/Mini_ctrl_brd_zynq/Mini_ctrl_brd_zynq.ip_user_files -ipstatic_source_dir D:/ASUS-PC/Desktop/temporary/Mini_ctrl_brd_zynq/Mini_ctrl_brd_zynq.ip_user_files/ipstatic -lib_map_path [list {modelsim=D:/ASUS-PC/Desktop/temporary/Mini_ctrl_brd_zynq/Mini_ctrl_brd_zynq.cache/compile_simlib/modelsim} {questa=D:/ASUS-PC/Desktop/temporary/Mini_ctrl_brd_zynq/Mini_ctrl_brd_zynq.cache/compile_simlib/questa} {riviera=D:/ASUS-PC/Desktop/temporary/Mini_ctrl_brd_zynq/Mini_ctrl_brd_zynq.cache/compile_simlib/riviera} {activehdl=D:/ASUS-PC/Desktop/temporary/Mini_ctrl_brd_zynq/Mini_ctrl_brd_zynq.cache/compile_simlib/activehdl}] -use_ip_compiled_libs -force -quiet
report_ip_status -name ip_status 
open_bd_design {D:/ASUS-PC/Desktop/temporary/Mini_ctrl_brd_zynq/Mini_ctrl_brd_zynq.srcs/sources_1/bd/system/system.bd}
generate_target all [get_files  D:/ASUS-PC/Desktop/temporary/Mini_ctrl_brd_zynq/Mini_ctrl_brd_zynq.srcs/sources_1/bd/system/system.bd]
INFO: [BD 41-1637] Generated targets are already up-to-date for block design 'system' - hence not re-generating.
catch { config_ip_cache -export [get_ips -all system_Pro_FPGA_ctrl_0_2] }
catch { config_ip_cache -export [get_ips -all system_auto_pc_0] }
export_ip_user_files -of_objects [get_files D:/ASUS-PC/Desktop/temporary/Mini_ctrl_brd_zynq/Mini_ctrl_brd_zynq.srcs/sources_1/bd/system/system.bd] -no_script -sync -force -quiet
create_ip_run [get_files -of_objects [get_fileset sources_1] D:/ASUS-PC/Desktop/temporary/Mini_ctrl_brd_zynq/Mini_ctrl_brd_zynq.srcs/sources_1/bd/system/system.bd]
launch_runs system_Pro_FPGA_ctrl_0_2_synth_1 system_auto_pc_0_synth_1 -jobs 14
[Fri Oct 24 10:24:08 2025] Launched system_Pro_FPGA_ctrl_0_2_synth_1, system_auto_pc_0_synth_1...
Run output will be captured here:
system_Pro_FPGA_ctrl_0_2_synth_1: D:/ASUS-PC/Desktop/temporary/Mini_ctrl_brd_zynq/Mini_ctrl_brd_zynq.runs/system_Pro_FPGA_ctrl_0_2_synth_1/runme.log
system_auto_pc_0_synth_1: D:/ASUS-PC/Desktop/temporary/Mini_ctrl_brd_zynq/Mini_ctrl_brd_zynq.runs/system_auto_pc_0_synth_1/runme.log
export_simulation -of_objects [get_files D:/ASUS-PC/Desktop/temporary/Mini_ctrl_brd_zynq/Mini_ctrl_brd_zynq.srcs/sources_1/bd/system/system.bd] -directory D:/ASUS-PC/Desktop/temporary/Mini_ctrl_brd_zynq/Mini_ctrl_brd_zynq.ip_user_files/sim_scripts -ip_user_files_dir D:/ASUS-PC/Desktop/temporary/Mini_ctrl_brd_zynq/Mini_ctrl_brd_zynq.ip_user_files -ipstatic_source_dir D:/ASUS-PC/Desktop/temporary/Mini_ctrl_brd_zynq/Mini_ctrl_brd_zynq.ip_user_files/ipstatic -lib_map_path [list {modelsim=D:/ASUS-PC/Desktop/temporary/Mini_ctrl_brd_zynq/Mini_ctrl_brd_zynq.cache/compile_simlib/modelsim} {questa=D:/ASUS-PC/Desktop/temporary/Mini_ctrl_brd_zynq/Mini_ctrl_brd_zynq.cache/compile_simlib/questa} {riviera=D:/ASUS-PC/Desktop/temporary/Mini_ctrl_brd_zynq/Mini_ctrl_brd_zynq.cache/compile_simlib/riviera} {activehdl=D:/ASUS-PC/Desktop/temporary/Mini_ctrl_brd_zynq/Mini_ctrl_brd_zynq.cache/compile_simlib/activehdl}] -use_ip_compiled_libs -force -quiet
make_wrapper -files [get_files D:/ASUS-PC/Desktop/temporary/Mini_ctrl_brd_zynq/Mini_ctrl_brd_zynq.srcs/sources_1/bd/system/system.bd] -top
reset_run synth_1
WARNING: [Vivado 12-1017] Problems encountered:
1. Failed to delete one or more files in run directory D:/ASUS-PC/Desktop/temporary/Mini_ctrl_brd_zynq/Mini_ctrl_brd_zynq.runs/synth_1

launch_runs impl_1 -to_step write_bitstream -jobs 28
[Fri Oct 24 10:34:00 2025] Launched synth_1...
Run output will be captured here: D:/ASUS-PC/Desktop/temporary/Mini_ctrl_brd_zynq/Mini_ctrl_brd_zynq.runs/synth_1/runme.log
[Fri Oct 24 10:34:00 2025] Launched impl_1...
Run output will be captured here: D:/ASUS-PC/Desktop/temporary/Mini_ctrl_brd_zynq/Mini_ctrl_brd_zynq.runs/impl_1/runme.log
write_hw_platform -fixed -include_bit -force -file D:/ASUS-PC/Desktop/temporary/Mini_ctrl_brd_zynq/Vitis/system_wrapper.xsa
INFO: [Vivado 12-4895] Creating Hardware Platform: D:/ASUS-PC/Desktop/temporary/Mini_ctrl_brd_zynq/Vitis/system_wrapper.xsa ...
INFO: [Hsi 55-2053] elapsed time for repository (E:/Xilinx2021/Vivado/2021.1/data/embeddedsw) loading 0 seconds
ERROR: [Common 17-70] Application Exception: Unable to get BIT file from implementation run. Please ensure implementation has been run all the way through Bitstream generation. Aborting write_hw_platform..
write_hw_platform -fixed -include_bit -force -file D:/ASUS-PC/Desktop/temporary/Mini_ctrl_brd_zynq/Vitis/system_wrapper.xsa
INFO: [Vivado 12-4895] Creating Hardware Platform: D:/ASUS-PC/Desktop/temporary/Mini_ctrl_brd_zynq/Vitis/system_wrapper.xsa ...
INFO: [Vivado 12-12464] The Hardware Platform can be used for Hardware
INFO: [Vivado 12-4896] Successfully created Hardware Platform: D:/ASUS-PC/Desktop/temporary/Mini_ctrl_brd_zynq/Vitis/system_wrapper.xsa
INFO: [Vivado 12-8231] Launching Vitis
INFO: [Vivado 12-417] Running vitis
INFO: [Vivado 12-8232] Vitis launch initiated. Please check console for any further messages.
exit
INFO: [Common 17-206] Exiting Vivado at Fri Oct 24 11:11:05 2025...
